Timing Violation Report Max Delay Analysis

SmartTime Version v11.9 SP1
Microsemi Corporation - Microsemi Libero Software Release v11.9 SP1 (Version 11.9.1.0)
Date: Fri Nov 23 23:19:41 2018


Design: creative
Family: SmartFusion2
Die: M2S025
Package: 256 VF
Temperature Range: 0 - 85 C
Voltage Range: 1.14 - 1.26 V
Speed Grade: -1
Design State: Post-Layout
Data source: Production
Min Operating Conditions: BEST - 1.26 V - 0 C
Max Operating Conditions: WORST - 1.14 V - 85 C
Scenario for Timing Analysis: timing_analysis


Path 1
  From:                  Reindeer_0/PulseRain_RV2T_MCU_i.PulseRain_RV2T_core_i.RV2T_controller_i.current_state[1]:CLK
  To:                    Reindeer_0/PulseRain_RV2T_MCU_i.PulseRain_RV2T_core_i.RV2T_execution_unit_i.X_ret:D
  Delay (ns):            9.880                                                                           
  Slack (ns):            -3.912                                                                          
  Arrival (ns):          13.475                                                                          
  Required (ns):         9.563                                                                           

Path 2
  From:                  Reindeer_0/PulseRain_RV2T_MCU_i.PulseRain_RV2T_core_i.RV2T_controller_i.current_state[1]:CLK
  To:                    Reindeer_0/PulseRain_RV2T_MCU_i.PulseRain_RV2T_core_i.RV2T_execution_unit_i.Y_ret_0:D
  Delay (ns):            9.373                                                                           
  Slack (ns):            -3.422                                                                          
  Arrival (ns):          12.968                                                                          
  Required (ns):         9.546                                                                           

Path 3
  From:                  Reindeer_0/PulseRain_RV2T_MCU_i.PulseRain_RV2T_core_i.RV2T_fetch_instruction_i.read_mem_addr_ret_0[1]:CLK
  To:                    Reindeer_0/PulseRain_RV2T_MCU_i.ram_low_i.gen_if_proc.gen_for_proc[1].ram_8bit_1st.mem_mem_0_2/INST_RAM1K18_IP:A_WEN[0]
  Delay (ns):            9.193                                                                           
  Slack (ns):            -3.313                                                                          
  Arrival (ns):          12.785                                                                          
  Required (ns):         9.472                                                                           

Path 4
  From:                  Reindeer_0/PulseRain_RV2T_MCU_i.PulseRain_RV2T_core_i.RV2T_controller_i.current_state[1]:CLK
  To:                    Reindeer_0/PulseRain_RV2T_MCU_i.PulseRain_RV2T_core_i.RV2T_execution_unit_i.X_ret_1:D
  Delay (ns):            9.128                                                                           
  Slack (ns):            -3.170                                                                          
  Arrival (ns):          12.723                                                                          
  Required (ns):         9.553                                                                           

Path 5
  From:                  Reindeer_0/PulseRain_RV2T_MCU_i.PulseRain_RV2T_core_i.RV2T_controller_i.current_state[1]:CLK
  To:                    Reindeer_0/PulseRain_RV2T_MCU_i.PulseRain_RV2T_core_i.RV2T_execution_unit_i.X_ret_3:D
  Delay (ns):            9.125                                                                           
  Slack (ns):            -3.167                                                                          
  Arrival (ns):          12.720                                                                          
  Required (ns):         9.553                                                                           

Path 6
  From:                  Reindeer_0/PulseRain_RV2T_MCU_i.PulseRain_RV2T_core_i.RV2T_controller_i.current_state[1]:CLK
  To:                    Reindeer_0/PulseRain_RV2T_MCU_i.PulseRain_RV2T_core_i.RV2T_execution_unit_i.X_ret_6:D
  Delay (ns):            9.085                                                                           
  Slack (ns):            -3.137                                                                          
  Arrival (ns):          12.680                                                                          
  Required (ns):         9.543                                                                           

Path 7
  From:                  Reindeer_0/PulseRain_RV2T_MCU_i.PulseRain_RV2T_core_i.RV2T_fetch_instruction_i.read_mem_addr_ret_0[2]:CLK
  To:                    Reindeer_0/PulseRain_RV2T_MCU_i.ram_low_i.gen_if_proc.gen_for_proc[1].ram_8bit_1st.mem_mem_0_2/INST_RAM1K18_IP:A_WEN[0]
  Delay (ns):            9.028                                                                           
  Slack (ns):            -3.137                                                                          
  Arrival (ns):          12.609                                                                          
  Required (ns):         9.472                                                                           

Path 8
  From:                  Reindeer_0/PulseRain_RV2T_MCU_i.PulseRain_RV2T_core_i.RV2T_fetch_instruction_i.read_mem_addr_ret_0[1]:CLK
  To:                    Reindeer_0/PulseRain_RV2T_MCU_i.ram_low_i.gen_if_proc.gen_for_proc[1].ram_8bit_1st.mem_mem_0_3/INST_RAM1K18_IP:A_WEN[0]
  Delay (ns):            8.998                                                                           
  Slack (ns):            -3.121                                                                          
  Arrival (ns):          12.590                                                                          
  Required (ns):         9.469                                                                           

Path 9
  From:                  Reindeer_0/PulseRain_RV2T_MCU_i.PulseRain_RV2T_core_i.RV2T_controller_i.current_state[1]:CLK
  To:                    Reindeer_0/PulseRain_RV2T_MCU_i.PulseRain_RV2T_core_i.RV2T_execution_unit_i.X_ret_4:D
  Delay (ns):            9.068                                                                           
  Slack (ns):            -3.120                                                                          
  Arrival (ns):          12.663                                                                          
  Required (ns):         9.543                                                                           

Path 10
  From:                  Reindeer_0/PulseRain_RV2T_MCU_i.PulseRain_RV2T_core_i.RV2T_controller_i.current_state[1]:CLK
  To:                    Reindeer_0/PulseRain_RV2T_MCU_i.PulseRain_RV2T_core_i.RV2T_execution_unit_i.X_ret_0:D
  Delay (ns):            8.997                                                                           
  Slack (ns):            -3.085                                                                          
  Arrival (ns):          12.592                                                                          
  Required (ns):         9.507                                                                           

Path 11
  From:                  Reindeer_0/PulseRain_RV2T_MCU_i.PulseRain_RV2T_core_i.RV2T_controller_i.current_state[1]:CLK
  To:                    Reindeer_0/PulseRain_RV2T_MCU_i.PulseRain_RV2T_core_i.RV2T_execution_unit_i.X_ret_9:D
  Delay (ns):            9.051                                                                           
  Slack (ns):            -3.084                                                                          
  Arrival (ns):          12.646                                                                          
  Required (ns):         9.562                                                                           

Path 12
  From:                  Reindeer_0/PulseRain_RV2T_MCU_i.PulseRain_RV2T_core_i.RV2T_controller_i.current_state[1]:CLK
  To:                    Reindeer_0/PulseRain_RV2T_MCU_i.PulseRain_RV2T_core_i.RV2T_execution_unit_i.X_ret_7:D
  Delay (ns):            9.024                                                                           
  Slack (ns):            -3.066                                                                          
  Arrival (ns):          12.619                                                                          
  Required (ns):         9.553                                                                           

Path 13
  From:                  Reindeer_0/PulseRain_RV2T_MCU_i.PulseRain_RV2T_core_i.RV2T_controller_i.current_state[1]:CLK
  To:                    Reindeer_0/PulseRain_RV2T_MCU_i.PulseRain_RV2T_core_i.RV2T_execution_unit_i.X_ret_2:D
  Delay (ns):            9.008                                                                           
  Slack (ns):            -3.060                                                                          
  Arrival (ns):          12.603                                                                          
  Required (ns):         9.543                                                                           

Path 14
  From:                  Reindeer_0/PulseRain_RV2T_MCU_i.PulseRain_RV2T_core_i.RV2T_controller_i.current_state[1]:CLK
  To:                    Reindeer_0/PulseRain_RV2T_MCU_i.PulseRain_RV2T_core_i.RV2T_execution_unit_i.X_ret_12:D
  Delay (ns):            9.005                                                                           
  Slack (ns):            -3.050                                                                          
  Arrival (ns):          12.600                                                                          
  Required (ns):         9.550                                                                           

Path 15
  From:                  Reindeer_0/PulseRain_RV2T_MCU_i.PulseRain_RV2T_core_i.RV2T_controller_i.current_state[1]:CLK
  To:                    Reindeer_0/PulseRain_RV2T_MCU_i.PulseRain_RV2T_core_i.RV2T_execution_unit_i.X_ret_10:D
  Delay (ns):            8.992                                                                           
  Slack (ns):            -3.037                                                                          
  Arrival (ns):          12.587                                                                          
  Required (ns):         9.550                                                                           

Path 16
  From:                  Reindeer_0/PulseRain_RV2T_MCU_i.PulseRain_RV2T_core_i.RV2T_controller_i.current_state[1]:CLK
  To:                    Reindeer_0/PulseRain_RV2T_MCU_i.PulseRain_RV2T_core_i.RV2T_execution_unit_i.X_ret_5:D
  Delay (ns):            8.993                                                                           
  Slack (ns):            -3.035                                                                          
  Arrival (ns):          12.588                                                                          
  Required (ns):         9.553                                                                           

Path 17
  From:                  Reindeer_0/PulseRain_RV2T_MCU_i.PulseRain_RV2T_core_i.RV2T_fetch_instruction_i.read_mem_addr_ret_2:CLK
  To:                    Reindeer_0/PulseRain_RV2T_MCU_i.ram_low_i.gen_if_proc.gen_for_proc[1].ram_8bit_1st.mem_mem_0_2/INST_RAM1K18_IP:A_WEN[0]
  Delay (ns):            8.899                                                                           
  Slack (ns):            -3.008                                                                          
  Arrival (ns):          12.480                                                                          
  Required (ns):         9.472                                                                           

Path 18
  From:                  Reindeer_0/PulseRain_RV2T_MCU_i.PulseRain_RV2T_core_i.RV2T_controller_i.current_state[1]:CLK
  To:                    Reindeer_0/PulseRain_RV2T_MCU_i.PulseRain_RV2T_core_i.RV2T_execution_unit_i.X_ret_8:D
  Delay (ns):            8.950                                                                           
  Slack (ns):            -3.002                                                                          
  Arrival (ns):          12.545                                                                          
  Required (ns):         9.543                                                                           

Path 19
  From:                  Reindeer_0/PulseRain_RV2T_MCU_i.PulseRain_RV2T_core_i.RV2T_controller_i.current_state[1]:CLK
  To:                    Reindeer_0/PulseRain_RV2T_MCU_i.PulseRain_RV2T_core_i.RV2T_execution_unit_i.X_ret_13:D
  Delay (ns):            8.942                                                                           
  Slack (ns):            -2.976                                                                          
  Arrival (ns):          12.537                                                                          
  Required (ns):         9.561                                                                           

Path 20
  From:                  Reindeer_0/PulseRain_RV2T_MCU_i.PulseRain_RV2T_core_i.RV2T_controller_i.current_state[1]:CLK
  To:                    Reindeer_0/PulseRain_RV2T_MCU_i.PulseRain_RV2T_core_i.RV2T_execution_unit_i.X_ret_15:D
  Delay (ns):            8.940                                                                           
  Slack (ns):            -2.974                                                                          
  Arrival (ns):          12.535                                                                          
  Required (ns):         9.561                                                                           

Path 21
  From:                  Reindeer_0/PulseRain_RV2T_MCU_i.PulseRain_RV2T_core_i.RV2T_controller_i.current_state[1]:CLK
  To:                    Reindeer_0/PulseRain_RV2T_MCU_i.PulseRain_RV2T_core_i.RV2T_execution_unit_i.Y_ret_2:D
  Delay (ns):            8.936                                                                           
  Slack (ns):            -2.973                                                                          
  Arrival (ns):          12.531                                                                          
  Required (ns):         9.558                                                                           

Path 22
  From:                  Reindeer_0/PulseRain_RV2T_MCU_i.PulseRain_RV2T_core_i.RV2T_controller_i.current_state[1]:CLK
  To:                    Reindeer_0/PulseRain_RV2T_MCU_i.PulseRain_RV2T_core_i.RV2T_execution_unit_i.Y_ret_115:D
  Delay (ns):            8.895                                                                           
  Slack (ns):            -2.964                                                                          
  Arrival (ns):          12.490                                                                          
  Required (ns):         9.526                                                                           

Path 23
  From:                  Reindeer_0/PulseRain_RV2T_MCU_i.PulseRain_RV2T_core_i.RV2T_controller_i.current_state[1]:CLK
  To:                    Reindeer_0/PulseRain_RV2T_MCU_i.PulseRain_RV2T_core_i.RV2T_execution_unit_i.X_ret_18:D
  Delay (ns):            8.900                                                                           
  Slack (ns):            -2.945                                                                          
  Arrival (ns):          12.495                                                                          
  Required (ns):         9.550                                                                           

Path 24
  From:                  Reindeer_0/PulseRain_RV2T_MCU_i.PulseRain_RV2T_core_i.RV2T_controller_i.current_state[1]:CLK
  To:                    Reindeer_0/PulseRain_RV2T_MCU_i.PulseRain_RV2T_core_i.RV2T_execution_unit_i.Y_ret_5:D
  Delay (ns):            8.896                                                                           
  Slack (ns):            -2.945                                                                          
  Arrival (ns):          12.491                                                                          
  Required (ns):         9.546                                                                           

Path 25
  From:                  Reindeer_0/PulseRain_RV2T_MCU_i.PulseRain_RV2T_core_i.RV2T_fetch_instruction_i.read_mem_addr_ret_0[2]:CLK
  To:                    Reindeer_0/PulseRain_RV2T_MCU_i.ram_low_i.gen_if_proc.gen_for_proc[1].ram_8bit_1st.mem_mem_0_3/INST_RAM1K18_IP:A_WEN[0]
  Delay (ns):            8.833                                                                           
  Slack (ns):            -2.945                                                                          
  Arrival (ns):          12.414                                                                          
  Required (ns):         9.469                                                                           

Path 26
  From:                  Reindeer_0/PulseRain_RV2T_MCU_i.PulseRain_RV2T_core_i.RV2T_controller_i.current_state[1]:CLK
  To:                    Reindeer_0/PulseRain_RV2T_MCU_i.PulseRain_RV2T_core_i.RV2T_execution_unit_i.X_ret_11:D
  Delay (ns):            8.905                                                                           
  Slack (ns):            -2.939                                                                          
  Arrival (ns):          12.500                                                                          
  Required (ns):         9.561                                                                           

Path 27
  From:                  Reindeer_0/PulseRain_RV2T_MCU_i.PulseRain_RV2T_core_i.RV2T_controller_i.current_state[1]:CLK
  To:                    Reindeer_0/PulseRain_RV2T_MCU_i.PulseRain_RV2T_core_i.RV2T_execution_unit_i.X_ret_16:D
  Delay (ns):            8.883                                                                           
  Slack (ns):            -2.928                                                                          
  Arrival (ns):          12.478                                                                          
  Required (ns):         9.550                                                                           

Path 28
  From:                  Reindeer_0/PulseRain_RV2T_MCU_i.PulseRain_RV2T_core_i.RV2T_controller_i.current_state[1]:CLK
  To:                    Reindeer_0/PulseRain_RV2T_MCU_i.PulseRain_RV2T_core_i.RV2T_execution_unit_i.Y_ret_3:D
  Delay (ns):            8.879                                                                           
  Slack (ns):            -2.928                                                                          
  Arrival (ns):          12.474                                                                          
  Required (ns):         9.546                                                                           

Path 29
  From:                  Reindeer_0/PulseRain_RV2T_MCU_i.PulseRain_RV2T_core_i.RV2T_controller_i.current_state[1]:CLK
  To:                    Reindeer_0/PulseRain_RV2T_MCU_i.PulseRain_RV2T_core_i.RV2T_execution_unit_i.X_ret_21:D
  Delay (ns):            8.864                                                                           
  Slack (ns):            -2.897                                                                          
  Arrival (ns):          12.459                                                                          
  Required (ns):         9.562                                                                           

Path 30
  From:                  Reindeer_0/PulseRain_RV2T_MCU_i.PulseRain_RV2T_core_i.RV2T_controller_i.current_state[1]:CLK
  To:                    Reindeer_0/PulseRain_RV2T_MCU_i.PulseRain_RV2T_core_i.RV2T_execution_unit_i.Y_ret_8:D
  Delay (ns):            8.853                                                                           
  Slack (ns):            -2.886                                                                          
  Arrival (ns):          12.448                                                                          
  Required (ns):         9.562                                                                           

Path 31
  From:                  Reindeer_0/PulseRain_RV2T_MCU_i.PulseRain_RV2T_core_i.RV2T_controller_i.current_state[1]:CLK
  To:                    Reindeer_0/PulseRain_RV2T_MCU_i.PulseRain_RV2T_core_i.RV2T_execution_unit_i.X_ret_19:D
  Delay (ns):            8.839                                                                           
  Slack (ns):            -2.873                                                                          
  Arrival (ns):          12.434                                                                          
  Required (ns):         9.561                                                                           

Path 32
  From:                  Reindeer_0/PulseRain_RV2T_MCU_i.PulseRain_RV2T_core_i.RV2T_controller_i.current_state[1]:CLK
  To:                    Reindeer_0/PulseRain_RV2T_MCU_i.PulseRain_RV2T_core_i.RV2T_execution_unit_i.Y_ret_6:D
  Delay (ns):            8.835                                                                           
  Slack (ns):            -2.872                                                                          
  Arrival (ns):          12.430                                                                          
  Required (ns):         9.558                                                                           

Path 33
  From:                  Reindeer_0/PulseRain_RV2T_MCU_i.PulseRain_RV2T_core_i.RV2T_controller_i.current_state[1]:CLK
  To:                    Reindeer_0/PulseRain_RV2T_MCU_i.PulseRain_RV2T_core_i.RV2T_execution_unit_i.X_ret_14:D
  Delay (ns):            8.822                                                                           
  Slack (ns):            -2.867                                                                          
  Arrival (ns):          12.417                                                                          
  Required (ns):         9.550                                                                           

Path 34
  From:                  Reindeer_0/PulseRain_RV2T_MCU_i.PulseRain_RV2T_core_i.RV2T_controller_i.current_state[1]:CLK
  To:                    Reindeer_0/PulseRain_RV2T_MCU_i.PulseRain_RV2T_core_i.RV2T_execution_unit_i.X_ret_24:D
  Delay (ns):            8.818                                                                           
  Slack (ns):            -2.863                                                                          
  Arrival (ns):          12.413                                                                          
  Required (ns):         9.550                                                                           

Path 35
  From:                  Reindeer_0/PulseRain_RV2T_MCU_i.PulseRain_RV2T_core_i.RV2T_controller_i.current_state[1]:CLK
  To:                    Reindeer_0/PulseRain_RV2T_MCU_i.PulseRain_RV2T_core_i.RV2T_execution_unit_i.Y_ret_1:D
  Delay (ns):            8.810                                                                           
  Slack (ns):            -2.859                                                                          
  Arrival (ns):          12.405                                                                          
  Required (ns):         9.546                                                                           

Path 36
  From:                  Reindeer_0/PulseRain_RV2T_MCU_i.PulseRain_RV2T_core_i.RV2T_fetch_instruction_i.read_mem_addr_ret_0[1]:CLK
  To:                    Reindeer_0/PulseRain_RV2T_MCU_i.ram_high_i.gen_if_proc.gen_for_proc[0].ram_8bit_1st.mem_mem_0_3/INST_RAM1K18_IP:A_WEN[0]
  Delay (ns):            8.748                                                                           
  Slack (ns):            -2.859                                                                          
  Arrival (ns):          12.340                                                                          
  Required (ns):         9.481                                                                           

Path 37
  From:                  Reindeer_0/PulseRain_RV2T_MCU_i.PulseRain_RV2T_core_i.RV2T_controller_i.current_state[1]:CLK
  To:                    Reindeer_0/PulseRain_RV2T_MCU_i.PulseRain_RV2T_core_i.RV2T_execution_unit_i.Y_ret_11:D
  Delay (ns):            8.807                                                                           
  Slack (ns):            -2.851                                                                          
  Arrival (ns):          12.402                                                                          
  Required (ns):         9.551                                                                           

Path 38
  From:                  Reindeer_0/PulseRain_RV2T_MCU_i.PulseRain_RV2T_core_i.RV2T_controller_i.current_state[1]:CLK
  To:                    Reindeer_0/PulseRain_RV2T_MCU_i.PulseRain_RV2T_core_i.RV2T_execution_unit_i.X_ret_22:D
  Delay (ns):            8.805                                                                           
  Slack (ns):            -2.850                                                                          
  Arrival (ns):          12.400                                                                          
  Required (ns):         9.550                                                                           

Path 39
  From:                  Reindeer_0/PulseRain_RV2T_MCU_i.PulseRain_RV2T_core_i.RV2T_controller_i.current_state[1]:CLK
  To:                    Reindeer_0/PulseRain_RV2T_MCU_i.PulseRain_RV2T_core_i.RV2T_execution_unit_i.X_ret_17:D
  Delay (ns):            8.808                                                                           
  Slack (ns):            -2.842                                                                          
  Arrival (ns):          12.403                                                                          
  Required (ns):         9.561                                                                           

Path 40
  From:                  Reindeer_0/PulseRain_RV2T_MCU_i.PulseRain_RV2T_core_i.RV2T_controller_i.current_state[1]:CLK
  To:                    Reindeer_0/PulseRain_RV2T_MCU_i.PulseRain_RV2T_core_i.RV2T_execution_unit_i.Y_ret_4:D
  Delay (ns):            8.804                                                                           
  Slack (ns):            -2.841                                                                          
  Arrival (ns):          12.399                                                                          
  Required (ns):         9.558                                                                           

Path 41
  From:                  Reindeer_0/PulseRain_RV2T_MCU_i.PulseRain_RV2T_core_i.RV2T_controller_i.current_state[1]:CLK
  To:                    Reindeer_0/PulseRain_RV2T_MCU_i.PulseRain_RV2T_core_i.RV2T_execution_unit_i.Y_ret_9:D
  Delay (ns):            8.794                                                                           
  Slack (ns):            -2.838                                                                          
  Arrival (ns):          12.389                                                                          
  Required (ns):         9.551                                                                           

Path 42
  From:                  Reindeer_0/PulseRain_RV2T_MCU_i.PulseRain_RV2T_core_i.RV2T_controller_i.current_state[1]:CLK
  To:                    Reindeer_0/PulseRain_RV2T_MCU_i.PulseRain_RV2T_core_i.RV2T_execution_unit_i.X_ret_27:D
  Delay (ns):            8.790                                                                           
  Slack (ns):            -2.823                                                                          
  Arrival (ns):          12.385                                                                          
  Required (ns):         9.562                                                                           

Path 43
  From:                  Reindeer_0/PulseRain_RV2T_MCU_i.PulseRain_RV2T_core_i.RV2T_fetch_instruction_i.read_mem_addr_ret_2:CLK
  To:                    Reindeer_0/PulseRain_RV2T_MCU_i.ram_low_i.gen_if_proc.gen_for_proc[1].ram_8bit_1st.mem_mem_0_3/INST_RAM1K18_IP:A_WEN[0]
  Delay (ns):            8.704                                                                           
  Slack (ns):            -2.816                                                                          
  Arrival (ns):          12.285                                                                          
  Required (ns):         9.469                                                                           

Path 44
  From:                  Reindeer_0/PulseRain_RV2T_MCU_i.PulseRain_RV2T_core_i.RV2T_controller_i.current_state[1]:CLK
  To:                    Reindeer_0/PulseRain_RV2T_MCU_i.PulseRain_RV2T_core_i.RV2T_execution_unit_i.Y_ret_7:D
  Delay (ns):            8.761                                                                           
  Slack (ns):            -2.810                                                                          
  Arrival (ns):          12.356                                                                          
  Required (ns):         9.546                                                                           

Path 45
  From:                  Reindeer_0/PulseRain_RV2T_MCU_i.PulseRain_RV2T_core_i.RV2T_controller_i.current_state[1]:CLK
  To:                    Reindeer_0/PulseRain_RV2T_MCU_i.PulseRain_RV2T_core_i.RV2T_execution_unit_i.X_ret_20:D
  Delay (ns):            8.765                                                                           
  Slack (ns):            -2.810                                                                          
  Arrival (ns):          12.360                                                                          
  Required (ns):         9.550                                                                           

Path 46
  From:                  Reindeer_0/PulseRain_RV2T_MCU_i.PulseRain_RV2T_core_i.RV2T_controller_i.current_state[1]:CLK
  To:                    Reindeer_0/PulseRain_RV2T_MCU_i.PulseRain_RV2T_core_i.RV2T_execution_unit_i.Y_ret_110:D
  Delay (ns):            8.757                                                                           
  Slack (ns):            -2.808                                                                          
  Arrival (ns):          12.352                                                                          
  Required (ns):         9.544                                                                           

Path 47
  From:                  Reindeer_0/PulseRain_RV2T_MCU_i.PulseRain_RV2T_core_i.RV2T_fetch_instruction_i.read_mem_addr_ret_0[1]:CLK
  To:                    Reindeer_0/PulseRain_RV2T_MCU_i.ram_high_i.gen_if_proc.gen_for_proc[1].ram_8bit_1st.mem_mem_0_3/INST_RAM1K18_IP:A_WEN[0]
  Delay (ns):            8.688                                                                           
  Slack (ns):            -2.800                                                                          
  Arrival (ns):          12.280                                                                          
  Required (ns):         9.480                                                                           

Path 48
  From:                  Reindeer_0/PulseRain_RV2T_MCU_i.PulseRain_RV2T_core_i.RV2T_controller_i.current_state[1]:CLK
  To:                    Reindeer_0/PulseRain_RV2T_MCU_i.PulseRain_RV2T_core_i.RV2T_execution_unit_i.X_ret_25:D
  Delay (ns):            8.756                                                                           
  Slack (ns):            -2.789                                                                          
  Arrival (ns):          12.351                                                                          
  Required (ns):         9.562                                                                           

Path 49
  From:                  Reindeer_0/PulseRain_RV2T_MCU_i.PulseRain_RV2T_core_i.RV2T_controller_i.current_state[1]:CLK
  To:                    Reindeer_0/PulseRain_RV2T_MCU_i.PulseRain_RV2T_core_i.RV2T_execution_unit_i.X_ret_28:D
  Delay (ns):            8.744                                                                           
  Slack (ns):            -2.789                                                                          
  Arrival (ns):          12.339                                                                          
  Required (ns):         9.550                                                                           

Path 50
  From:                  Reindeer_0/PulseRain_RV2T_MCU_i.PulseRain_RV2T_core_i.RV2T_controller_i.current_state[1]:CLK
  To:                    Reindeer_0/PulseRain_RV2T_MCU_i.PulseRain_RV2T_core_i.RV2T_execution_unit_i.Y_ret_128:D
  Delay (ns):            8.748                                                                           
  Slack (ns):            -2.785                                                                          
  Arrival (ns):          12.343                                                                          
  Required (ns):         9.558                                                                           

Path 51
  From:                  Reindeer_0/PulseRain_RV2T_MCU_i.PulseRain_RV2T_core_i.RV2T_controller_i.current_state[1]:CLK
  To:                    Reindeer_0/PulseRain_RV2T_MCU_i.PulseRain_RV2T_core_i.RV2T_execution_unit_i.Y_ret_14:D
  Delay (ns):            8.751                                                                           
  Slack (ns):            -2.784                                                                          
  Arrival (ns):          12.346                                                                          
  Required (ns):         9.562                                                                           

Path 52
  From:                  Reindeer_0/PulseRain_RV2T_MCU_i.PulseRain_RV2T_core_i.RV2T_controller_i.current_state[1]:CLK
  To:                    Reindeer_0/PulseRain_RV2T_MCU_i.PulseRain_RV2T_core_i.RV2T_execution_unit_i.Y_ret_12:D
  Delay (ns):            8.744                                                                           
  Slack (ns):            -2.777                                                                          
  Arrival (ns):          12.339                                                                          
  Required (ns):         9.562                                                                           

Path 53
  From:                  Reindeer_0/PulseRain_RV2T_MCU_i.PulseRain_RV2T_core_i.RV2T_controller_i.current_state[1]:CLK
  To:                    Reindeer_0/PulseRain_RV2T_MCU_i.PulseRain_RV2T_core_i.RV2T_execution_unit_i.Y_ret_127:D
  Delay (ns):            8.705                                                                           
  Slack (ns):            -2.769                                                                          
  Arrival (ns):          12.300                                                                          
  Required (ns):         9.531                                                                           

Path 54
  From:                  Reindeer_0/PulseRain_RV2T_MCU_i.PulseRain_RV2T_core_i.RV2T_controller_i.current_state[1]:CLK
  To:                    Reindeer_0/PulseRain_RV2T_MCU_i.PulseRain_RV2T_core_i.RV2T_execution_unit_i.Y_ret_17:D
  Delay (ns):            8.711                                                                           
  Slack (ns):            -2.755                                                                          
  Arrival (ns):          12.306                                                                          
  Required (ns):         9.551                                                                           

Path 55
  From:                  Reindeer_0/PulseRain_RV2T_MCU_i.PulseRain_RV2T_core_i.RV2T_controller_i.current_state[1]:CLK
  To:                    Reindeer_0/PulseRain_RV2T_MCU_i.PulseRain_RV2T_core_i.RV2T_execution_unit_i.X_ret_23:D
  Delay (ns):            8.718                                                                           
  Slack (ns):            -2.752                                                                          
  Arrival (ns):          12.313                                                                          
  Required (ns):         9.561                                                                           

Path 56
  From:                  Reindeer_0/PulseRain_RV2T_MCU_i.PulseRain_RV2T_core_i.RV2T_controller_i.current_state[1]:CLK
  To:                    Reindeer_0/PulseRain_RV2T_MCU_i.PulseRain_RV2T_core_i.RV2T_execution_unit_i.Y_ret_10:D
  Delay (ns):            8.707                                                                           
  Slack (ns):            -2.741                                                                          
  Arrival (ns):          12.302                                                                          
  Required (ns):         9.561                                                                           

Path 57
  From:                  Reindeer_0/PulseRain_RV2T_MCU_i.PulseRain_RV2T_core_i.RV2T_controller_i.current_state[1]:CLK
  To:                    Reindeer_0/PulseRain_RV2T_MCU_i.PulseRain_RV2T_core_i.RV2T_execution_unit_i.Y_ret_20:D
  Delay (ns):            8.707                                                                           
  Slack (ns):            -2.740                                                                          
  Arrival (ns):          12.302                                                                          
  Required (ns):         9.562                                                                           

Path 58
  From:                  Reindeer_0/PulseRain_RV2T_MCU_i.PulseRain_RV2T_core_i.RV2T_controller_i.current_state[1]:CLK
  To:                    Reindeer_0/PulseRain_RV2T_MCU_i.PulseRain_RV2T_core_i.RV2T_execution_unit_i.Y_ret_15:D
  Delay (ns):            8.694                                                                           
  Slack (ns):            -2.738                                                                          
  Arrival (ns):          12.289                                                                          
  Required (ns):         9.551                                                                           

Path 59
  From:                  Reindeer_0/PulseRain_RV2T_MCU_i.PulseRain_RV2T_core_i.RV2T_controller_i.current_state[1]:CLK
  To:                    Reindeer_0/PulseRain_RV2T_MCU_i.PulseRain_RV2T_core_i.RV2T_execution_unit_i.X_ret_26:D
  Delay (ns):            8.667                                                                           
  Slack (ns):            -2.712                                                                          
  Arrival (ns):          12.262                                                                          
  Required (ns):         9.550                                                                           

Path 60
  From:                  Reindeer_0/PulseRain_RV2T_MCU_i.PulseRain_RV2T_core_i.RV2T_controller_i.current_state[1]:CLK
  To:                    Reindeer_0/PulseRain_RV2T_MCU_i.PulseRain_RV2T_core_i.RV2T_execution_unit_i.Y_ret_21:D
  Delay (ns):            8.660                                                                           
  Slack (ns):            -2.705                                                                          
  Arrival (ns):          12.255                                                                          
  Required (ns):         9.550                                                                           

Path 61
  From:                  Reindeer_0/PulseRain_RV2T_MCU_i.PulseRain_RV2T_core_i.RV2T_controller_i.current_state[1]:CLK
  To:                    Reindeer_0/PulseRain_RV2T_MCU_i.PulseRain_RV2T_core_i.RV2T_execution_unit_i.X_ret_29:D
  Delay (ns):            8.672                                                                           
  Slack (ns):            -2.705                                                                          
  Arrival (ns):          12.267                                                                          
  Required (ns):         9.562                                                                           

Path 62
  From:                  Reindeer_0/PulseRain_RV2T_MCU_i.PulseRain_RV2T_core_i.RV2T_fetch_instruction_i.read_mem_addr_ret[15]:CLK
  To:                    Reindeer_0/PulseRain_RV2T_MCU_i.ram_low_i.gen_if_proc.gen_for_proc[1].ram_8bit_1st.mem_mem_0_2/INST_RAM1K18_IP:A_WEN[0]
  Delay (ns):            8.579                                                                           
  Slack (ns):            -2.689                                                                          
  Arrival (ns):          12.161                                                                          
  Required (ns):         9.472                                                                           

Path 63
  From:                  Reindeer_0/PulseRain_RV2T_MCU_i.PulseRain_RV2T_core_i.RV2T_controller_i.current_state[1]:CLK
  To:                    Reindeer_0/PulseRain_RV2T_MCU_i.PulseRain_RV2T_core_i.RV2T_execution_unit_i.Y_ret_18:D
  Delay (ns):            8.650                                                                           
  Slack (ns):            -2.683                                                                          
  Arrival (ns):          12.245                                                                          
  Required (ns):         9.562                                                                           

Path 64
  From:                  Reindeer_0/PulseRain_RV2T_MCU_i.PulseRain_RV2T_core_i.RV2T_fetch_instruction_i.read_mem_addr_ret_0[2]:CLK
  To:                    Reindeer_0/PulseRain_RV2T_MCU_i.ram_high_i.gen_if_proc.gen_for_proc[0].ram_8bit_1st.mem_mem_0_3/INST_RAM1K18_IP:A_WEN[0]
  Delay (ns):            8.583                                                                           
  Slack (ns):            -2.683                                                                          
  Arrival (ns):          12.164                                                                          
  Required (ns):         9.481                                                                           

Path 65
  From:                  Reindeer_0/PulseRain_RV2T_MCU_i.PulseRain_RV2T_core_i.RV2T_controller_i.current_state[1]:CLK
  To:                    Reindeer_0/PulseRain_RV2T_MCU_i.PulseRain_RV2T_core_i.RV2T_execution_unit_i.Y_ret_13:D
  Delay (ns):            8.625                                                                           
  Slack (ns):            -2.669                                                                          
  Arrival (ns):          12.220                                                                          
  Required (ns):         9.551                                                                           

Path 66
  From:                  Reindeer_0/PulseRain_RV2T_MCU_i.PulseRain_RV2T_core_i.RV2T_controller_i.current_state[1]:CLK
  To:                    Reindeer_0/PulseRain_RV2T_MCU_i.PulseRain_RV2T_core_i.RV2T_execution_unit_i.Y_ret_16:D
  Delay (ns):            8.619                                                                           
  Slack (ns):            -2.652                                                                          
  Arrival (ns):          12.214                                                                          
  Required (ns):         9.562                                                                           

Path 67
  From:                  Reindeer_0/PulseRain_RV2T_MCU_i.PulseRain_RV2T_core_i.RV2T_controller_i.current_state[1]:CLK
  To:                    Reindeer_0/PulseRain_RV2T_MCU_i.PulseRain_RV2T_core_i.RV2T_execution_unit_i.Y_ret_81:D
  Delay (ns):            8.597                                                                           
  Slack (ns):            -2.634                                                                          
  Arrival (ns):          12.192                                                                          
  Required (ns):         9.558                                                                           

Path 68
  From:                  Reindeer_0/PulseRain_RV2T_MCU_i.PulseRain_RV2T_core_i.RV2T_fetch_instruction_i.read_mem_addr_ret_0[2]:CLK
  To:                    Reindeer_0/PulseRain_RV2T_MCU_i.ram_high_i.gen_if_proc.gen_for_proc[1].ram_8bit_1st.mem_mem_0_3/INST_RAM1K18_IP:A_WEN[0]
  Delay (ns):            8.523                                                                           
  Slack (ns):            -2.624                                                                          
  Arrival (ns):          12.104                                                                          
  Required (ns):         9.480                                                                           

Path 69
  From:                  Reindeer_0/PulseRain_RV2T_MCU_i.PulseRain_RV2T_core_i.RV2T_controller_i.current_state[1]:CLK
  To:                    Reindeer_0/PulseRain_RV2T_MCU_i.PulseRain_RV2T_core_i.RV2T_execution_unit_i.Y_ret_19:D
  Delay (ns):            8.576                                                                           
  Slack (ns):            -2.620                                                                          
  Arrival (ns):          12.171                                                                          
  Required (ns):         9.551                                                                           

Path 70
  From:                  Reindeer_0/PulseRain_RV2T_MCU_i.PulseRain_RV2T_core_i.RV2T_controller_i.current_state[1]:CLK
  To:                    Reindeer_0/PulseRain_RV2T_MCU_i.PulseRain_RV2T_core_i.RV2T_execution_unit_i.Y_ret_22:D
  Delay (ns):            8.575                                                                           
  Slack (ns):            -2.609                                                                          
  Arrival (ns):          12.170                                                                          
  Required (ns):         9.561                                                                           

Path 71
  From:                  Reindeer_0/PulseRain_RV2T_MCU_i.PulseRain_RV2T_core_i.RV2T_fetch_instruction_i.read_mem_addr_ret_31[15]:CLK
  To:                    Reindeer_0/PulseRain_RV2T_MCU_i.ram_low_i.gen_if_proc.gen_for_proc[1].ram_8bit_1st.mem_mem_0_2/INST_RAM1K18_IP:A_WEN[0]
  Delay (ns):            8.496                                                                           
  Slack (ns):            -2.601                                                                          
  Arrival (ns):          12.073                                                                          
  Required (ns):         9.472                                                                           

Path 72
  From:                  Reindeer_0/PulseRain_RV2T_MCU_i.PulseRain_RV2T_core_i.RV2T_controller_i.current_state[1]:CLK
  To:                    Reindeer_0/PulseRain_RV2T_MCU_i.PulseRain_RV2T_core_i.RV2T_execution_unit_i.Y_ret_23:D
  Delay (ns):            8.536                                                                           
  Slack (ns):            -2.581                                                                          
  Arrival (ns):          12.131                                                                          
  Required (ns):         9.550                                                                           

Path 73
  From:                  Reindeer_0/PulseRain_RV2T_MCU_i.PulseRain_RV2T_core_i.RV2T_controller_i.current_state[1]:CLK
  To:                    Reindeer_0/PulseRain_RV2T_MCU_i.PulseRain_RV2T_core_i.RV2T_execution_unit_i.Y_ret_79:D
  Delay (ns):            8.525                                                                           
  Slack (ns):            -2.562                                                                          
  Arrival (ns):          12.120                                                                          
  Required (ns):         9.558                                                                           

Path 74
  From:                  Reindeer_0/PulseRain_RV2T_MCU_i.PulseRain_RV2T_core_i.RV2T_fetch_instruction_i.read_mem_addr_ret_2:CLK
  To:                    Reindeer_0/PulseRain_RV2T_MCU_i.ram_high_i.gen_if_proc.gen_for_proc[0].ram_8bit_1st.mem_mem_0_3/INST_RAM1K18_IP:A_WEN[0]
  Delay (ns):            8.454                                                                           
  Slack (ns):            -2.554                                                                          
  Arrival (ns):          12.035                                                                          
  Required (ns):         9.481                                                                           

Path 75
  From:                  Reindeer_0/PulseRain_RV2T_MCU_i.PulseRain_RV2T_core_i.RV2T_controller_i.current_state[1]:CLK
  To:                    Reindeer_0/PulseRain_RV2T_MCU_i.PulseRain_RV2T_core_i.RV2T_execution_unit_i.Y_ret_57:D
  Delay (ns):            8.510                                                                           
  Slack (ns):            -2.551                                                                          
  Arrival (ns):          12.105                                                                          
  Required (ns):         9.554                                                                           

Path 76
  From:                  Reindeer_0/PulseRain_RV2T_MCU_i.PulseRain_RV2T_core_i.RV2T_controller_i.current_state[1]:CLK
  To:                    Reindeer_0/PulseRain_RV2T_MCU_i.PulseRain_RV2T_core_i.RV2T_execution_unit_i.Y_ret_26:D
  Delay (ns):            8.508                                                                           
  Slack (ns):            -2.541                                                                          
  Arrival (ns):          12.103                                                                          
  Required (ns):         9.562                                                                           

Path 77
  From:                  Reindeer_0/PulseRain_RV2T_MCU_i.PulseRain_RV2T_core_i.RV2T_controller_i.current_state[1]:CLK
  To:                    Reindeer_0/PulseRain_RV2T_MCU_i.PulseRain_RV2T_core_i.RV2T_execution_unit_i.Y_ret_27:D
  Delay (ns):            8.462                                                                           
  Slack (ns):            -2.507                                                                          
  Arrival (ns):          12.057                                                                          
  Required (ns):         9.550                                                                           

Path 78
  From:                  Reindeer_0/PulseRain_RV2T_MCU_i.PulseRain_RV2T_core_i.RV2T_controller_i.current_state[1]:CLK
  To:                    Reindeer_0/PulseRain_RV2T_MCU_i.PulseRain_RV2T_core_i.RV2T_execution_unit_i.Y_ret_24:D
  Delay (ns):            8.474                                                                           
  Slack (ns):            -2.507                                                                          
  Arrival (ns):          12.069                                                                          
  Required (ns):         9.562                                                                           

Path 79
  From:                  Reindeer_0/PulseRain_RV2T_MCU_i.PulseRain_RV2T_core_i.RV2T_fetch_instruction_i.read_mem_addr_ret[15]:CLK
  To:                    Reindeer_0/PulseRain_RV2T_MCU_i.ram_low_i.gen_if_proc.gen_for_proc[1].ram_8bit_1st.mem_mem_0_3/INST_RAM1K18_IP:A_WEN[0]
  Delay (ns):            8.384                                                                           
  Slack (ns):            -2.497                                                                          
  Arrival (ns):          11.966                                                                          
  Required (ns):         9.469                                                                           

Path 80
  From:                  Reindeer_0/PulseRain_RV2T_MCU_i.PulseRain_RV2T_core_i.RV2T_fetch_instruction_i.read_mem_addr_ret_2:CLK
  To:                    Reindeer_0/PulseRain_RV2T_MCU_i.ram_high_i.gen_if_proc.gen_for_proc[1].ram_8bit_1st.mem_mem_0_3/INST_RAM1K18_IP:A_WEN[0]
  Delay (ns):            8.394                                                                           
  Slack (ns):            -2.495                                                                          
  Arrival (ns):          11.975                                                                          
  Required (ns):         9.480                                                                           

Path 81
  From:                  Reindeer_0/PulseRain_RV2T_MCU_i.PulseRain_RV2T_core_i.RV2T_controller_i.current_state[1]:CLK
  To:                    Reindeer_0/PulseRain_RV2T_MCU_i.PulseRain_RV2T_core_i.RV2T_execution_unit_i.Y_ret_88:D
  Delay (ns):            8.424                                                                           
  Slack (ns):            -2.465                                                                          
  Arrival (ns):          12.019                                                                          
  Required (ns):         9.554                                                                           

Path 82
  From:                  Reindeer_0/PulseRain_RV2T_MCU_i.PulseRain_RV2T_core_i.RV2T_fetch_instruction_i.read_mem_addr_ret_0[1]:CLK
  To:                    Reindeer_0/PulseRain_RV2T_MCU_i.ram_low_i.gen_if_proc.gen_for_proc[0].ram_8bit_1st.mem_mem_0_3/INST_RAM1K18_IP:A_WEN[0]
  Delay (ns):            8.351                                                                           
  Slack (ns):            -2.459                                                                          
  Arrival (ns):          11.943                                                                          
  Required (ns):         9.484                                                                           

Path 83
  From:                  Reindeer_0/PulseRain_RV2T_MCU_i.PulseRain_RV2T_core_i.RV2T_controller_i.current_state[1]:CLK
  To:                    Reindeer_0/PulseRain_RV2T_MCU_i.PulseRain_RV2T_core_i.RV2T_execution_unit_i.X_ret_30:D
  Delay (ns):            8.402                                                                           
  Slack (ns):            -2.447                                                                          
  Arrival (ns):          11.997                                                                          
  Required (ns):         9.550                                                                           

Path 84
  From:                  Reindeer_0/PulseRain_RV2T_MCU_i.PulseRain_RV2T_core_i.RV2T_controller_i.current_state[1]:CLK
  To:                    Reindeer_0/PulseRain_RV2T_MCU_i.PulseRain_RV2T_core_i.RV2T_execution_unit_i.Y_ret_25:D
  Delay (ns):            8.385                                                                           
  Slack (ns):            -2.430                                                                          
  Arrival (ns):          11.980                                                                          
  Required (ns):         9.550                                                                           

Path 85
  From:                  Reindeer_0/PulseRain_RV2T_MCU_i.PulseRain_RV2T_core_i.RV2T_controller_i.current_state[1]:CLK
  To:                    Reindeer_0/PulseRain_RV2T_MCU_i.PulseRain_RV2T_core_i.RV2T_execution_unit_i.Y_ret_60:D
  Delay (ns):            8.376                                                                           
  Slack (ns):            -2.425                                                                          
  Arrival (ns):          11.971                                                                          
  Required (ns):         9.546                                                                           

Path 86
  From:                  Reindeer_0/PulseRain_RV2T_MCU_i.PulseRain_RV2T_core_i.RV2T_controller_i.current_state[1]:CLK
  To:                    Reindeer_0/PulseRain_RV2T_MCU_i.PulseRain_RV2T_core_i.RV2T_execution_unit_i.Y_ret_28:D
  Delay (ns):            8.390                                                                           
  Slack (ns):            -2.423                                                                          
  Arrival (ns):          11.985                                                                          
  Required (ns):         9.562                                                                           

Path 87
  From:                  Reindeer_0/PulseRain_RV2T_MCU_i.PulseRain_RV2T_core_i.RV2T_fetch_instruction_i.read_mem_addr_ret_31[15]:CLK
  To:                    Reindeer_0/PulseRain_RV2T_MCU_i.ram_low_i.gen_if_proc.gen_for_proc[1].ram_8bit_1st.mem_mem_0_3/INST_RAM1K18_IP:A_WEN[0]
  Delay (ns):            8.301                                                                           
  Slack (ns):            -2.409                                                                          
  Arrival (ns):          11.878                                                                          
  Required (ns):         9.469                                                                           

Path 88
  From:                  Reindeer_0/PulseRain_RV2T_MCU_i.PulseRain_RV2T_core_i.RV2T_controller_i.current_state[1]:CLK
  To:                    Reindeer_0/PulseRain_RV2T_MCU_i.PulseRain_RV2T_core_i.RV2T_execution_unit_i.Y_ret_118:D
  Delay (ns):            8.367                                                                           
  Slack (ns):            -2.408                                                                          
  Arrival (ns):          11.962                                                                          
  Required (ns):         9.554                                                                           

Path 89
  From:                  Reindeer_0/PulseRain_RV2T_MCU_i.PulseRain_RV2T_core_i.RV2T_fetch_instruction_i.read_mem_addr_ret_0[1]:CLK
  To:                    Reindeer_0/PulseRain_RV2T_MCU_i.ram_high_i.gen_if_proc.gen_for_proc[0].ram_8bit_1st.mem_mem_0_1/INST_RAM1K18_IP:A_WEN[0]
  Delay (ns):            8.285                                                                           
  Slack (ns):            -2.404                                                                          
  Arrival (ns):          11.877                                                                          
  Required (ns):         9.473                                                                           

Path 90
  From:                  Reindeer_0/PulseRain_RV2T_MCU_i.PulseRain_RV2T_core_i.RV2T_controller_i.current_state[1]:CLK
  To:                    Reindeer_0/PulseRain_RV2T_MCU_i.PulseRain_RV2T_core_i.RV2T_execution_unit_i.Y_ret_94:D
  Delay (ns):            8.432                                                                           
  Slack (ns):            -2.403                                                                          
  Arrival (ns):          12.027                                                                          
  Required (ns):         9.624                                                                           

Path 91
  From:                  Reindeer_0/PulseRain_RV2T_MCU_i.PulseRain_RV2T_core_i.RV2T_execution_unit_i.jalr_active:CLK
  To:                    Reindeer_0/PulseRain_RV2T_MCU_i.PulseRain_RV2T_core_i.RV2T_reg_file_i.single_clk_ram_rs2.mem_mem_0_0/INST_RAM64x18_IP:C_DIN[6]
  Delay (ns):            8.721                                                                           
  Slack (ns):            -2.370                                                                          
  Arrival (ns):          12.271                                                                          
  Required (ns):         9.901                                                                           

Path 92
  From:                  Reindeer_0/PulseRain_RV2T_MCU_i.PulseRain_RV2T_core_i.RV2T_controller_i.current_state[1]:CLK
  To:                    Reindeer_0/PulseRain_RV2T_MCU_i.PulseRain_RV2T_core_i.RV2T_execution_unit_i.X_ret_31:D
  Delay (ns):            8.335                                                                           
  Slack (ns):            -2.368                                                                          
  Arrival (ns):          11.930                                                                          
  Required (ns):         9.562                                                                           

Path 93
  From:                  Reindeer_0/PulseRain_RV2T_MCU_i.PulseRain_RV2T_core_i.RV2T_controller_i.current_state[1]:CLK
  To:                    Reindeer_0/PulseRain_RV2T_MCU_i.PulseRain_RV2T_core_i.RV2T_execution_unit_i.Y_ret_56:D
  Delay (ns):            8.310                                                                           
  Slack (ns):            -2.361                                                                          
  Arrival (ns):          11.905                                                                          
  Required (ns):         9.544                                                                           

Path 94
  From:                  Reindeer_0/PulseRain_RV2T_MCU_i.PulseRain_RV2T_core_i.RV2T_fetch_instruction_i.read_mem_addr_ret_0[1]:CLK
  To:                    Reindeer_0/PulseRain_RV2T_MCU_i.ram_low_i.gen_if_proc.gen_for_proc[1].ram_8bit_1st.mem_mem_0_1/INST_RAM1K18_IP:A_WEN[0]
  Delay (ns):            8.239                                                                           
  Slack (ns):            -2.360                                                                          
  Arrival (ns):          11.831                                                                          
  Required (ns):         9.471                                                                           

Path 95
  From:                  Reindeer_0/PulseRain_RV2T_MCU_i.PulseRain_RV2T_core_i.RV2T_controller_i.current_state[1]:CLK
  To:                    Reindeer_0/PulseRain_RV2T_MCU_i.PulseRain_RV2T_core_i.RV2T_reg_file_i.single_clk_ram_rs2.mem_mem_0_0/INST_RAM64x18_IP:C_DIN[14]
  Delay (ns):            8.571                                                                           
  Slack (ns):            -2.348                                                                          
  Arrival (ns):          12.166                                                                          
  Required (ns):         9.818                                                                           

Path 96
  From:                  Reindeer_0/PulseRain_RV2T_MCU_i.PulseRain_RV2T_core_i.RV2T_controller_i.current_state[1]:CLK
  To:                    Reindeer_0/PulseRain_RV2T_MCU_i.PulseRain_RV2T_core_i.RV2T_execution_unit_i.Y_ret_67:D
  Delay (ns):            8.301                                                                           
  Slack (ns):            -2.338                                                                          
  Arrival (ns):          11.896                                                                          
  Required (ns):         9.558                                                                           

Path 97
  From:                  Reindeer_0/PulseRain_RV2T_MCU_i.PulseRain_RV2T_core_i.RV2T_controller_i.current_state[1]:CLK
  To:                    Reindeer_0/PulseRain_RV2T_MCU_i.PulseRain_RV2T_core_i.RV2T_execution_unit_i.Y_ret_83:D
  Delay (ns):            8.282                                                                           
  Slack (ns):            -2.331                                                                          
  Arrival (ns):          11.877                                                                          
  Required (ns):         9.546                                                                           

Path 98
  From:                  Reindeer_0/PulseRain_RV2T_MCU_i.PulseRain_RV2T_core_i.RV2T_execution_unit_i.jal_active:CLK
  To:                    Reindeer_0/PulseRain_RV2T_MCU_i.PulseRain_RV2T_core_i.RV2T_reg_file_i.single_clk_ram_rs2.mem_mem_0_0/INST_RAM64x18_IP:C_DIN[6]
  Delay (ns):            8.644                                                                           
  Slack (ns):            -2.293                                                                          
  Arrival (ns):          12.194                                                                          
  Required (ns):         9.901                                                                           

Path 99
  From:                  Reindeer_0/PulseRain_RV2T_MCU_i.PulseRain_RV2T_core_i.RV2T_controller_i.current_state[1]:CLK
  To:                    Reindeer_0/PulseRain_RV2T_MCU_i.PulseRain_RV2T_core_i.RV2T_execution_unit_i.Y_ret_48:D
  Delay (ns):            8.240                                                                           
  Slack (ns):            -2.291                                                                          
  Arrival (ns):          11.835                                                                          
  Required (ns):         9.544                                                                           

Path 100
  From:                  Reindeer_0/PulseRain_RV2T_MCU_i.PulseRain_RV2T_core_i.RV2T_controller_i.current_state[1]:CLK
  To:                    Reindeer_0/PulseRain_RV2T_MCU_i.PulseRain_RV2T_core_i.RV2T_execution_unit_i.Y_ret_32_fast:D
  Delay (ns):            8.224                                                                           
  Slack (ns):            -2.283                                                                          
  Arrival (ns):          11.819                                                                          
  Required (ns):         9.536                                                                           

