Timing Violation Report Min Delay Analysis

SmartTime Version v11.9 SP1
Microsemi Corporation - Microsemi Libero Software Release v11.9 SP1 (Version 11.9.1.0)
Date: Fri Nov 23 01:14:19 2018


Design: creative
Family: SmartFusion2
Die: M2S025
Package: 256 VF
Temperature Range: 0 - 85 C
Voltage Range: 1.14 - 1.26 V
Speed Grade: -1
Design State: Post-Layout
Data source: Production
Min Operating Conditions: BEST - 1.26 V - 0 C
Max Operating Conditions: WORST - 1.14 V - 85 C
Scenario for Timing Analysis: timing_analysis


Path 1
  From:                  Reindeer_0/PulseRain_RV2T_MCU_i.PulseRain_RV2T_core_i.RV2T_fetch_instruction_i.PC_out[31]:CLK
  To:                    Reindeer_0/PulseRain_RV2T_MCU_i.PulseRain_RV2T_core_i.RV2T_instruction_decode_i.PC_out[31]:D
  Delay (ns):            0.316                                                                           
  Slack (ns):            0.297                                                                           
  Arrival (ns):          2.879                                                                           
  Required (ns):         2.582                                                                           

Path 2
  From:                  Reindeer_0/ocd_i.debug_UART_i.UART_i.tx_data[10]:CLK
  To:                    Reindeer_0/ocd_i.debug_UART_i.UART_i.tx_data_ret_2:D
  Delay (ns):            0.316                                                                           
  Slack (ns):            0.299                                                                           
  Arrival (ns):          2.856                                                                           
  Required (ns):         2.557                                                                           

Path 3
  From:                  Reindeer_0/ocd_i.debug_UART_i.UART_i.rxd_sr[0]:CLK
  To:                    Reindeer_0/ocd_i.debug_UART_i.UART_i.rxd_sr[1]:D
  Delay (ns):            0.316                                                                           
  Slack (ns):            0.299                                                                           
  Arrival (ns):          2.853                                                                           
  Required (ns):         2.554                                                                           

Path 4
  From:                  Reindeer_0/PulseRain_RV2T_MCU_i.PulseRain_RV2T_core_i.RV2T_fetch_instruction_i.PC_out_i[1]:CLK
  To:                    Reindeer_0/PulseRain_RV2T_MCU_i.PulseRain_RV2T_core_i.RV2T_fetch_instruction_i.PC_out[1]:D
  Delay (ns):            0.319                                                                           
  Slack (ns):            0.299                                                                           
  Arrival (ns):          2.876                                                                           
  Required (ns):         2.577                                                                           

Path 5
  From:                  Reindeer_0/PulseRain_RV2T_MCU_i.PulseRain_RV2T_core_i.RV2T_fetch_instruction_i.PC_out[14]:CLK
  To:                    Reindeer_0/PulseRain_RV2T_MCU_i.PulseRain_RV2T_core_i.RV2T_instruction_decode_i.PC_out[14]:D
  Delay (ns):            0.316                                                                           
  Slack (ns):            0.300                                                                           
  Arrival (ns):          2.855                                                                           
  Required (ns):         2.555                                                                           

Path 6
  From:                  Reindeer_0/PulseRain_RV2T_MCU_i.PulseRain_RV2T_core_i.RV2T_fetch_instruction_i.PC_out[25]:CLK
  To:                    Reindeer_0/PulseRain_RV2T_MCU_i.PulseRain_RV2T_core_i.RV2T_instruction_decode_i.PC_out[25]:D
  Delay (ns):            0.316                                                                           
  Slack (ns):            0.300                                                                           
  Arrival (ns):          2.863                                                                           
  Required (ns):         2.563                                                                           

Path 7
  From:                  Reindeer_0/PulseRain_RV2T_MCU_i.PulseRain_RV2T_core_i.RV2T_fetch_instruction_i.PC_out[2]:CLK
  To:                    Reindeer_0/PulseRain_RV2T_MCU_i.PulseRain_RV2T_core_i.RV2T_instruction_decode_i.PC_out[2]:D
  Delay (ns):            0.321                                                                           
  Slack (ns):            0.302                                                                           
  Arrival (ns):          2.875                                                                           
  Required (ns):         2.573                                                                           

Path 8
  From:                  Reindeer_0/PulseRain_RV2T_MCU_i.PulseRain_RV2T_core_i.RV2T_fetch_instruction_i.PC_out[26]:CLK
  To:                    Reindeer_0/PulseRain_RV2T_MCU_i.PulseRain_RV2T_core_i.RV2T_instruction_decode_i.PC_out[26]:D
  Delay (ns):            0.321                                                                           
  Slack (ns):            0.302                                                                           
  Arrival (ns):          2.884                                                                           
  Required (ns):         2.582                                                                           

Path 9
  From:                  Reindeer_0/PulseRain_RV2T_MCU_i.PulseRain_RV2T_core_i.RV2T_fetch_instruction_i.PC_out[17]:CLK
  To:                    Reindeer_0/PulseRain_RV2T_MCU_i.PulseRain_RV2T_core_i.RV2T_instruction_decode_i.PC_out[17]:D
  Delay (ns):            0.313                                                                           
  Slack (ns):            0.303                                                                           
  Arrival (ns):          2.851                                                                           
  Required (ns):         2.548                                                                           

Path 10
  From:                  Reindeer_0/PulseRain_RV2T_MCU_i.PulseRain_RV2T_core_i.RV2T_fetch_instruction_i.IR_out[13]:CLK
  To:                    Reindeer_0/PulseRain_RV2T_MCU_i.PulseRain_RV2T_core_i.RV2T_instruction_decode_i.IR_out[13]:D
  Delay (ns):            0.313                                                                           
  Slack (ns):            0.303                                                                           
  Arrival (ns):          2.871                                                                           
  Required (ns):         2.568                                                                           

Path 11
  From:                  Reindeer_0/PulseRain_RV2T_MCU_i.PulseRain_RV2T_core_i.RV2T_fetch_instruction_i.PC_out[27]:CLK
  To:                    Reindeer_0/PulseRain_RV2T_MCU_i.PulseRain_RV2T_core_i.RV2T_instruction_decode_i.PC_out[27]:D
  Delay (ns):            0.323                                                                           
  Slack (ns):            0.304                                                                           
  Arrival (ns):          2.886                                                                           
  Required (ns):         2.582                                                                           

Path 12
  From:                  Reindeer_0/PulseRain_RV2T_MCU_i.PulseRain_RV2T_core_i.RV2T_fetch_instruction_i.PC_out_i[24]:CLK
  To:                    Reindeer_0/PulseRain_RV2T_MCU_i.PulseRain_RV2T_core_i.RV2T_fetch_instruction_i.PC_out[24]:D
  Delay (ns):            0.319                                                                           
  Slack (ns):            0.304                                                                           
  Arrival (ns):          2.855                                                                           
  Required (ns):         2.551                                                                           

Path 13
  From:                  Reindeer_0/ocd_i.debug_coprocessor_i.data_in_sr[29]:CLK
  To:                    Reindeer_0/ocd_i.debug_coprocessor_i.data_in_sr[37]:D
  Delay (ns):            0.323                                                                           
  Slack (ns):            0.305                                                                           
  Arrival (ns):          2.870                                                                           
  Required (ns):         2.565                                                                           

Path 14
  From:                  Reindeer_0/ocd_i.debug_coprocessor_i.data_in_sr[13]:CLK
  To:                    Reindeer_0/ocd_i.debug_coprocessor_i.data_in_sr[21]:D
  Delay (ns):            0.313                                                                           
  Slack (ns):            0.305                                                                           
  Arrival (ns):          2.864                                                                           
  Required (ns):         2.559                                                                           

Path 15
  From:                  Reindeer_0/ocd_i.debug_UART_i.UART_i.SBUF_out[1]:CLK
  To:                    Reindeer_0/ocd_i.debug_UART_i.UART_i.SBUF_out[0]:D
  Delay (ns):            0.325                                                                           
  Slack (ns):            0.305                                                                           
  Arrival (ns):          2.867                                                                           
  Required (ns):         2.562                                                                           

Path 16
  From:                  Reindeer_0/PulseRain_RV2T_MCU_i.PulseRain_RV2T_core_i.RV2T_fetch_instruction_i.PC_out[29]:CLK
  To:                    Reindeer_0/PulseRain_RV2T_MCU_i.PulseRain_RV2T_core_i.RV2T_instruction_decode_i.PC_out[29]:D
  Delay (ns):            0.325                                                                           
  Slack (ns):            0.306                                                                           
  Arrival (ns):          2.888                                                                           
  Required (ns):         2.582                                                                           

Path 17
  From:                  Reindeer_0/PulseRain_RV2T_MCU_i.PulseRain_RV2T_core_i.RV2T_fetch_instruction_i.PC_out[22]:CLK
  To:                    Reindeer_0/PulseRain_RV2T_MCU_i.PulseRain_RV2T_core_i.RV2T_instruction_decode_i.PC_out[22]:D
  Delay (ns):            0.325                                                                           
  Slack (ns):            0.306                                                                           
  Arrival (ns):          2.883                                                                           
  Required (ns):         2.577                                                                           

Path 18
  From:                  Reindeer_0/PulseRain_RV2T_MCU_i.PulseRain_RV2T_core_i.RV2T_fetch_instruction_i.PC_out[11]:CLK
  To:                    Reindeer_0/PulseRain_RV2T_MCU_i.PulseRain_RV2T_core_i.RV2T_instruction_decode_i.PC_out[11]:D
  Delay (ns):            0.318                                                                           
  Slack (ns):            0.307                                                                           
  Arrival (ns):          2.874                                                                           
  Required (ns):         2.567                                                                           

Path 19
  From:                  Reindeer_0/ocd_i.debug_coprocessor_i.data_in_sr[14]:CLK
  To:                    Reindeer_0/ocd_i.debug_coprocessor_i.data_in_sr[22]:D
  Delay (ns):            0.319                                                                           
  Slack (ns):            0.307                                                                           
  Arrival (ns):          2.868                                                                           
  Required (ns):         2.561                                                                           

Path 20
  From:                  Reindeer_0/ocd_i.debug_coprocessor_i.data_in_sr[12]:CLK
  To:                    Reindeer_0/ocd_i.debug_coprocessor_i.data_in_sr[20]:D
  Delay (ns):            0.325                                                                           
  Slack (ns):            0.307                                                                           
  Arrival (ns):          2.868                                                                           
  Required (ns):         2.561                                                                           

Path 21
  From:                  Reindeer_0/PulseRain_RV2T_MCU_i.PulseRain_RV2T_core_i.RV2T_fetch_instruction_i.PC_out_i[18]:CLK
  To:                    Reindeer_0/PulseRain_RV2T_MCU_i.PulseRain_RV2T_core_i.RV2T_fetch_instruction_i.PC_out[18]:D
  Delay (ns):            0.319                                                                           
  Slack (ns):            0.308                                                                           
  Arrival (ns):          2.863                                                                           
  Required (ns):         2.555                                                                           

Path 22
  From:                  Reindeer_0/PulseRain_RV2T_MCU_i.PulseRain_RV2T_core_i.RV2T_fetch_instruction_i.PC_out_i[9]:CLK
  To:                    Reindeer_0/PulseRain_RV2T_MCU_i.PulseRain_RV2T_core_i.RV2T_fetch_instruction_i.PC_out[9]:D
  Delay (ns):            0.319                                                                           
  Slack (ns):            0.308                                                                           
  Arrival (ns):          2.875                                                                           
  Required (ns):         2.567                                                                           

Path 23
  From:                  Reindeer_0/ocd_i.debug_coprocessor_i.data_in_sr[8]:CLK
  To:                    Reindeer_0/ocd_i.debug_coprocessor_i.data_in_sr[16]:D
  Delay (ns):            0.318                                                                           
  Slack (ns):            0.308                                                                           
  Arrival (ns):          2.875                                                                           
  Required (ns):         2.567                                                                           

Path 24
  From:                  Reindeer_0/ocd_i.debug_coprocessor_i.data_in_sr[24]:CLK
  To:                    Reindeer_0/ocd_i.debug_coprocessor_i.data_in_sr[32]:D
  Delay (ns):            0.318                                                                           
  Slack (ns):            0.308                                                                           
  Arrival (ns):          2.875                                                                           
  Required (ns):         2.567                                                                           

Path 25
  From:                  Reindeer_0/PulseRain_RV2T_MCU_i.PulseRain_RV2T_core_i.RV2T_fetch_instruction_i.PC_out[13]:CLK
  To:                    Reindeer_0/PulseRain_RV2T_MCU_i.PulseRain_RV2T_core_i.RV2T_instruction_decode_i.PC_out[13]:D
  Delay (ns):            0.319                                                                           
  Slack (ns):            0.308                                                                           
  Arrival (ns):          2.863                                                                           
  Required (ns):         2.555                                                                           

Path 26
  From:                  Reindeer_0/PulseRain_RV2T_MCU_i.PulseRain_RV2T_core_i.RV2T_fetch_instruction_i.PC_out_i[31]:CLK
  To:                    Reindeer_0/PulseRain_RV2T_MCU_i.PulseRain_RV2T_core_i.RV2T_fetch_instruction_i.PC_out[31]:D
  Delay (ns):            0.311                                                                           
  Slack (ns):            0.309                                                                           
  Arrival (ns):          2.882                                                                           
  Required (ns):         2.573                                                                           

Path 27
  From:                  Reindeer_0/PulseRain_RV2T_MCU_i.PulseRain_RV2T_core_i.RV2T_fetch_instruction_i.PC_out_i[29]:CLK
  To:                    Reindeer_0/PulseRain_RV2T_MCU_i.PulseRain_RV2T_core_i.RV2T_fetch_instruction_i.PC_out[29]:D
  Delay (ns):            0.319                                                                           
  Slack (ns):            0.309                                                                           
  Arrival (ns):          2.882                                                                           
  Required (ns):         2.573                                                                           

Path 28
  From:                  Reindeer_0/PulseRain_RV2T_MCU_i.PulseRain_RV2T_core_i.RV2T_fetch_instruction_i.PC_out_i[4]:CLK
  To:                    Reindeer_0/PulseRain_RV2T_MCU_i.PulseRain_RV2T_core_i.RV2T_fetch_instruction_i.PC_out[4]:D
  Delay (ns):            0.311                                                                           
  Slack (ns):            0.309                                                                           
  Arrival (ns):          2.869                                                                           
  Required (ns):         2.560                                                                           

Path 29
  From:                  Reindeer_0/PulseRain_RV2T_MCU_i.PulseRain_RV2T_core_i.RV2T_fetch_instruction_i.PC_out_i[0]:CLK
  To:                    Reindeer_0/PulseRain_RV2T_MCU_i.PulseRain_RV2T_core_i.RV2T_fetch_instruction_i.PC_out[0]:D
  Delay (ns):            0.312                                                                           
  Slack (ns):            0.310                                                                           
  Arrival (ns):          2.878                                                                           
  Required (ns):         2.568                                                                           

Path 30
  From:                  Reindeer_0/ocd_i.debug_coprocessor_i.data_in_sr[16]:CLK
  To:                    Reindeer_0/ocd_i.debug_coprocessor_i.data_in_sr[24]:D
  Delay (ns):            0.320                                                                           
  Slack (ns):            0.310                                                                           
  Arrival (ns):          2.877                                                                           
  Required (ns):         2.567                                                                           

Path 31
  From:                  Reindeer_0/ocd_i.debug_UART_i.UART_i.SBUF_out[3]:CLK
  To:                    Reindeer_0/ocd_i.debug_coprocessor_i.data_in_sr[3]:D
  Delay (ns):            0.320                                                                           
  Slack (ns):            0.310                                                                           
  Arrival (ns):          2.875                                                                           
  Required (ns):         2.565                                                                           

Path 32
  From:                  Reindeer_0/PulseRain_RV2T_MCU_i.PulseRain_RV2T_core_i.RV2T_fetch_instruction_i.PC_out[9]:CLK
  To:                    Reindeer_0/PulseRain_RV2T_MCU_i.PulseRain_RV2T_core_i.RV2T_instruction_decode_i.PC_out[9]:D
  Delay (ns):            0.322                                                                           
  Slack (ns):            0.311                                                                           
  Arrival (ns):          2.878                                                                           
  Required (ns):         2.567                                                                           

Path 33
  From:                  Reindeer_0/ocd_i.debug_UART_i.UART_i.SBUF_out[0]:CLK
  To:                    Reindeer_0/ocd_i.debug_coprocessor_i.data_in_sr[0]:D
  Delay (ns):            0.322                                                                           
  Slack (ns):            0.311                                                                           
  Arrival (ns):          2.873                                                                           
  Required (ns):         2.562                                                                           

Path 34
  From:                  Reindeer_0/ocd_i.debug_coprocessor_i.data_in_sr[9]:CLK
  To:                    Reindeer_0/ocd_i.debug_coprocessor_i.data_in_sr[17]:D
  Delay (ns):            0.323                                                                           
  Slack (ns):            0.312                                                                           
  Arrival (ns):          2.865                                                                           
  Required (ns):         2.553                                                                           

Path 35
  From:                  Reindeer_0/ocd_i.debug_coprocessor_i.data_in_sr[10]:CLK
  To:                    Reindeer_0/ocd_i.debug_coprocessor_i.data_in_sr[18]:D
  Delay (ns):            0.324                                                                           
  Slack (ns):            0.313                                                                           
  Arrival (ns):          2.868                                                                           
  Required (ns):         2.555                                                                           

Path 36
  From:                  Reindeer_0/ocd_i.debug_UART_i.UART_i.SBUF_out[4]:CLK
  To:                    Reindeer_0/ocd_i.debug_UART_i.UART_i.SBUF_out[3]:D
  Delay (ns):            0.325                                                                           
  Slack (ns):            0.313                                                                           
  Arrival (ns):          2.879                                                                           
  Required (ns):         2.566                                                                           

Path 37
  From:                  Reindeer_0/PulseRain_RV2T_MCU_i.PulseRain_RV2T_core_i.RV2T_fetch_instruction_i.PC_out[7]:CLK
  To:                    Reindeer_0/PulseRain_RV2T_MCU_i.PulseRain_RV2T_core_i.RV2T_instruction_decode_i.PC_out[7]:D
  Delay (ns):            0.324                                                                           
  Slack (ns):            0.313                                                                           
  Arrival (ns):          2.882                                                                           
  Required (ns):         2.569                                                                           

Path 38
  From:                  Reindeer_0/ocd_i.debug_UART_i.UART_i.SBUF_out[7]:CLK
  To:                    Reindeer_0/ocd_i.debug_UART_i.UART_i.SBUF_out[6]:D
  Delay (ns):            0.332                                                                           
  Slack (ns):            0.314                                                                           
  Arrival (ns):          2.879                                                                           
  Required (ns):         2.565                                                                           

Path 39
  From:                  Reindeer_0/ocd_i.debug_UART_i.UART_i.SBUF_out[7]:CLK
  To:                    Reindeer_0/ocd_i.debug_coprocessor_i.data_in_sr[7]:D
  Delay (ns):            0.332                                                                           
  Slack (ns):            0.314                                                                           
  Arrival (ns):          2.879                                                                           
  Required (ns):         2.565                                                                           

Path 40
  From:                  Reindeer_0/ocd_i.debug_UART_i.UART_i.SBUF_out[1]:CLK
  To:                    Reindeer_0/ocd_i.debug_coprocessor_i.data_in_sr[1]:D
  Delay (ns):            0.325                                                                           
  Slack (ns):            0.314                                                                           
  Arrival (ns):          2.867                                                                           
  Required (ns):         2.553                                                                           

Path 41
  From:                  Reindeer_0/PulseRain_RV2T_MCU_i.PulseRain_RV2T_core_i.RV2T_data_access_i.mem_data_in_reg[15]:CLK
  To:                    Reindeer_0/PulseRain_RV2T_MCU_i.PulseRain_RV2T_core_i.RV2T_data_access_i.mem_data_in_reg_ret_5:D
  Delay (ns):            0.331                                                                           
  Slack (ns):            0.314                                                                           
  Arrival (ns):          2.863                                                                           
  Required (ns):         2.549                                                                           

Path 42
  From:                  Reindeer_0/PulseRain_RV2T_MCU_i.PulseRain_RV2T_core_i.RV2T_fetch_instruction_i.PC_out_i[5]:CLK
  To:                    Reindeer_0/PulseRain_RV2T_MCU_i.PulseRain_RV2T_core_i.RV2T_fetch_instruction_i.PC_out[5]:D
  Delay (ns):            0.325                                                                           
  Slack (ns):            0.315                                                                           
  Arrival (ns):          2.875                                                                           
  Required (ns):         2.560                                                                           

Path 43
  From:                  Reindeer_0/ocd_i.debug_coprocessor_i.data_in_sr[41]:CLK
  To:                    Reindeer_0/ocd_i.debug_coprocessor_i.cpu_start_addr[25]:D
  Delay (ns):            0.326                                                                           
  Slack (ns):            0.315                                                                           
  Arrival (ns):          2.891                                                                           
  Required (ns):         2.576                                                                           

Path 44
  From:                  Reindeer_0/ocd_i.debug_UART_i.UART_i.SBUF_out[6]:CLK
  To:                    Reindeer_0/ocd_i.debug_UART_i.UART_i.SBUF_out[5]:D
  Delay (ns):            0.319                                                                           
  Slack (ns):            0.316                                                                           
  Arrival (ns):          2.873                                                                           
  Required (ns):         2.557                                                                           

Path 45
  From:                  Reindeer_0/PulseRain_RV2T_MCU_i.PulseRain_RV2T_core_i.RV2T_instruction_decode_i.PC_out[10]:CLK
  To:                    Reindeer_0/PulseRain_RV2T_MCU_i.PulseRain_RV2T_core_i.RV2T_execution_unit_i.PC_out[10]:D
  Delay (ns):            0.336                                                                           
  Slack (ns):            0.316                                                                           
  Arrival (ns):          2.893                                                                           
  Required (ns):         2.577                                                                           

Path 46
  From:                  Reindeer_0/ocd_i.debug_UART_i.UART_i.SBUF_out[6]:CLK
  To:                    Reindeer_0/ocd_i.debug_coprocessor_i.data_in_sr[6]:D
  Delay (ns):            0.319                                                                           
  Slack (ns):            0.316                                                                           
  Arrival (ns):          2.873                                                                           
  Required (ns):         2.557                                                                           

Path 47
  From:                  Reindeer_0/ocd_i.debug_coprocessor_i.data_in_sr[38]:CLK
  To:                    Reindeer_0/ocd_i.debug_coprocessor_i.cpu_start_addr[22]:D
  Delay (ns):            0.320                                                                           
  Slack (ns):            0.317                                                                           
  Arrival (ns):          2.878                                                                           
  Required (ns):         2.561                                                                           

Path 48
  From:                  Reindeer_0/PulseRain_RV2T_MCU_i.PulseRain_RV2T_core_i.RV2T_fetch_instruction_i.PC_out[28]:CLK
  To:                    Reindeer_0/PulseRain_RV2T_MCU_i.PulseRain_RV2T_core_i.RV2T_instruction_decode_i.PC_out[28]:D
  Delay (ns):            0.322                                                                           
  Slack (ns):            0.317                                                                           
  Arrival (ns):          2.874                                                                           
  Required (ns):         2.557                                                                           

Path 49
  From:                  Reindeer_0/ocd_i.debug_coprocessor_i.data_in_sr[25]:CLK
  To:                    Reindeer_0/ocd_i.debug_coprocessor_i.data_in_sr[33]:D
  Delay (ns):            0.329                                                                           
  Slack (ns):            0.318                                                                           
  Arrival (ns):          2.894                                                                           
  Required (ns):         2.576                                                                           

Path 50
  From:                  Reindeer_0/ocd_i.debug_coprocessor_i.data_in_sr[1]:CLK
  To:                    Reindeer_0/ocd_i.debug_coprocessor_i.data_in_sr[9]:D
  Delay (ns):            0.330                                                                           
  Slack (ns):            0.319                                                                           
  Arrival (ns):          2.872                                                                           
  Required (ns):         2.553                                                                           

Path 51
  From:                  Reindeer_0/ocd_i.debug_coprocessor_i.current_state[10]:CLK
  To:                    Reindeer_0/ocd_i.debug_coprocessor_i.current_state_ret_2:D
  Delay (ns):            0.329                                                                           
  Slack (ns):            0.319                                                                           
  Arrival (ns):          2.871                                                                           
  Required (ns):         2.552                                                                           

Path 52
  From:                  Reindeer_0/PulseRain_RV2T_MCU_i.PulseRain_RV2T_core_i.RV2T_CSR_i.mcycle_i[61]:CLK
  To:                    Reindeer_0/PulseRain_RV2T_MCU_i.PulseRain_RV2T_core_i.RV2T_CSR_i.mcycleh[29]:D
  Delay (ns):            0.321                                                                           
  Slack (ns):            0.319                                                                           
  Arrival (ns):          2.886                                                                           
  Required (ns):         2.567                                                                           

Path 53
  From:                  Reindeer_0/ocd_i.debug_coprocessor_i.data_in_sr[35]:CLK
  To:                    Reindeer_0/ocd_i.debug_coprocessor_i.data_in_sr[43]:D
  Delay (ns):            0.338                                                                           
  Slack (ns):            0.319                                                                           
  Arrival (ns):          2.896                                                                           
  Required (ns):         2.577                                                                           

Path 54
  From:                  Reindeer_0/ocd_i.debug_coprocessor_i.data_in_sr[33]:CLK
  To:                    Reindeer_0/ocd_i.debug_coprocessor_i.data_in_sr[41]:D
  Delay (ns):            0.330                                                                           
  Slack (ns):            0.319                                                                           
  Arrival (ns):          2.895                                                                           
  Required (ns):         2.576                                                                           

Path 55
  From:                  Reindeer_0/PulseRain_RV2T_MCU_i.PulseRain_RV2T_core_i.RV2T_CSR_i.minstret_i[60]:CLK
  To:                    Reindeer_0/PulseRain_RV2T_MCU_i.PulseRain_RV2T_core_i.RV2T_CSR_i.minstreth[28]:D
  Delay (ns):            0.329                                                                           
  Slack (ns):            0.319                                                                           
  Arrival (ns):          2.874                                                                           
  Required (ns):         2.555                                                                           

Path 56
  From:                  Reindeer_0/ocd_i.debug_coprocessor_i.data_in_sr[35]:CLK
  To:                    Reindeer_0/ocd_i.debug_coprocessor_i.cpu_start_addr[19]:D
  Delay (ns):            0.338                                                                           
  Slack (ns):            0.320                                                                           
  Arrival (ns):          2.896                                                                           
  Required (ns):         2.576                                                                           

Path 57
  From:                  Reindeer_0/PulseRain_RV2T_MCU_i.PulseRain_RV2T_core_i.RV2T_data_access_i.mem_data_in_reg[11]:CLK
  To:                    Reindeer_0/PulseRain_RV2T_MCU_i.PulseRain_RV2T_core_i.RV2T_data_access_i.mem_data_in_reg_ret_3:D
  Delay (ns):            0.330                                                                           
  Slack (ns):            0.320                                                                           
  Arrival (ns):          2.882                                                                           
  Required (ns):         2.562                                                                           

Path 58
  From:                  Reindeer_0/ocd_i.debug_coprocessor_i.data_in_sr[30]:CLK
  To:                    Reindeer_0/ocd_i.debug_coprocessor_i.cpu_start_addr[14]:D
  Delay (ns):            0.332                                                                           
  Slack (ns):            0.321                                                                           
  Arrival (ns):          2.890                                                                           
  Required (ns):         2.569                                                                           

Path 59
  From:                  Reindeer_0/ocd_i.debug_coprocessor_i.data_in_sr[30]:CLK
  To:                    Reindeer_0/ocd_i.debug_coprocessor_i.data_in_sr[38]:D
  Delay (ns):            0.332                                                                           
  Slack (ns):            0.321                                                                           
  Arrival (ns):          2.890                                                                           
  Required (ns):         2.569                                                                           

Path 60
  From:                  Reindeer_0/PulseRain_RV2T_MCU_i.PulseRain_RV2T_core_i.RV2T_instruction_decode_i.IR_out[7]:CLK
  To:                    Reindeer_0/PulseRain_RV2T_MCU_i.PulseRain_RV2T_core_i.RV2T_execution_unit_i.IR_out_0[1]:D
  Delay (ns):            0.332                                                                           
  Slack (ns):            0.321                                                                           
  Arrival (ns):          2.884                                                                           
  Required (ns):         2.563                                                                           

Path 61
  From:                  Reindeer_0/ocd_i.debug_coprocessor_i.data_in_sr[42]:CLK
  To:                    Reindeer_0/ocd_i.debug_coprocessor_i.pram_write_data_out[26]:D
  Delay (ns):            0.340                                                                           
  Slack (ns):            0.321                                                                           
  Arrival (ns):          2.882                                                                           
  Required (ns):         2.561                                                                           

Path 62
  From:                  Reindeer_0/ocd_i.debug_coprocessor_i.data_in_sr[45]:CLK
  To:                    Reindeer_0/ocd_i.debug_coprocessor_i.cpu_start_addr[29]:D
  Delay (ns):            0.337                                                                           
  Slack (ns):            0.321                                                                           
  Arrival (ns):          2.890                                                                           
  Required (ns):         2.569                                                                           

Path 63
  From:                  Reindeer_0/ocd_i.debug_UART_i.UART_i.SBUF_out[4]:CLK
  To:                    Reindeer_0/ocd_i.debug_coprocessor_i.data_in_sr[4]:D
  Delay (ns):            0.325                                                                           
  Slack (ns):            0.322                                                                           
  Arrival (ns):          2.879                                                                           
  Required (ns):         2.557                                                                           

Path 64
  From:                  Reindeer_0/ocd_i.debug_coprocessor_i.data_in_sr[15]:CLK
  To:                    Reindeer_0/ocd_i.debug_coprocessor_i.data_in_sr[23]:D
  Delay (ns):            0.324                                                                           
  Slack (ns):            0.322                                                                           
  Arrival (ns):          2.875                                                                           
  Required (ns):         2.553                                                                           

Path 65
  From:                  Reindeer_0/PulseRain_RV2T_MCU_i.PulseRain_RV2T_core_i.RV2T_instruction_decode_i.IR_out[17]:CLK
  To:                    Reindeer_0/PulseRain_RV2T_MCU_i.PulseRain_RV2T_core_i.RV2T_execution_unit_i.LUI_out[17]:D
  Delay (ns):            0.337                                                                           
  Slack (ns):            0.326                                                                           
  Arrival (ns):          2.903                                                                           
  Required (ns):         2.577                                                                           

Path 66
  From:                  Reindeer_0/ocd_i.debug_coprocessor_i.current_state[10]:CLK
  To:                    Reindeer_0/ocd_i.debug_coprocessor_i.current_state[10]:D
  Delay (ns):            0.326                                                                           
  Slack (ns):            0.326                                                                           
  Arrival (ns):          2.868                                                                           
  Required (ns):         2.542                                                                           

Path 67
  From:                  Reindeer_0/ocd_i.debug_coprocessor_i.data_in_sr[43]:CLK
  To:                    Reindeer_0/ocd_i.debug_coprocessor_i.cpu_start_addr[27]:D
  Delay (ns):            0.329                                                                           
  Slack (ns):            0.327                                                                           
  Arrival (ns):          2.895                                                                           
  Required (ns):         2.568                                                                           

Path 68
  From:                  Reindeer_0/PulseRain_RV2T_MCU_i.PulseRain_RV2T_core_i.RV2T_controller_i.current_state[10]:CLK
  To:                    Reindeer_0/PulseRain_RV2T_MCU_i.PulseRain_RV2T_core_i.RV2T_controller_i.current_state[10]:D
  Delay (ns):            0.327                                                                           
  Slack (ns):            0.327                                                                           
  Arrival (ns):          2.884                                                                           
  Required (ns):         2.557                                                                           

Path 69
  From:                  Reindeer_0/ocd_i.debug_reply_i.data_out_sr[27]:CLK
  To:                    Reindeer_0/ocd_i.debug_reply_i.data_out_sr[27]:D
  Delay (ns):            0.327                                                                           
  Slack (ns):            0.327                                                                           
  Arrival (ns):          2.851                                                                           
  Required (ns):         2.524                                                                           

Path 70
  From:                  Reindeer_0/ocd_i.debug_UART_i.UART_i.SBUF_out[2]:CLK
  To:                    Reindeer_0/ocd_i.debug_UART_i.UART_i.SBUF_out[1]:D
  Delay (ns):            0.329                                                                           
  Slack (ns):            0.327                                                                           
  Arrival (ns):          2.880                                                                           
  Required (ns):         2.553                                                                           

Path 71
  From:                  Reindeer_0/ocd_i.debug_coprocessor_i.data_in_sr[61]:CLK
  To:                    Reindeer_0/ocd_i.debug_coprocessor_i.data_in_sr[69]:D
  Delay (ns):            0.330                                                                           
  Slack (ns):            0.328                                                                           
  Arrival (ns):          2.882                                                                           
  Required (ns):         2.554                                                                           

Path 72
  From:                  Reindeer_0/ocd_i.debug_UART_i.UART_i.current_state[5]:CLK
  To:                    Reindeer_0/ocd_i.debug_UART_i.UART_i.current_state[5]:D
  Delay (ns):            0.328                                                                           
  Slack (ns):            0.328                                                                           
  Arrival (ns):          2.872                                                                           
  Required (ns):         2.544                                                                           

Path 73
  From:                  Reindeer_0/ocd_i.debug_reply_i.current_state[5]:CLK
  To:                    Reindeer_0/ocd_i.debug_reply_i.current_state[5]:D
  Delay (ns):            0.328                                                                           
  Slack (ns):            0.328                                                                           
  Arrival (ns):          2.863                                                                           
  Required (ns):         2.535                                                                           

Path 74
  From:                  Reindeer_0/PulseRain_RV2T_MCU_i.PulseRain_RV2T_core_i.RV2T_controller_i.current_state[8]:CLK
  To:                    Reindeer_0/PulseRain_RV2T_MCU_i.PulseRain_RV2T_core_i.RV2T_controller_i.current_state[8]:D
  Delay (ns):            0.328                                                                           
  Slack (ns):            0.328                                                                           
  Arrival (ns):          2.885                                                                           
  Required (ns):         2.557                                                                           

Path 75
  From:                  Reindeer_0/ocd_i.debug_UART_i.UART_i.current_state[6]:CLK
  To:                    Reindeer_0/ocd_i.debug_UART_i.UART_i.current_state[6]:D
  Delay (ns):            0.328                                                                           
  Slack (ns):            0.328                                                                           
  Arrival (ns):          2.856                                                                           
  Required (ns):         2.528                                                                           

Path 76
  From:                  Reindeer_0/PulseRain_RV2T_MCU_i.PulseRain_RV2T_core_i.RV2T_CSR_i.minstret_i[62]:CLK
  To:                    Reindeer_0/PulseRain_RV2T_MCU_i.PulseRain_RV2T_core_i.RV2T_CSR_i.minstreth[30]:D
  Delay (ns):            0.346                                                                           
  Slack (ns):            0.329                                                                           
  Arrival (ns):          2.891                                                                           
  Required (ns):         2.562                                                                           

Path 77
  From:                  Reindeer_0/ocd_i.debug_coprocessor_i.data_in_sr[42]:CLK
  To:                    Reindeer_0/ocd_i.debug_coprocessor_i.data_in_sr[50]:D
  Delay (ns):            0.340                                                                           
  Slack (ns):            0.329                                                                           
  Arrival (ns):          2.882                                                                           
  Required (ns):         2.553                                                                           

Path 78
  From:                  Reindeer_0/ocd_i.debug_UART_i.UART_i.current_state[7]:CLK
  To:                    Reindeer_0/ocd_i.debug_UART_i.UART_i.current_state[7]:D
  Delay (ns):            0.329                                                                           
  Slack (ns):            0.329                                                                           
  Arrival (ns):          2.867                                                                           
  Required (ns):         2.538                                                                           

Path 79
  From:                  Reindeer_0/ocd_i.debug_coprocessor_i.data_in_sr[49]:CLK
  To:                    Reindeer_0/ocd_i.debug_coprocessor_i.data_in_sr[57]:D
  Delay (ns):            0.346                                                                           
  Slack (ns):            0.329                                                                           
  Arrival (ns):          2.889                                                                           
  Required (ns):         2.560                                                                           

Path 80
  From:                  Reindeer_0/PulseRain_RV2T_MCU_i.PulseRain_RV2T_core_i.RV2T_instruction_decode_i.IR_out[10]:CLK
  To:                    Reindeer_0/PulseRain_RV2T_MCU_i.PulseRain_RV2T_core_i.RV2T_execution_unit_i.IR_out_0[4]:D
  Delay (ns):            0.333                                                                           
  Slack (ns):            0.330                                                                           
  Arrival (ns):          2.893                                                                           
  Required (ns):         2.563                                                                           

Path 81
  From:                  Reindeer_0/ocd_i.debug_reply_i.data_out_sr[21]:CLK
  To:                    Reindeer_0/ocd_i.debug_reply_i.data_out_sr[21]:D
  Delay (ns):            0.331                                                                           
  Slack (ns):            0.331                                                                           
  Arrival (ns):          2.875                                                                           
  Required (ns):         2.544                                                                           

Path 82
  From:                  Reindeer_0/ocd_i.debug_reply_i.data_out_sr[26]:CLK
  To:                    Reindeer_0/ocd_i.debug_reply_i.data_out_sr[26]:D
  Delay (ns):            0.331                                                                           
  Slack (ns):            0.331                                                                           
  Arrival (ns):          2.875                                                                           
  Required (ns):         2.544                                                                           

Path 83
  From:                  Reindeer_0/ocd_i.debug_reply_i.data_out_sr[59]:CLK
  To:                    Reindeer_0/ocd_i.debug_reply_i.data_out_sr[59]:D
  Delay (ns):            0.331                                                                           
  Slack (ns):            0.331                                                                           
  Arrival (ns):          2.881                                                                           
  Required (ns):         2.550                                                                           

Path 84
  From:                  Reindeer_0/ocd_i.debug_reply_i.data_out_sr[58]:CLK
  To:                    Reindeer_0/ocd_i.debug_reply_i.data_out_sr[58]:D
  Delay (ns):            0.331                                                                           
  Slack (ns):            0.331                                                                           
  Arrival (ns):          2.883                                                                           
  Required (ns):         2.552                                                                           

Path 85
  From:                  Reindeer_0/PulseRain_RV2T_MCU_i.PulseRain_RV2T_core_i.RV2T_controller_i.current_state[15]:CLK
  To:                    Reindeer_0/PulseRain_RV2T_MCU_i.PulseRain_RV2T_core_i.RV2T_controller_i.current_state[15]:D
  Delay (ns):            0.331                                                                           
  Slack (ns):            0.331                                                                           
  Arrival (ns):          2.880                                                                           
  Required (ns):         2.549                                                                           

Path 86
  From:                  Reindeer_0/ocd_i.debug_coprocessor_i.data_in_sr[27]:CLK
  To:                    Reindeer_0/ocd_i.debug_coprocessor_i.data_in_sr[35]:D
  Delay (ns):            0.335                                                                           
  Slack (ns):            0.332                                                                           
  Arrival (ns):          2.900                                                                           
  Required (ns):         2.568                                                                           

Path 87
  From:                  Reindeer_0/ocd_i.debug_reply_i.data_out_sr[60]:CLK
  To:                    Reindeer_0/ocd_i.debug_reply_i.data_out_sr[60]:D
  Delay (ns):            0.332                                                                           
  Slack (ns):            0.332                                                                           
  Arrival (ns):          2.871                                                                           
  Required (ns):         2.539                                                                           

Path 88
  From:                  Reindeer_0/ocd_i.debug_reply_i.data_out_sr[63]:CLK
  To:                    Reindeer_0/ocd_i.debug_reply_i.data_out_sr[63]:D
  Delay (ns):            0.332                                                                           
  Slack (ns):            0.332                                                                           
  Arrival (ns):          2.885                                                                           
  Required (ns):         2.553                                                                           

Path 89
  From:                  Reindeer_0/ocd_i.debug_reply_i.data_out_sr[43]:CLK
  To:                    Reindeer_0/ocd_i.debug_reply_i.data_out_sr[43]:D
  Delay (ns):            0.332                                                                           
  Slack (ns):            0.332                                                                           
  Arrival (ns):          2.887                                                                           
  Required (ns):         2.555                                                                           

Path 90
  From:                  Reindeer_0/ocd_i.debug_reply_i.data_out_sr[50]:CLK
  To:                    Reindeer_0/ocd_i.debug_reply_i.data_out_sr[50]:D
  Delay (ns):            0.332                                                                           
  Slack (ns):            0.332                                                                           
  Arrival (ns):          2.857                                                                           
  Required (ns):         2.525                                                                           

Path 91
  From:                  Reindeer_0/ocd_i.debug_coprocessor_i.data_in_sr[27]:CLK
  To:                    Reindeer_0/ocd_i.debug_coprocessor_i.cpu_start_addr[11]:D
  Delay (ns):            0.335                                                                           
  Slack (ns):            0.332                                                                           
  Arrival (ns):          2.900                                                                           
  Required (ns):         2.568                                                                           

Path 92
  From:                  Reindeer_0/ocd_i.debug_reply_i.data_out_sr[29]:CLK
  To:                    Reindeer_0/ocd_i.debug_reply_i.data_out_sr[29]:D
  Delay (ns):            0.333                                                                           
  Slack (ns):            0.333                                                                           
  Arrival (ns):          2.877                                                                           
  Required (ns):         2.544                                                                           

Path 93
  From:                  Reindeer_0/ocd_i.debug_reply_i.data_out_sr[25]:CLK
  To:                    Reindeer_0/ocd_i.debug_reply_i.data_out_sr[25]:D
  Delay (ns):            0.333                                                                           
  Slack (ns):            0.333                                                                           
  Arrival (ns):          2.882                                                                           
  Required (ns):         2.549                                                                           

Path 94
  From:                  Reindeer_0/ocd_i.debug_reply_i.data_out_sr[28]:CLK
  To:                    Reindeer_0/ocd_i.debug_reply_i.data_out_sr[28]:D
  Delay (ns):            0.333                                                                           
  Slack (ns):            0.333                                                                           
  Arrival (ns):          2.873                                                                           
  Required (ns):         2.540                                                                           

Path 95
  From:                  Reindeer_0/ocd_i.debug_coprocessor_i.data_in_sr[56]:CLK
  To:                    Reindeer_0/ocd_i.debug_coprocessor_i.data_in_sr[64]:D
  Delay (ns):            0.352                                                                           
  Slack (ns):            0.333                                                                           
  Arrival (ns):          2.895                                                                           
  Required (ns):         2.562                                                                           

Path 96
  From:                  Reindeer_0/ocd_i.debug_reply_i.data_out_sr[38]:CLK
  To:                    Reindeer_0/ocd_i.debug_reply_i.data_out_sr[38]:D
  Delay (ns):            0.333                                                                           
  Slack (ns):            0.333                                                                           
  Arrival (ns):          2.872                                                                           
  Required (ns):         2.539                                                                           

Path 97
  From:                  Reindeer_0/ocd_i.debug_reply_i.data_out_sr[31]:CLK
  To:                    Reindeer_0/ocd_i.debug_reply_i.data_out_sr[31]:D
  Delay (ns):            0.333                                                                           
  Slack (ns):            0.333                                                                           
  Arrival (ns):          2.882                                                                           
  Required (ns):         2.549                                                                           

Path 98
  From:                  Reindeer_0/ocd_i.debug_reply_i.data_out_sr[33]:CLK
  To:                    Reindeer_0/ocd_i.debug_reply_i.data_out_sr[33]:D
  Delay (ns):            0.333                                                                           
  Slack (ns):            0.333                                                                           
  Arrival (ns):          2.882                                                                           
  Required (ns):         2.549                                                                           

Path 99
  From:                  Reindeer_0/ocd_i.debug_reply_i.data_out_sr[53]:CLK
  To:                    Reindeer_0/ocd_i.debug_reply_i.data_out_sr[53]:D
  Delay (ns):            0.333                                                                           
  Slack (ns):            0.333                                                                           
  Arrival (ns):          2.883                                                                           
  Required (ns):         2.550                                                                           

Path 100
  From:                  Reindeer_0/ocd_i.debug_reply_i.data_out_sr[56]:CLK
  To:                    Reindeer_0/ocd_i.debug_reply_i.data_out_sr[56]:D
  Delay (ns):            0.333                                                                           
  Slack (ns):            0.333                                                                           
  Arrival (ns):          2.864                                                                           
  Required (ns):         2.531                                                                           

