Timing Violation Report Max Delay Analysis

SmartTime Version v11.9 SP1
Microsemi Corporation - Microsemi Libero Software Release v11.9 SP1 (Version 11.9.1.0)
Date: Fri Nov 23 22:56:21 2018


Design: creative
Family: SmartFusion2
Die: M2S025
Package: 256 VF
Temperature Range: 0 - 85 C
Voltage Range: 1.14 - 1.26 V
Speed Grade: -1
Design State: Post-Layout
Data source: Production
Min Operating Conditions: BEST - 1.26 V - 0 C
Max Operating Conditions: WORST - 1.14 V - 85 C
Scenario for Timing Analysis: timing_analysis


Path 1
  From:                  Reindeer_0/PulseRain_RV2T_MCU_i.PulseRain_RV2T_core_i.RV2T_fetch_instruction_i.read_mem_addr_ret_0[2]:CLK
  To:                    Reindeer_0/PulseRain_RV2T_MCU_i.ram_low_i.gen_if_proc.gen_for_proc[1].ram_8bit_1st.mem_mem_0_0/INST_RAM1K18_IP:A_WEN[0]
  Delay (ns):            9.446                                                                           
  Slack (ns):            -3.535                                                                          
  Arrival (ns):          13.019                                                                          
  Required (ns):         9.484                                                                           

Path 2
  From:                  Reindeer_0/PulseRain_RV2T_MCU_i.PulseRain_RV2T_core_i.RV2T_fetch_instruction_i.read_mem_addr_ret_0[1]:CLK
  To:                    Reindeer_0/PulseRain_RV2T_MCU_i.ram_low_i.gen_if_proc.gen_for_proc[1].ram_8bit_1st.mem_mem_0_0/INST_RAM1K18_IP:A_WEN[0]
  Delay (ns):            9.376                                                                           
  Slack (ns):            -3.465                                                                          
  Arrival (ns):          12.949                                                                          
  Required (ns):         9.484                                                                           

Path 3
  From:                  Reindeer_0/PulseRain_RV2T_MCU_i.PulseRain_RV2T_core_i.RV2T_controller_i.current_state[1]:CLK
  To:                    Reindeer_0/PulseRain_RV2T_MCU_i.PulseRain_RV2T_core_i.RV2T_execution_unit_i.X_ret_0:D
  Delay (ns):            9.263                                                                           
  Slack (ns):            -3.307                                                                          
  Arrival (ns):          12.850                                                                          
  Required (ns):         9.543                                                                           

Path 4
  From:                  Reindeer_0/PulseRain_RV2T_MCU_i.PulseRain_RV2T_core_i.RV2T_controller_i.current_state[1]:CLK
  To:                    Reindeer_0/PulseRain_RV2T_MCU_i.PulseRain_RV2T_core_i.RV2T_execution_unit_i.Y_ret_12:D
  Delay (ns):            9.205                                                                           
  Slack (ns):            -3.251                                                                          
  Arrival (ns):          12.792                                                                          
  Required (ns):         9.541                                                                           

Path 5
  From:                  Reindeer_0/PulseRain_RV2T_MCU_i.PulseRain_RV2T_core_i.RV2T_fetch_instruction_i.read_mem_addr_ret_0[2]:CLK
  To:                    Reindeer_0/PulseRain_RV2T_MCU_i.ram_low_i.gen_if_proc.gen_for_proc[1].ram_8bit_1st.mem_mem_0_1/INST_RAM1K18_IP:A_WEN[0]
  Delay (ns):            9.080                                                                           
  Slack (ns):            -3.172                                                                          
  Arrival (ns):          12.653                                                                          
  Required (ns):         9.481                                                                           

Path 6
  From:                  Reindeer_0/PulseRain_RV2T_MCU_i.PulseRain_RV2T_core_i.RV2T_controller_i.current_state[1]:CLK
  To:                    Reindeer_0/PulseRain_RV2T_MCU_i.PulseRain_RV2T_core_i.RV2T_execution_unit_i.Y_ret_0:D
  Delay (ns):            9.075                                                                           
  Slack (ns):            -3.119                                                                          
  Arrival (ns):          12.662                                                                          
  Required (ns):         9.543                                                                           

Path 7
  From:                  Reindeer_0/PulseRain_RV2T_MCU_i.PulseRain_RV2T_core_i.RV2T_fetch_instruction_i.read_mem_addr_ret_2:CLK
  To:                    Reindeer_0/PulseRain_RV2T_MCU_i.ram_low_i.gen_if_proc.gen_for_proc[1].ram_8bit_1st.mem_mem_0_0/INST_RAM1K18_IP:A_WEN[0]
  Delay (ns):            9.029                                                                           
  Slack (ns):            -3.118                                                                          
  Arrival (ns):          12.602                                                                          
  Required (ns):         9.484                                                                           

Path 8
  From:                  Reindeer_0/PulseRain_RV2T_MCU_i.PulseRain_RV2T_core_i.RV2T_fetch_instruction_i.read_mem_addr_ret_0[1]:CLK
  To:                    Reindeer_0/PulseRain_RV2T_MCU_i.ram_low_i.gen_if_proc.gen_for_proc[1].ram_8bit_1st.mem_mem_0_1/INST_RAM1K18_IP:A_WEN[0]
  Delay (ns):            9.010                                                                           
  Slack (ns):            -3.102                                                                          
  Arrival (ns):          12.583                                                                          
  Required (ns):         9.481                                                                           

Path 9
  From:                  Reindeer_0/PulseRain_RV2T_MCU_i.PulseRain_RV2T_core_i.RV2T_fetch_instruction_i.read_mem_enable:CLK
  To:                    Reindeer_0/PulseRain_RV2T_MCU_i.ram_low_i.gen_if_proc.gen_for_proc[1].ram_8bit_1st.mem_mem_0_0/INST_RAM1K18_IP:A_WEN[0]
  Delay (ns):            8.923                                                                           
  Slack (ns):            -3.021                                                                          
  Arrival (ns):          12.505                                                                          
  Required (ns):         9.484                                                                           

Path 10
  From:                  Reindeer_0/PulseRain_RV2T_MCU_i.PulseRain_RV2T_core_i.RV2T_fetch_instruction_i.read_mem_addr_ret_31[15]:CLK
  To:                    Reindeer_0/PulseRain_RV2T_MCU_i.ram_low_i.gen_if_proc.gen_for_proc[1].ram_8bit_1st.mem_mem_0_0/INST_RAM1K18_IP:A_WEN[0]
  Delay (ns):            8.867                                                                           
  Slack (ns):            -2.960                                                                          
  Arrival (ns):          12.444                                                                          
  Required (ns):         9.484                                                                           

Path 11
  From:                  Reindeer_0/PulseRain_RV2T_MCU_i.PulseRain_RV2T_core_i.RV2T_fetch_instruction_i.read_mem_addr_ret_2:CLK
  To:                    Reindeer_0/PulseRain_RV2T_MCU_i.ram_low_i.gen_if_proc.gen_for_proc[1].ram_8bit_1st.mem_mem_0_1/INST_RAM1K18_IP:A_WEN[0]
  Delay (ns):            8.663                                                                           
  Slack (ns):            -2.755                                                                          
  Arrival (ns):          12.236                                                                          
  Required (ns):         9.481                                                                           

Path 12
  From:                  Reindeer_0/PulseRain_RV2T_MCU_i.PulseRain_RV2T_core_i.RV2T_fetch_instruction_i.read_mem_enable:CLK
  To:                    Reindeer_0/PulseRain_RV2T_MCU_i.ram_low_i.gen_if_proc.gen_for_proc[1].ram_8bit_1st.mem_mem_0_1/INST_RAM1K18_IP:A_WEN[0]
  Delay (ns):            8.557                                                                           
  Slack (ns):            -2.658                                                                          
  Arrival (ns):          12.139                                                                          
  Required (ns):         9.481                                                                           

Path 13
  From:                  Reindeer_0/PulseRain_RV2T_MCU_i.PulseRain_RV2T_core_i.RV2T_fetch_instruction_i.read_mem_addr_ret[15]:CLK
  To:                    Reindeer_0/PulseRain_RV2T_MCU_i.ram_low_i.gen_if_proc.gen_for_proc[1].ram_8bit_1st.mem_mem_0_0/INST_RAM1K18_IP:A_WEN[0]
  Delay (ns):            8.524                                                                           
  Slack (ns):            -2.622                                                                          
  Arrival (ns):          12.106                                                                          
  Required (ns):         9.484                                                                           

Path 14
  From:                  Reindeer_0/PulseRain_RV2T_MCU_i.PulseRain_RV2T_core_i.RV2T_fetch_instruction_i.read_mem_addr_ret_31[15]:CLK
  To:                    Reindeer_0/PulseRain_RV2T_MCU_i.ram_low_i.gen_if_proc.gen_for_proc[1].ram_8bit_1st.mem_mem_0_1/INST_RAM1K18_IP:A_WEN[0]
  Delay (ns):            8.501                                                                           
  Slack (ns):            -2.597                                                                          
  Arrival (ns):          12.078                                                                          
  Required (ns):         9.481                                                                           

Path 15
  From:                  Reindeer_0/PulseRain_RV2T_MCU_i.PulseRain_RV2T_core_i.RV2T_controller_i.current_state[1]:CLK
  To:                    Reindeer_0/PulseRain_RV2T_MCU_i.PulseRain_RV2T_core_i.RV2T_execution_unit_i.X_ret:D
  Delay (ns):            8.489                                                                           
  Slack (ns):            -2.552                                                                          
  Arrival (ns):          12.076                                                                          
  Required (ns):         9.524                                                                           

Path 16
  From:                  Reindeer_0/PulseRain_RV2T_MCU_i.PulseRain_RV2T_core_i.RV2T_controller_i.current_state[1]:CLK
  To:                    Reindeer_0/PulseRain_RV2T_MCU_i.PulseRain_RV2T_core_i.RV2T_execution_unit_i.Y_ret_2:D
  Delay (ns):            8.460                                                                           
  Slack (ns):            -2.497                                                                          
  Arrival (ns):          12.047                                                                          
  Required (ns):         9.550                                                                           

Path 17
  From:                  Reindeer_0/PulseRain_RV2T_MCU_i.PulseRain_RV2T_core_i.RV2T_controller_i.current_state[1]:CLK
  To:                    Reindeer_0/PulseRain_RV2T_MCU_i.PulseRain_RV2T_core_i.RV2T_execution_unit_i.Y_ret_5:D
  Delay (ns):            8.420                                                                           
  Slack (ns):            -2.467                                                                          
  Arrival (ns):          12.007                                                                          
  Required (ns):         9.540                                                                           

Path 18
  From:                  Reindeer_0/PulseRain_RV2T_MCU_i.PulseRain_RV2T_core_i.RV2T_controller_i.current_state[1]:CLK
  To:                    Reindeer_0/PulseRain_RV2T_MCU_i.PulseRain_RV2T_core_i.RV2T_execution_unit_i.Y_ret_3:D
  Delay (ns):            8.403                                                                           
  Slack (ns):            -2.450                                                                          
  Arrival (ns):          11.990                                                                          
  Required (ns):         9.540                                                                           

Path 19
  From:                  Reindeer_0/PulseRain_RV2T_MCU_i.PulseRain_RV2T_core_i.RV2T_controller_i.current_state[1]:CLK
  To:                    Reindeer_0/PulseRain_RV2T_MCU_i.PulseRain_RV2T_core_i.RV2T_execution_unit_i.Y_ret_8:D
  Delay (ns):            8.377                                                                           
  Slack (ns):            -2.401                                                                          
  Arrival (ns):          11.964                                                                          
  Required (ns):         9.563                                                                           

Path 20
  From:                  Reindeer_0/PulseRain_RV2T_MCU_i.PulseRain_RV2T_core_i.RV2T_controller_i.current_state[1]:CLK
  To:                    Reindeer_0/PulseRain_RV2T_MCU_i.PulseRain_RV2T_core_i.RV2T_execution_unit_i.Y_ret_6:D
  Delay (ns):            8.359                                                                           
  Slack (ns):            -2.397                                                                          
  Arrival (ns):          11.946                                                                          
  Required (ns):         9.549                                                                           

Path 21
  From:                  Reindeer_0/PulseRain_RV2T_MCU_i.PulseRain_RV2T_core_i.RV2T_controller_i.current_state[1]:CLK
  To:                    Reindeer_0/PulseRain_RV2T_MCU_i.PulseRain_RV2T_core_i.RV2T_execution_unit_i.Y_ret_1:D
  Delay (ns):            8.334                                                                           
  Slack (ns):            -2.381                                                                          
  Arrival (ns):          11.921                                                                          
  Required (ns):         9.540                                                                           

Path 22
  From:                  Reindeer_0/PulseRain_RV2T_MCU_i.PulseRain_RV2T_core_i.RV2T_controller_i.current_state[1]:CLK
  To:                    Reindeer_0/PulseRain_RV2T_MCU_i.PulseRain_RV2T_core_i.RV2T_execution_unit_i.Y_ret_11:D
  Delay (ns):            8.331                                                                           
  Slack (ns):            -2.367                                                                          
  Arrival (ns):          11.918                                                                          
  Required (ns):         9.551                                                                           

Path 23
  From:                  Reindeer_0/PulseRain_RV2T_MCU_i.PulseRain_RV2T_core_i.RV2T_controller_i.current_state[1]:CLK
  To:                    Reindeer_0/PulseRain_RV2T_MCU_i.PulseRain_RV2T_core_i.RV2T_execution_unit_i.Y_ret_4:D
  Delay (ns):            8.328                                                                           
  Slack (ns):            -2.366                                                                          
  Arrival (ns):          11.915                                                                          
  Required (ns):         9.549                                                                           

Path 24
  From:                  Reindeer_0/PulseRain_RV2T_MCU_i.PulseRain_RV2T_core_i.RV2T_controller_i.current_state[1]:CLK
  To:                    Reindeer_0/PulseRain_RV2T_MCU_i.PulseRain_RV2T_core_i.RV2T_execution_unit_i.Y_ret_9:D
  Delay (ns):            8.318                                                                           
  Slack (ns):            -2.354                                                                          
  Arrival (ns):          11.905                                                                          
  Required (ns):         9.551                                                                           

Path 25
  From:                  Reindeer_0/PulseRain_RV2T_MCU_i.PulseRain_RV2T_core_i.RV2T_execution_unit_i.rd_addr_out[1]:CLK
  To:                    Reindeer_0/PulseRain_RV2T_MCU_i.PulseRain_RV2T_core_i.RV2T_execution_unit_i.X_ret_0:D
  Delay (ns):            8.314                                                                           
  Slack (ns):            -2.339                                                                          
  Arrival (ns):          11.882                                                                          
  Required (ns):         9.543                                                                           

Path 26
  From:                  Reindeer_0/PulseRain_RV2T_MCU_i.PulseRain_RV2T_core_i.RV2T_controller_i.current_state[1]:CLK
  To:                    Reindeer_0/PulseRain_RV2T_MCU_i.PulseRain_RV2T_core_i.RV2T_execution_unit_i.Y_ret_7:D
  Delay (ns):            8.285                                                                           
  Slack (ns):            -2.332                                                                          
  Arrival (ns):          11.872                                                                          
  Required (ns):         9.540                                                                           

Path 27
  From:                  Reindeer_0/PulseRain_RV2T_MCU_i.PulseRain_RV2T_core_i.RV2T_controller_i.current_state[1]:CLK
  To:                    Reindeer_0/PulseRain_RV2T_MCU_i.PulseRain_RV2T_core_i.RV2T_execution_unit_i.Y_ret_14:D
  Delay (ns):            8.275                                                                           
  Slack (ns):            -2.299                                                                          
  Arrival (ns):          11.862                                                                          
  Required (ns):         9.563                                                                           

Path 28
  From:                  Reindeer_0/PulseRain_RV2T_MCU_i.PulseRain_RV2T_core_i.RV2T_controller_i.current_state[1]:CLK
  To:                    Reindeer_0/PulseRain_RV2T_MCU_i.PulseRain_RV2T_core_i.RV2T_execution_unit_i.Y_ret_17:D
  Delay (ns):            8.235                                                                           
  Slack (ns):            -2.271                                                                          
  Arrival (ns):          11.822                                                                          
  Required (ns):         9.551                                                                           

Path 29
  From:                  Reindeer_0/PulseRain_RV2T_MCU_i.PulseRain_RV2T_core_i.RV2T_execution_unit_i.rd_addr_out[1]:CLK
  To:                    Reindeer_0/PulseRain_RV2T_MCU_i.PulseRain_RV2T_core_i.RV2T_execution_unit_i.Y_ret_12:D
  Delay (ns):            8.234                                                                           
  Slack (ns):            -2.261                                                                          
  Arrival (ns):          11.802                                                                          
  Required (ns):         9.541                                                                           

Path 30
  From:                  Reindeer_0/PulseRain_RV2T_MCU_i.PulseRain_RV2T_core_i.RV2T_fetch_instruction_i.read_mem_addr_ret[15]:CLK
  To:                    Reindeer_0/PulseRain_RV2T_MCU_i.ram_low_i.gen_if_proc.gen_for_proc[1].ram_8bit_1st.mem_mem_0_1/INST_RAM1K18_IP:A_WEN[0]
  Delay (ns):            8.158                                                                           
  Slack (ns):            -2.259                                                                          
  Arrival (ns):          11.740                                                                          
  Required (ns):         9.481                                                                           

Path 31
  From:                  Reindeer_0/PulseRain_RV2T_MCU_i.PulseRain_RV2T_core_i.RV2T_controller_i.current_state[1]:CLK
  To:                    Reindeer_0/PulseRain_RV2T_MCU_i.PulseRain_RV2T_core_i.RV2T_execution_unit_i.Y_ret_10:D
  Delay (ns):            8.231                                                                           
  Slack (ns):            -2.256                                                                          
  Arrival (ns):          11.818                                                                          
  Required (ns):         9.562                                                                           

Path 32
  From:                  Reindeer_0/PulseRain_RV2T_MCU_i.PulseRain_RV2T_core_i.RV2T_controller_i.current_state[1]:CLK
  To:                    Reindeer_0/PulseRain_RV2T_MCU_i.PulseRain_RV2T_core_i.RV2T_execution_unit_i.Y_ret_66:D
  Delay (ns):            8.200                                                                           
  Slack (ns):            -2.255                                                                          
  Arrival (ns):          11.787                                                                          
  Required (ns):         9.532                                                                           

Path 33
  From:                  Reindeer_0/PulseRain_RV2T_MCU_i.PulseRain_RV2T_core_i.RV2T_controller_i.current_state[1]:CLK
  To:                    Reindeer_0/PulseRain_RV2T_MCU_i.PulseRain_RV2T_core_i.RV2T_execution_unit_i.Y_ret_20:D
  Delay (ns):            8.231                                                                           
  Slack (ns):            -2.255                                                                          
  Arrival (ns):          11.818                                                                          
  Required (ns):         9.563                                                                           

Path 34
  From:                  Reindeer_0/PulseRain_RV2T_MCU_i.PulseRain_RV2T_core_i.RV2T_controller_i.current_state[1]:CLK
  To:                    Reindeer_0/PulseRain_RV2T_MCU_i.PulseRain_RV2T_core_i.RV2T_execution_unit_i.Y_ret_15:D
  Delay (ns):            8.218                                                                           
  Slack (ns):            -2.254                                                                          
  Arrival (ns):          11.805                                                                          
  Required (ns):         9.551                                                                           

Path 35
  From:                  Reindeer_0/PulseRain_RV2T_MCU_i.PulseRain_RV2T_core_i.RV2T_controller_i.current_state[1]:CLK
  To:                    Reindeer_0/PulseRain_RV2T_MCU_i.PulseRain_RV2T_core_i.RV2T_execution_unit_i.X_ret_3:D
  Delay (ns):            8.224                                                                           
  Slack (ns):            -2.250                                                                          
  Arrival (ns):          11.811                                                                          
  Required (ns):         9.561                                                                           

Path 36
  From:                  Reindeer_0/PulseRain_RV2T_MCU_i.PulseRain_RV2T_core_i.RV2T_controller_i.current_state[1]:CLK
  To:                    Reindeer_0/PulseRain_RV2T_MCU_i.PulseRain_RV2T_core_i.RV2T_execution_unit_i.X_ret_1:D
  Delay (ns):            8.218                                                                           
  Slack (ns):            -2.244                                                                          
  Arrival (ns):          11.805                                                                          
  Required (ns):         9.561                                                                           

Path 37
  From:                  Reindeer_0/PulseRain_RV2T_MCU_i.PulseRain_RV2T_core_i.RV2T_controller_i.current_state[1]:CLK
  To:                    Reindeer_0/PulseRain_RV2T_MCU_i.PulseRain_RV2T_core_i.RV2T_execution_unit_i.X_ret_6:D
  Delay (ns):            8.184                                                                           
  Slack (ns):            -2.222                                                                          
  Arrival (ns):          11.771                                                                          
  Required (ns):         9.549                                                                           

Path 38
  From:                  Reindeer_0/PulseRain_RV2T_MCU_i.PulseRain_RV2T_core_i.RV2T_controller_i.current_state[1]:CLK
  To:                    Reindeer_0/PulseRain_RV2T_MCU_i.PulseRain_RV2T_core_i.RV2T_execution_unit_i.Y_ret_21:D
  Delay (ns):            8.184                                                                           
  Slack (ns):            -2.220                                                                          
  Arrival (ns):          11.771                                                                          
  Required (ns):         9.551                                                                           

Path 39
  From:                  Reindeer_0/PulseRain_RV2T_MCU_i.PulseRain_RV2T_core_i.RV2T_fetch_instruction_i.read_mem_addr_ret_0[2]:CLK
  To:                    Reindeer_0/PulseRain_RV2T_MCU_i.ram_low_i.gen_if_proc.gen_for_proc[0].ram_8bit_1st.mem_mem_0_2/INST_RAM1K18_IP:A_WEN[0]
  Delay (ns):            8.122                                                                           
  Slack (ns):            -2.216                                                                          
  Arrival (ns):          11.695                                                                          
  Required (ns):         9.479                                                                           

Path 40
  From:                  Reindeer_0/PulseRain_RV2T_MCU_i.PulseRain_RV2T_core_i.RV2T_controller_i.current_state[1]:CLK
  To:                    Reindeer_0/PulseRain_RV2T_MCU_i.PulseRain_RV2T_core_i.RV2T_execution_unit_i.X_ret_4:D
  Delay (ns):            8.167                                                                           
  Slack (ns):            -2.205                                                                          
  Arrival (ns):          11.754                                                                          
  Required (ns):         9.549                                                                           

Path 41
  From:                  Reindeer_0/PulseRain_RV2T_MCU_i.PulseRain_RV2T_core_i.RV2T_controller_i.current_state[1]:CLK
  To:                    Reindeer_0/PulseRain_RV2T_MCU_i.PulseRain_RV2T_core_i.RV2T_execution_unit_i.Y_ret_18:D
  Delay (ns):            8.174                                                                           
  Slack (ns):            -2.198                                                                          
  Arrival (ns):          11.761                                                                          
  Required (ns):         9.563                                                                           

Path 42
  From:                  Reindeer_0/PulseRain_RV2T_MCU_i.PulseRain_RV2T_core_i.RV2T_controller_i.current_state[1]:CLK
  To:                    Reindeer_0/PulseRain_RV2T_MCU_i.PulseRain_RV2T_core_i.RV2T_execution_unit_i.Y_ret_13:D
  Delay (ns):            8.149                                                                           
  Slack (ns):            -2.185                                                                          
  Arrival (ns):          11.736                                                                          
  Required (ns):         9.551                                                                           

Path 43
  From:                  Reindeer_0/PulseRain_RV2T_MCU_i.PulseRain_RV2T_core_i.RV2T_controller_i.current_state[1]:CLK
  To:                    Reindeer_0/PulseRain_RV2T_MCU_i.PulseRain_RV2T_core_i.RV2T_execution_unit_i.X_ret_9:D
  Delay (ns):            8.141                                                                           
  Slack (ns):            -2.167                                                                          
  Arrival (ns):          11.728                                                                          
  Required (ns):         9.561                                                                           

Path 44
  From:                  Reindeer_0/PulseRain_RV2T_MCU_i.PulseRain_RV2T_core_i.RV2T_controller_i.current_state[1]:CLK
  To:                    Reindeer_0/PulseRain_RV2T_MCU_i.PulseRain_RV2T_core_i.RV2T_execution_unit_i.Y_ret_16:D
  Delay (ns):            8.143                                                                           
  Slack (ns):            -2.167                                                                          
  Arrival (ns):          11.730                                                                          
  Required (ns):         9.563                                                                           

Path 45
  From:                  Reindeer_0/PulseRain_RV2T_MCU_i.PulseRain_RV2T_core_i.RV2T_controller_i.current_state[1]:CLK
  To:                    Reindeer_0/PulseRain_RV2T_MCU_i.PulseRain_RV2T_core_i.RV2T_execution_unit_i.X_ret_7:D
  Delay (ns):            8.123                                                                           
  Slack (ns):            -2.149                                                                          
  Arrival (ns):          11.710                                                                          
  Required (ns):         9.561                                                                           

Path 46
  From:                  Reindeer_0/PulseRain_RV2T_MCU_i.PulseRain_RV2T_core_i.RV2T_fetch_instruction_i.read_mem_addr_ret_0[1]:CLK
  To:                    Reindeer_0/PulseRain_RV2T_MCU_i.ram_low_i.gen_if_proc.gen_for_proc[0].ram_8bit_1st.mem_mem_0_2/INST_RAM1K18_IP:A_WEN[0]
  Delay (ns):            8.052                                                                           
  Slack (ns):            -2.146                                                                          
  Arrival (ns):          11.625                                                                          
  Required (ns):         9.479                                                                           

Path 47
  From:                  Reindeer_0/PulseRain_RV2T_MCU_i.PulseRain_RV2T_core_i.RV2T_controller_i.current_state[1]:CLK
  To:                    Reindeer_0/PulseRain_RV2T_MCU_i.PulseRain_RV2T_core_i.RV2T_execution_unit_i.Y_ret_19:D
  Delay (ns):            8.100                                                                           
  Slack (ns):            -2.136                                                                          
  Arrival (ns):          11.687                                                                          
  Required (ns):         9.551                                                                           

Path 48
  From:                  Reindeer_0/PulseRain_RV2T_MCU_i.PulseRain_RV2T_core_i.RV2T_controller_i.current_state[1]:CLK
  To:                    Reindeer_0/PulseRain_RV2T_MCU_i.PulseRain_RV2T_core_i.RV2T_execution_unit_i.X_ret_2:D
  Delay (ns):            8.098                                                                           
  Slack (ns):            -2.136                                                                          
  Arrival (ns):          11.685                                                                          
  Required (ns):         9.549                                                                           

Path 49
  From:                  Reindeer_0/PulseRain_RV2T_MCU_i.PulseRain_RV2T_core_i.RV2T_controller_i.current_state[1]:CLK
  To:                    Reindeer_0/PulseRain_RV2T_MCU_i.PulseRain_RV2T_core_i.RV2T_execution_unit_i.X_ret_12:D
  Delay (ns):            8.095                                                                           
  Slack (ns):            -2.133                                                                          
  Arrival (ns):          11.682                                                                          
  Required (ns):         9.549                                                                           

Path 50
  From:                  Reindeer_0/PulseRain_RV2T_MCU_i.PulseRain_RV2T_core_i.RV2T_execution_unit_i.rd_addr_out[1]:CLK
  To:                    Reindeer_0/PulseRain_RV2T_MCU_i.PulseRain_RV2T_core_i.RV2T_execution_unit_i.Y_ret_0:D
  Delay (ns):            8.104                                                                           
  Slack (ns):            -2.129                                                                          
  Arrival (ns):          11.672                                                                          
  Required (ns):         9.543                                                                           

Path 51
  From:                  Reindeer_0/PulseRain_RV2T_MCU_i.PulseRain_RV2T_core_i.RV2T_controller_i.current_state[1]:CLK
  To:                    Reindeer_0/PulseRain_RV2T_MCU_i.PulseRain_RV2T_core_i.RV2T_execution_unit_i.Y_ret_83:D
  Delay (ns):            8.087                                                                           
  Slack (ns):            -2.126                                                                          
  Arrival (ns):          11.674                                                                          
  Required (ns):         9.548                                                                           

Path 52
  From:                  Reindeer_0/PulseRain_RV2T_MCU_i.PulseRain_RV2T_core_i.RV2T_controller_i.current_state[1]:CLK
  To:                    Reindeer_0/PulseRain_RV2T_MCU_i.PulseRain_RV2T_core_i.RV2T_execution_unit_i.Y_ret_22:D
  Delay (ns):            8.099                                                                           
  Slack (ns):            -2.124                                                                          
  Arrival (ns):          11.686                                                                          
  Required (ns):         9.562                                                                           

Path 53
  From:                  Reindeer_0/PulseRain_RV2T_MCU_i.PulseRain_RV2T_core_i.RV2T_controller_i.current_state[1]:CLK
  To:                    Reindeer_0/PulseRain_RV2T_MCU_i.PulseRain_RV2T_core_i.RV2T_execution_unit_i.X_ret_10:D
  Delay (ns):            8.082                                                                           
  Slack (ns):            -2.120                                                                          
  Arrival (ns):          11.669                                                                          
  Required (ns):         9.549                                                                           

Path 54
  From:                  Reindeer_0/PulseRain_RV2T_MCU_i.PulseRain_RV2T_core_i.RV2T_controller_i.current_state[1]:CLK
  To:                    Reindeer_0/PulseRain_RV2T_MCU_i.PulseRain_RV2T_core_i.RV2T_execution_unit_i.X_ret_5:D
  Delay (ns):            8.092                                                                           
  Slack (ns):            -2.118                                                                          
  Arrival (ns):          11.679                                                                          
  Required (ns):         9.561                                                                           

Path 55
  From:                  Reindeer_0/PulseRain_RV2T_MCU_i.PulseRain_RV2T_core_i.RV2T_controller_i.current_state[1]:CLK
  To:                    Reindeer_0/PulseRain_RV2T_MCU_i.PulseRain_RV2T_core_i.RV2T_execution_unit_i.Y_ret_128:D
  Delay (ns):            8.086                                                                           
  Slack (ns):            -2.114                                                                          
  Arrival (ns):          11.673                                                                          
  Required (ns):         9.559                                                                           

Path 56
  From:                  Reindeer_0/PulseRain_RV2T_MCU_i.PulseRain_RV2T_core_i.RV2T_fetch_instruction_i.IR_out[15]:CLK
  To:                    Reindeer_0/PulseRain_RV2T_MCU_i.PulseRain_RV2T_core_i.RV2T_execution_unit_i.X_ret_0:D
  Delay (ns):            8.076                                                                           
  Slack (ns):            -2.114                                                                          
  Arrival (ns):          11.657                                                                          
  Required (ns):         9.543                                                                           

Path 57
  From:                  Reindeer_0/PulseRain_RV2T_MCU_i.PulseRain_RV2T_core_i.RV2T_controller_i.current_state[1]:CLK
  To:                    Reindeer_0/PulseRain_RV2T_MCU_i.PulseRain_RV2T_core_i.RV2T_execution_unit_i.X_ret_8:D
  Delay (ns):            8.049                                                                           
  Slack (ns):            -2.087                                                                          
  Arrival (ns):          11.636                                                                          
  Required (ns):         9.549                                                                           

Path 58
  From:                  Reindeer_0/PulseRain_RV2T_MCU_i.PulseRain_RV2T_core_i.RV2T_controller_i.current_state[1]:CLK
  To:                    Reindeer_0/PulseRain_RV2T_MCU_i.PulseRain_RV2T_core_i.RV2T_execution_unit_i.X_ret_15:D
  Delay (ns):            8.039                                                                           
  Slack (ns):            -2.065                                                                          
  Arrival (ns):          11.626                                                                          
  Required (ns):         9.561                                                                           

Path 59
  From:                  Reindeer_0/PulseRain_RV2T_MCU_i.PulseRain_RV2T_core_i.RV2T_controller_i.current_state[1]:CLK
  To:                    Reindeer_0/PulseRain_RV2T_MCU_i.PulseRain_RV2T_core_i.RV2T_execution_unit_i.X_ret_13:D
  Delay (ns):            8.032                                                                           
  Slack (ns):            -2.059                                                                          
  Arrival (ns):          11.619                                                                          
  Required (ns):         9.560                                                                           

Path 60
  From:                  Reindeer_0/PulseRain_RV2T_MCU_i.PulseRain_RV2T_core_i.RV2T_fetch_instruction_i.IR_out[15]:CLK
  To:                    Reindeer_0/PulseRain_RV2T_MCU_i.PulseRain_RV2T_core_i.RV2T_execution_unit_i.Y_ret_12:D
  Delay (ns):            8.018                                                                           
  Slack (ns):            -2.058                                                                          
  Arrival (ns):          11.599                                                                          
  Required (ns):         9.541                                                                           

Path 61
  From:                  Reindeer_0/PulseRain_RV2T_MCU_i.PulseRain_RV2T_core_i.RV2T_controller_i.current_state[1]:CLK
  To:                    Reindeer_0/PulseRain_RV2T_MCU_i.PulseRain_RV2T_core_i.RV2T_execution_unit_i.Y_ret_88:D
  Delay (ns):            8.003                                                                           
  Slack (ns):            -2.055                                                                          
  Arrival (ns):          11.590                                                                          
  Required (ns):         9.535                                                                           

Path 62
  From:                  Reindeer_0/PulseRain_RV2T_MCU_i.PulseRain_RV2T_core_i.RV2T_controller_i.current_state[1]:CLK
  To:                    Reindeer_0/PulseRain_RV2T_MCU_i.PulseRain_RV2T_core_i.RV2T_execution_unit_i.X_ret_18:D
  Delay (ns):            7.999                                                                           
  Slack (ns):            -2.037                                                                          
  Arrival (ns):          11.586                                                                          
  Required (ns):         9.549                                                                           

Path 63
  From:                  Reindeer_0/PulseRain_RV2T_MCU_i.PulseRain_RV2T_core_i.RV2T_controller_i.current_state[1]:CLK
  To:                    Reindeer_0/PulseRain_RV2T_MCU_i.PulseRain_RV2T_core_i.RV2T_execution_unit_i.X_ret_11:D
  Delay (ns):            7.995                                                                           
  Slack (ns):            -2.022                                                                          
  Arrival (ns):          11.582                                                                          
  Required (ns):         9.560                                                                           

Path 64
  From:                  Reindeer_0/PulseRain_RV2T_MCU_i.PulseRain_RV2T_core_i.RV2T_controller_i.current_state[1]:CLK
  To:                    Reindeer_0/PulseRain_RV2T_MCU_i.PulseRain_RV2T_core_i.RV2T_execution_unit_i.X_ret_21:D
  Delay (ns):            7.995                                                                           
  Slack (ns):            -2.021                                                                          
  Arrival (ns):          11.582                                                                          
  Required (ns):         9.561                                                                           

Path 65
  From:                  Reindeer_0/PulseRain_RV2T_MCU_i.PulseRain_RV2T_core_i.RV2T_controller_i.current_state[1]:CLK
  To:                    Reindeer_0/PulseRain_RV2T_MCU_i.PulseRain_RV2T_core_i.RV2T_execution_unit_i.X_ret_16:D
  Delay (ns):            7.982                                                                           
  Slack (ns):            -2.020                                                                          
  Arrival (ns):          11.569                                                                          
  Required (ns):         9.549                                                                           

Path 66
  From:                  Reindeer_0/PulseRain_RV2T_MCU_i.PulseRain_RV2T_core_i.RV2T_controller_i.current_state[1]:CLK
  To:                    Reindeer_0/PulseRain_RV2T_MCU_i.PulseRain_RV2T_core_i.RV2T_execution_unit_i.Y_ret_33:D
  Delay (ns):            7.949                                                                           
  Slack (ns):            -2.016                                                                          
  Arrival (ns):          11.536                                                                          
  Required (ns):         9.520                                                                           

Path 67
  From:                  Reindeer_0/PulseRain_RV2T_MCU_i.PulseRain_RV2T_core_i.RV2T_execution_unit_i.rd_addr_out[0]:CLK
  To:                    Reindeer_0/PulseRain_RV2T_MCU_i.PulseRain_RV2T_core_i.RV2T_execution_unit_i.X_ret_0:D
  Delay (ns):            7.974                                                                           
  Slack (ns):            -2.012                                                                          
  Arrival (ns):          11.555                                                                          
  Required (ns):         9.543                                                                           

Path 68
  From:                  Reindeer_0/PulseRain_RV2T_MCU_i.PulseRain_RV2T_core_i.RV2T_controller_i.current_state[1]:CLK
  To:                    Reindeer_0/PulseRain_RV2T_MCU_i.PulseRain_RV2T_core_i.RV2T_execution_unit_i.Y_ret_84:D
  Delay (ns):            7.973                                                                           
  Slack (ns):            -2.004                                                                          
  Arrival (ns):          11.560                                                                          
  Required (ns):         9.556                                                                           

Path 69
  From:                  Reindeer_0/PulseRain_RV2T_MCU_i.PulseRain_RV2T_core_i.RV2T_fetch_instruction_i.read_mem_addr_ret_0[2]:CLK
  To:                    Reindeer_0/PulseRain_RV2T_MCU_i.ram_low_i.gen_if_proc.gen_for_proc[0].ram_8bit_1st.mem_mem_0_3/INST_RAM1K18_IP:A_WEN[0]
  Delay (ns):            7.910                                                                           
  Slack (ns):            -2.003                                                                          
  Arrival (ns):          11.483                                                                          
  Required (ns):         9.480                                                                           

Path 70
  From:                  Reindeer_0/PulseRain_RV2T_MCU_i.PulseRain_RV2T_core_i.RV2T_controller_i.current_state[1]:CLK
  To:                    Reindeer_0/PulseRain_RV2T_MCU_i.PulseRain_RV2T_core_i.RV2T_execution_unit_i.Y_ret_57:D
  Delay (ns):            7.941                                                                           
  Slack (ns):            -1.993                                                                          
  Arrival (ns):          11.528                                                                          
  Required (ns):         9.535                                                                           

Path 71
  From:                  Reindeer_0/PulseRain_RV2T_MCU_i.PulseRain_RV2T_core_i.RV2T_controller_i.current_state[1]:CLK
  To:                    Reindeer_0/PulseRain_RV2T_MCU_i.PulseRain_RV2T_core_i.RV2T_execution_unit_i.Y_ret_118:D
  Delay (ns):            7.941                                                                           
  Slack (ns):            -1.993                                                                          
  Arrival (ns):          11.528                                                                          
  Required (ns):         9.535                                                                           

Path 72
  From:                  Reindeer_0/PulseRain_RV2T_MCU_i.PulseRain_RV2T_core_i.RV2T_controller_i.current_state[1]:CLK
  To:                    Reindeer_0/PulseRain_RV2T_MCU_i.PulseRain_RV2T_core_i.RV2T_execution_unit_i.X_ret_22:D
  Delay (ns):            7.948                                                                           
  Slack (ns):            -1.986                                                                          
  Arrival (ns):          11.535                                                                          
  Required (ns):         9.549                                                                           

Path 73
  From:                  Reindeer_0/PulseRain_RV2T_MCU_i.PulseRain_RV2T_core_i.RV2T_controller_i.current_state[1]:CLK
  To:                    Reindeer_0/PulseRain_RV2T_MCU_i.PulseRain_RV2T_core_i.RV2T_execution_unit_i.X_ret_19:D
  Delay (ns):            7.938                                                                           
  Slack (ns):            -1.965                                                                          
  Arrival (ns):          11.525                                                                          
  Required (ns):         9.560                                                                           

Path 74
  From:                  Reindeer_0/PulseRain_RV2T_MCU_i.PulseRain_RV2T_core_i.RV2T_fetch_instruction_i.read_mem_addr_ret_0[2]:CLK
  To:                    Reindeer_0/PulseRain_RV2T_MCU_i.ram_low_i.gen_if_proc.gen_for_proc[1].ram_8bit_1st.mem_mem_0_2/INST_RAM1K18_IP:A_ADDR[11]
  Delay (ns):            8.186                                                                           
  Slack (ns):            -1.958                                                                          
  Arrival (ns):          11.759                                                                          
  Required (ns):         9.801                                                                           

Path 75
  From:                  Reindeer_0/PulseRain_RV2T_MCU_i.PulseRain_RV2T_core_i.RV2T_controller_i.current_state[1]:CLK
  To:                    Reindeer_0/PulseRain_RV2T_MCU_i.PulseRain_RV2T_core_i.RV2T_execution_unit_i.Y_ret_67:D
  Delay (ns):            7.919                                                                           
  Slack (ns):            -1.958                                                                          
  Arrival (ns):          11.506                                                                          
  Required (ns):         9.548                                                                           

Path 76
  From:                  Reindeer_0/PulseRain_RV2T_MCU_i.PulseRain_RV2T_core_i.RV2T_controller_i.current_state[1]:CLK
  To:                    Reindeer_0/PulseRain_RV2T_MCU_i.PulseRain_RV2T_core_i.RV2T_execution_unit_i.X_ret_14:D
  Delay (ns):            7.913                                                                           
  Slack (ns):            -1.951                                                                          
  Arrival (ns):          11.500                                                                          
  Required (ns):         9.549                                                                           

Path 77
  From:                  Reindeer_0/PulseRain_RV2T_MCU_i.PulseRain_RV2T_core_i.RV2T_execution_unit_i.rd_addr_out[0]:CLK
  To:                    Reindeer_0/PulseRain_RV2T_MCU_i.PulseRain_RV2T_core_i.RV2T_execution_unit_i.Y_ret_12:D
  Delay (ns):            7.901                                                                           
  Slack (ns):            -1.941                                                                          
  Arrival (ns):          11.482                                                                          
  Required (ns):         9.541                                                                           

Path 78
  From:                  Reindeer_0/PulseRain_RV2T_MCU_i.PulseRain_RV2T_core_i.RV2T_controller_i.current_state[1]:CLK
  To:                    Reindeer_0/PulseRain_RV2T_MCU_i.PulseRain_RV2T_core_i.RV2T_execution_unit_i.X_ret_17:D
  Delay (ns):            7.907                                                                           
  Slack (ns):            -1.933                                                                          
  Arrival (ns):          11.494                                                                          
  Required (ns):         9.561                                                                           

Path 79
  From:                  Reindeer_0/PulseRain_RV2T_MCU_i.PulseRain_RV2T_core_i.RV2T_fetch_instruction_i.read_mem_addr_ret_0[1]:CLK
  To:                    Reindeer_0/PulseRain_RV2T_MCU_i.ram_low_i.gen_if_proc.gen_for_proc[0].ram_8bit_1st.mem_mem_0_3/INST_RAM1K18_IP:A_WEN[0]
  Delay (ns):            7.840                                                                           
  Slack (ns):            -1.933                                                                          
  Arrival (ns):          11.413                                                                          
  Required (ns):         9.480                                                                           

Path 80
  From:                  Reindeer_0/PulseRain_RV2T_MCU_i.PulseRain_RV2T_core_i.RV2T_controller_i.current_state[1]:CLK
  To:                    Reindeer_0/PulseRain_RV2T_MCU_i.PulseRain_RV2T_core_i.RV2T_execution_unit_i.X_ret_28:D
  Delay (ns):            7.889                                                                           
  Slack (ns):            -1.927                                                                          
  Arrival (ns):          11.476                                                                          
  Required (ns):         9.549                                                                           

Path 81
  From:                  Reindeer_0/PulseRain_RV2T_MCU_i.PulseRain_RV2T_core_i.RV2T_fetch_instruction_i.IR_out[15]:CLK
  To:                    Reindeer_0/PulseRain_RV2T_MCU_i.PulseRain_RV2T_core_i.RV2T_execution_unit_i.Y_ret_0:D
  Delay (ns):            7.888                                                                           
  Slack (ns):            -1.926                                                                          
  Arrival (ns):          11.469                                                                          
  Required (ns):         9.543                                                                           

Path 82
  From:                  Reindeer_0/PulseRain_RV2T_MCU_i.PulseRain_RV2T_core_i.RV2T_fetch_instruction_i.read_mem_addr_ret_0[2]:CLK
  To:                    Reindeer_0/PulseRain_RV2T_MCU_i.ram_low_i.gen_if_proc.gen_for_proc[1].ram_8bit_1st.mem_mem_0_2/INST_RAM1K18_IP:A_WEN[0]
  Delay (ns):            7.816                                                                           
  Slack (ns):            -1.917                                                                          
  Arrival (ns):          11.389                                                                          
  Required (ns):         9.472                                                                           

Path 83
  From:                  Reindeer_0/PulseRain_RV2T_MCU_i.PulseRain_RV2T_core_i.RV2T_controller_i.current_state[1]:CLK
  To:                    Reindeer_0/PulseRain_RV2T_MCU_i.PulseRain_RV2T_core_i.RV2T_execution_unit_i.Y_ret_59:D
  Delay (ns):            7.876                                                                           
  Slack (ns):            -1.904                                                                          
  Arrival (ns):          11.463                                                                          
  Required (ns):         9.559                                                                           

Path 84
  From:                  Reindeer_0/PulseRain_RV2T_MCU_i.PulseRain_RV2T_core_i.RV2T_controller_i.current_state[1]:CLK
  To:                    Reindeer_0/PulseRain_RV2T_MCU_i.PulseRain_RV2T_core_i.RV2T_execution_unit_i.X_ret_20:D
  Delay (ns):            7.864                                                                           
  Slack (ns):            -1.902                                                                          
  Arrival (ns):          11.451                                                                          
  Required (ns):         9.549                                                                           

Path 85
  From:                  Reindeer_0/PulseRain_RV2T_MCU_i.PulseRain_RV2T_core_i.RV2T_controller_i.current_state[1]:CLK
  To:                    Reindeer_0/PulseRain_RV2T_MCU_i.PulseRain_RV2T_core_i.RV2T_execution_unit_i.Y_ret_23:D
  Delay (ns):            7.856                                                                           
  Slack (ns):            -1.892                                                                          
  Arrival (ns):          11.443                                                                          
  Required (ns):         9.551                                                                           

Path 86
  From:                  Reindeer_0/PulseRain_RV2T_MCU_i.PulseRain_RV2T_core_i.RV2T_controller_i.current_state[1]:CLK
  To:                    Reindeer_0/PulseRain_RV2T_MCU_i.PulseRain_RV2T_core_i.RV2T_execution_unit_i.X_ret_23:D
  Delay (ns):            7.863                                                                           
  Slack (ns):            -1.890                                                                          
  Arrival (ns):          11.450                                                                          
  Required (ns):         9.560                                                                           

Path 87
  From:                  Reindeer_0/PulseRain_RV2T_MCU_i.PulseRain_RV2T_core_i.RV2T_controller_i.current_state[1]:CLK
  To:                    Reindeer_0/PulseRain_RV2T_MCU_i.PulseRain_RV2T_core_i.RV2T_execution_unit_i.Y_ret_27:D
  Delay (ns):            7.852                                                                           
  Slack (ns):            -1.888                                                                          
  Arrival (ns):          11.439                                                                          
  Required (ns):         9.551                                                                           

Path 88
  From:                  Reindeer_0/PulseRain_RV2T_MCU_i.PulseRain_RV2T_core_i.RV2T_fetch_instruction_i.read_mem_addr_ret_0[1]:CLK
  To:                    Reindeer_0/PulseRain_RV2T_MCU_i.ram_low_i.gen_if_proc.gen_for_proc[1].ram_8bit_1st.mem_mem_0_2/INST_RAM1K18_IP:A_ADDR[11]
  Delay (ns):            8.116                                                                           
  Slack (ns):            -1.888                                                                          
  Arrival (ns):          11.689                                                                          
  Required (ns):         9.801                                                                           

Path 89
  From:                  Reindeer_0/PulseRain_RV2T_MCU_i.PulseRain_RV2T_core_i.RV2T_reg_file_i.single_clk_ram_rs2.mem_mem_0_0/INST_RAM64x18_IP:A_ADDR_CLK
  To:                    Reindeer_0/PulseRain_RV2T_MCU_i.PulseRain_RV2T_core_i.RV2T_execution_unit_i.Y_ret_12:D
  Delay (ns):            7.725                                                                           
  Slack (ns):            -1.864                                                                          
  Arrival (ns):          11.405                                                                          
  Required (ns):         9.541                                                                           

Path 90
  From:                  Reindeer_0/PulseRain_RV2T_MCU_i.PulseRain_RV2T_core_i.RV2T_fetch_instruction_i.read_mem_addr_ret_0[2]:CLK
  To:                    Reindeer_0/PulseRain_RV2T_MCU_i.ram_low_i.gen_if_proc.gen_for_proc[0].ram_8bit_1st.mem_mem_0_1/INST_RAM1K18_IP:A_WEN[0]
  Delay (ns):            7.746                                                                           
  Slack (ns):            -1.850                                                                          
  Arrival (ns):          11.319                                                                          
  Required (ns):         9.469                                                                           

Path 91
  From:                  Reindeer_0/PulseRain_RV2T_MCU_i.PulseRain_RV2T_core_i.RV2T_fetch_instruction_i.read_mem_addr_ret_0[1]:CLK
  To:                    Reindeer_0/PulseRain_RV2T_MCU_i.ram_low_i.gen_if_proc.gen_for_proc[1].ram_8bit_1st.mem_mem_0_2/INST_RAM1K18_IP:A_WEN[0]
  Delay (ns):            7.746                                                                           
  Slack (ns):            -1.847                                                                          
  Arrival (ns):          11.319                                                                          
  Required (ns):         9.472                                                                           

Path 92
  From:                  Reindeer_0/PulseRain_RV2T_MCU_i.PulseRain_RV2T_core_i.RV2T_controller_i.current_state[1]:CLK
  To:                    Reindeer_0/PulseRain_RV2T_MCU_i.PulseRain_RV2T_core_i.RV2T_execution_unit_i.Y_ret_24:D
  Delay (ns):            7.793                                                                           
  Slack (ns):            -1.818                                                                          
  Arrival (ns):          11.380                                                                          
  Required (ns):         9.562                                                                           

Path 93
  From:                  Reindeer_0/PulseRain_RV2T_MCU_i.PulseRain_RV2T_core_i.RV2T_execution_unit_i.rd_addr_out[0]:CLK
  To:                    Reindeer_0/PulseRain_RV2T_MCU_i.PulseRain_RV2T_core_i.RV2T_execution_unit_i.Y_ret_0:D
  Delay (ns):            7.771                                                                           
  Slack (ns):            -1.809                                                                          
  Arrival (ns):          11.352                                                                          
  Required (ns):         9.543                                                                           

Path 94
  From:                  Reindeer_0/PulseRain_RV2T_MCU_i.PulseRain_RV2T_core_i.RV2T_reg_file_i.IR_out_ret_1:CLK
  To:                    Reindeer_0/PulseRain_RV2T_MCU_i.PulseRain_RV2T_core_i.RV2T_execution_unit_i.Y_ret_12:D
  Delay (ns):            7.768                                                                           
  Slack (ns):            -1.808                                                                          
  Arrival (ns):          11.349                                                                          
  Required (ns):         9.541                                                                           

Path 95
  From:                  Reindeer_0/PulseRain_RV2T_MCU_i.PulseRain_RV2T_core_i.RV2T_execution_unit_i.rd_addr_out[2]:CLK
  To:                    Reindeer_0/PulseRain_RV2T_MCU_i.PulseRain_RV2T_core_i.RV2T_execution_unit_i.X_ret_0:D
  Delay (ns):            7.778                                                                           
  Slack (ns):            -1.803                                                                          
  Arrival (ns):          11.346                                                                          
  Required (ns):         9.543                                                                           

Path 96
  From:                  Reindeer_0/PulseRain_RV2T_MCU_i.PulseRain_RV2T_core_i.RV2T_fetch_instruction_i.read_mem_addr_ret_2:CLK
  To:                    Reindeer_0/PulseRain_RV2T_MCU_i.ram_low_i.gen_if_proc.gen_for_proc[0].ram_8bit_1st.mem_mem_0_2/INST_RAM1K18_IP:A_WEN[0]
  Delay (ns):            7.705                                                                           
  Slack (ns):            -1.799                                                                          
  Arrival (ns):          11.278                                                                          
  Required (ns):         9.479                                                                           

Path 97
  From:                  Reindeer_0/PulseRain_RV2T_MCU_i.PulseRain_RV2T_core_i.RV2T_fetch_instruction_i.read_mem_addr_ret_0[1]:CLK
  To:                    Reindeer_0/PulseRain_RV2T_MCU_i.ram_low_i.gen_if_proc.gen_for_proc[0].ram_8bit_1st.mem_mem_0_1/INST_RAM1K18_IP:A_WEN[0]
  Delay (ns):            7.676                                                                           
  Slack (ns):            -1.780                                                                          
  Arrival (ns):          11.249                                                                          
  Required (ns):         9.469                                                                           

Path 98
  From:                  Reindeer_0/PulseRain_RV2T_MCU_i.PulseRain_RV2T_core_i.RV2T_data_access_i.mem_addr_rw_out[15]:CLK
  To:                    Reindeer_0/PulseRain_RV2T_MCU_i.ram_low_i.gen_if_proc.gen_for_proc[1].ram_8bit_1st.mem_mem_0_0/INST_RAM1K18_IP:A_WEN[0]
  Delay (ns):            7.662                                                                           
  Slack (ns):            -1.761                                                                          
  Arrival (ns):          11.245                                                                          
  Required (ns):         9.484                                                                           

Path 99
  From:                  Reindeer_0/PulseRain_RV2T_MCU_i.PulseRain_RV2T_core_i.RV2T_reg_file_i.IR_out_ret_2:CLK
  To:                    Reindeer_0/PulseRain_RV2T_MCU_i.PulseRain_RV2T_core_i.RV2T_execution_unit_i.Y_ret_12:D
  Delay (ns):            7.718                                                                           
  Slack (ns):            -1.759                                                                          
  Arrival (ns):          11.300                                                                          
  Required (ns):         9.541                                                                           

Path 100
  From:                  Reindeer_0/PulseRain_RV2T_MCU_i.PulseRain_RV2T_core_i.RV2T_controller_i.current_state[1]:CLK
  To:                    Reindeer_0/PulseRain_RV2T_MCU_i.PulseRain_RV2T_core_i.RV2T_execution_unit_i.Y_ret_48:D
  Delay (ns):            7.699                                                                           
  Slack (ns):            -1.751                                                                          
  Arrival (ns):          11.286                                                                          
  Required (ns):         9.535                                                                           

