Timing Violation Report Max Delay Analysis

SmartTime Version v11.9 SP1
Microsemi Corporation - Microsemi Libero Software Release v11.9 SP1 (Version 11.9.1.0)
Date: Fri Nov 23 23:11:53 2018


Design: creative
Family: SmartFusion2
Die: M2S025
Package: 256 VF
Temperature Range: 0 - 85 C
Voltage Range: 1.14 - 1.26 V
Speed Grade: -1
Design State: Post-Layout
Data source: Production
Min Operating Conditions: BEST - 1.26 V - 0 C
Max Operating Conditions: WORST - 1.14 V - 85 C
Scenario for Timing Analysis: timing_analysis


Path 1
  From:                  Reindeer_0/PulseRain_RV2T_MCU_i.PulseRain_RV2T_core_i.RV2T_controller_i.current_state[1]:CLK
  To:                    Reindeer_0/PulseRain_RV2T_MCU_i.PulseRain_RV2T_core_i.RV2T_execution_unit_i.X_ret_3:D
  Delay (ns):            9.510                                                                           
  Slack (ns):            -3.539                                                                          
  Arrival (ns):          13.091                                                                          
  Required (ns):         9.552                                                                           

Path 2
  From:                  Reindeer_0/PulseRain_RV2T_MCU_i.PulseRain_RV2T_core_i.RV2T_controller_i.current_state[1]:CLK
  To:                    Reindeer_0/PulseRain_RV2T_MCU_i.PulseRain_RV2T_core_i.RV2T_execution_unit_i.Y_ret_0:D
  Delay (ns):            9.403                                                                           
  Slack (ns):            -3.440                                                                          
  Arrival (ns):          12.984                                                                          
  Required (ns):         9.544                                                                           

Path 3
  From:                  Reindeer_0/PulseRain_RV2T_MCU_i.PulseRain_RV2T_core_i.RV2T_controller_i.current_state[1]:CLK
  To:                    Reindeer_0/PulseRain_RV2T_MCU_i.PulseRain_RV2T_core_i.RV2T_execution_unit_i.X_ret_0:D
  Delay (ns):            9.278                                                                           
  Slack (ns):            -3.339                                                                          
  Arrival (ns):          12.859                                                                          
  Required (ns):         9.520                                                                           

Path 4
  From:                  Reindeer_0/PulseRain_RV2T_MCU_i.PulseRain_RV2T_core_i.RV2T_controller_i.current_state[1]:CLK
  To:                    Reindeer_0/PulseRain_RV2T_MCU_i.PulseRain_RV2T_core_i.RV2T_execution_unit_i.Y_ret_22:D
  Delay (ns):            9.210                                                                           
  Slack (ns):            -3.263                                                                          
  Arrival (ns):          12.791                                                                          
  Required (ns):         9.528                                                                           

Path 5
  From:                  Reindeer_0/PulseRain_RV2T_MCU_i.PulseRain_RV2T_core_i.RV2T_controller_i.current_state[1]:CLK
  To:                    Reindeer_0/PulseRain_RV2T_MCU_i.PulseRain_RV2T_core_i.RV2T_execution_unit_i.X_ret_1:D
  Delay (ns):            9.045                                                                           
  Slack (ns):            -3.063                                                                          
  Arrival (ns):          12.626                                                                          
  Required (ns):         9.563                                                                           

Path 6
  From:                  Reindeer_0/PulseRain_RV2T_MCU_i.PulseRain_RV2T_core_i.RV2T_controller_i.current_state[1]:CLK
  To:                    Reindeer_0/PulseRain_RV2T_MCU_i.PulseRain_RV2T_core_i.RV2T_execution_unit_i.X_ret_6:D
  Delay (ns):            9.027                                                                           
  Slack (ns):            -3.056                                                                          
  Arrival (ns):          12.608                                                                          
  Required (ns):         9.552                                                                           

Path 7
  From:                  Reindeer_0/PulseRain_RV2T_MCU_i.PulseRain_RV2T_core_i.RV2T_controller_i.current_state[1]:CLK
  To:                    Reindeer_0/PulseRain_RV2T_MCU_i.PulseRain_RV2T_core_i.RV2T_execution_unit_i.X_ret_4:D
  Delay (ns):            9.010                                                                           
  Slack (ns):            -3.039                                                                          
  Arrival (ns):          12.591                                                                          
  Required (ns):         9.552                                                                           

Path 8
  From:                  Reindeer_0/PulseRain_RV2T_MCU_i.PulseRain_RV2T_core_i.RV2T_controller_i.current_state[1]:CLK
  To:                    Reindeer_0/PulseRain_RV2T_MCU_i.PulseRain_RV2T_core_i.RV2T_execution_unit_i.X_ret_7:D
  Delay (ns):            8.966                                                                           
  Slack (ns):            -2.984                                                                          
  Arrival (ns):          12.547                                                                          
  Required (ns):         9.563                                                                           

Path 9
  From:                  Reindeer_0/PulseRain_RV2T_MCU_i.PulseRain_RV2T_core_i.RV2T_controller_i.current_state[1]:CLK
  To:                    Reindeer_0/PulseRain_RV2T_MCU_i.PulseRain_RV2T_core_i.RV2T_execution_unit_i.Y_ret_2:D
  Delay (ns):            8.957                                                                           
  Slack (ns):            -2.984                                                                          
  Arrival (ns):          12.538                                                                          
  Required (ns):         9.554                                                                           

Path 10
  From:                  Reindeer_0/PulseRain_RV2T_MCU_i.PulseRain_RV2T_core_i.RV2T_controller_i.current_state[1]:CLK
  To:                    Reindeer_0/PulseRain_RV2T_MCU_i.PulseRain_RV2T_core_i.RV2T_execution_unit_i.X_ret_9:D
  Delay (ns):            8.963                                                                           
  Slack (ns):            -2.981                                                                          
  Arrival (ns):          12.544                                                                          
  Required (ns):         9.563                                                                           

Path 11
  From:                  Reindeer_0/PulseRain_RV2T_MCU_i.PulseRain_RV2T_core_i.RV2T_controller_i.current_state[1]:CLK
  To:                    Reindeer_0/PulseRain_RV2T_MCU_i.PulseRain_RV2T_core_i.RV2T_execution_unit_i.X_ret_2:D
  Delay (ns):            8.941                                                                           
  Slack (ns):            -2.970                                                                          
  Arrival (ns):          12.522                                                                          
  Required (ns):         9.552                                                                           

Path 12
  From:                  Reindeer_0/PulseRain_RV2T_MCU_i.PulseRain_RV2T_core_i.RV2T_controller_i.current_state[1]:CLK
  To:                    Reindeer_0/PulseRain_RV2T_MCU_i.PulseRain_RV2T_core_i.RV2T_execution_unit_i.Y_ret_5:D
  Delay (ns):            8.917                                                                           
  Slack (ns):            -2.954                                                                          
  Arrival (ns):          12.498                                                                          
  Required (ns):         9.544                                                                           

Path 13
  From:                  Reindeer_0/PulseRain_RV2T_MCU_i.PulseRain_RV2T_core_i.RV2T_controller_i.current_state[1]:CLK
  To:                    Reindeer_0/PulseRain_RV2T_MCU_i.PulseRain_RV2T_core_i.RV2T_execution_unit_i.X_ret_5:D
  Delay (ns):            8.935                                                                           
  Slack (ns):            -2.953                                                                          
  Arrival (ns):          12.516                                                                          
  Required (ns):         9.563                                                                           

Path 14
  From:                  Reindeer_0/PulseRain_RV2T_MCU_i.PulseRain_RV2T_core_i.RV2T_controller_i.current_state[1]:CLK
  To:                    Reindeer_0/PulseRain_RV2T_MCU_i.PulseRain_RV2T_core_i.RV2T_execution_unit_i.X_ret_10:D
  Delay (ns):            8.917                                                                           
  Slack (ns):            -2.947                                                                          
  Arrival (ns):          12.498                                                                          
  Required (ns):         9.551                                                                           

Path 15
  From:                  Reindeer_0/PulseRain_RV2T_MCU_i.PulseRain_RV2T_core_i.RV2T_controller_i.current_state[1]:CLK
  To:                    Reindeer_0/PulseRain_RV2T_MCU_i.PulseRain_RV2T_core_i.RV2T_execution_unit_i.X_ret_12:D
  Delay (ns):            8.908                                                                           
  Slack (ns):            -2.938                                                                          
  Arrival (ns):          12.489                                                                          
  Required (ns):         9.551                                                                           

Path 16
  From:                  Reindeer_0/PulseRain_RV2T_MCU_i.PulseRain_RV2T_core_i.RV2T_controller_i.current_state[1]:CLK
  To:                    Reindeer_0/PulseRain_RV2T_MCU_i.PulseRain_RV2T_core_i.RV2T_execution_unit_i.Y_ret_3:D
  Delay (ns):            8.900                                                                           
  Slack (ns):            -2.937                                                                          
  Arrival (ns):          12.481                                                                          
  Required (ns):         9.544                                                                           

Path 17
  From:                  Reindeer_0/PulseRain_RV2T_MCU_i.PulseRain_RV2T_core_i.RV2T_controller_i.current_state[1]:CLK
  To:                    Reindeer_0/PulseRain_RV2T_MCU_i.PulseRain_RV2T_core_i.RV2T_execution_unit_i.X_ret_8:D
  Delay (ns):            8.892                                                                           
  Slack (ns):            -2.921                                                                          
  Arrival (ns):          12.473                                                                          
  Required (ns):         9.552                                                                           

Path 18
  From:                  Reindeer_0/PulseRain_RV2T_MCU_i.PulseRain_RV2T_core_i.RV2T_controller_i.current_state[1]:CLK
  To:                    Reindeer_0/PulseRain_RV2T_MCU_i.PulseRain_RV2T_core_i.RV2T_execution_unit_i.X_ret_15:D
  Delay (ns):            8.882                                                                           
  Slack (ns):            -2.900                                                                          
  Arrival (ns):          12.463                                                                          
  Required (ns):         9.563                                                                           

Path 19
  From:                  Reindeer_0/PulseRain_RV2T_MCU_i.PulseRain_RV2T_core_i.RV2T_controller_i.current_state[1]:CLK
  To:                    Reindeer_0/PulseRain_RV2T_MCU_i.PulseRain_RV2T_core_i.RV2T_execution_unit_i.Y_ret_8:D
  Delay (ns):            8.883                                                                           
  Slack (ns):            -2.900                                                                          
  Arrival (ns):          12.464                                                                          
  Required (ns):         9.564                                                                           

Path 20
  From:                  Reindeer_0/PulseRain_RV2T_MCU_i.PulseRain_RV2T_core_i.RV2T_controller_i.current_state[1]:CLK
  To:                    Reindeer_0/PulseRain_RV2T_MCU_i.PulseRain_RV2T_core_i.RV2T_execution_unit_i.Y_ret_6:D
  Delay (ns):            8.856                                                                           
  Slack (ns):            -2.884                                                                          
  Arrival (ns):          12.437                                                                          
  Required (ns):         9.553                                                                           

Path 21
  From:                  Reindeer_0/PulseRain_RV2T_MCU_i.PulseRain_RV2T_core_i.RV2T_controller_i.current_state[1]:CLK
  To:                    Reindeer_0/PulseRain_RV2T_MCU_i.PulseRain_RV2T_core_i.RV2T_execution_unit_i.X_ret_13:D
  Delay (ns):            8.860                                                                           
  Slack (ns):            -2.878                                                                          
  Arrival (ns):          12.441                                                                          
  Required (ns):         9.563                                                                           

Path 22
  From:                  Reindeer_0/PulseRain_RV2T_MCU_i.PulseRain_RV2T_core_i.RV2T_controller_i.current_state[1]:CLK
  To:                    Reindeer_0/PulseRain_RV2T_MCU_i.PulseRain_RV2T_core_i.RV2T_execution_unit_i.Y_ret_1:D
  Delay (ns):            8.840                                                                           
  Slack (ns):            -2.877                                                                          
  Arrival (ns):          12.421                                                                          
  Required (ns):         9.544                                                                           

Path 23
  From:                  Reindeer_0/PulseRain_RV2T_MCU_i.PulseRain_RV2T_core_i.RV2T_controller_i.current_state[1]:CLK
  To:                    Reindeer_0/PulseRain_RV2T_MCU_i.PulseRain_RV2T_core_i.RV2T_execution_unit_i.X_ret_18:D
  Delay (ns):            8.842                                                                           
  Slack (ns):            -2.872                                                                          
  Arrival (ns):          12.423                                                                          
  Required (ns):         9.551                                                                           

Path 24
  From:                  Reindeer_0/PulseRain_RV2T_MCU_i.PulseRain_RV2T_core_i.RV2T_controller_i.current_state[1]:CLK
  To:                    Reindeer_0/PulseRain_RV2T_MCU_i.PulseRain_RV2T_core_i.RV2T_execution_unit_i.Y_ret_11:D
  Delay (ns):            8.837                                                                           
  Slack (ns):            -2.866                                                                          
  Arrival (ns):          12.418                                                                          
  Required (ns):         9.552                                                                           

Path 25
  From:                  Reindeer_0/PulseRain_RV2T_MCU_i.PulseRain_RV2T_core_i.RV2T_controller_i.current_state[1]:CLK
  To:                    Reindeer_0/PulseRain_RV2T_MCU_i.PulseRain_RV2T_core_i.RV2T_execution_unit_i.X_ret_16:D
  Delay (ns):            8.825                                                                           
  Slack (ns):            -2.855                                                                          
  Arrival (ns):          12.406                                                                          
  Required (ns):         9.551                                                                           

Path 26
  From:                  Reindeer_0/PulseRain_RV2T_MCU_i.PulseRain_RV2T_core_i.RV2T_controller_i.current_state[1]:CLK
  To:                    Reindeer_0/PulseRain_RV2T_MCU_i.PulseRain_RV2T_core_i.RV2T_execution_unit_i.X_ret_21:D
  Delay (ns):            8.837                                                                           
  Slack (ns):            -2.855                                                                          
  Arrival (ns):          12.418                                                                          
  Required (ns):         9.563                                                                           

Path 27
  From:                  Reindeer_0/PulseRain_RV2T_MCU_i.PulseRain_RV2T_core_i.RV2T_controller_i.current_state[1]:CLK
  To:                    Reindeer_0/PulseRain_RV2T_MCU_i.PulseRain_RV2T_core_i.RV2T_execution_unit_i.X_ret_11:D
  Delay (ns):            8.835                                                                           
  Slack (ns):            -2.854                                                                          
  Arrival (ns):          12.416                                                                          
  Required (ns):         9.562                                                                           

Path 28
  From:                  Reindeer_0/PulseRain_RV2T_MCU_i.PulseRain_RV2T_core_i.RV2T_controller_i.current_state[1]:CLK
  To:                    Reindeer_0/PulseRain_RV2T_MCU_i.PulseRain_RV2T_core_i.RV2T_execution_unit_i.Y_ret_9:D
  Delay (ns):            8.824                                                                           
  Slack (ns):            -2.853                                                                          
  Arrival (ns):          12.405                                                                          
  Required (ns):         9.552                                                                           

Path 29
  From:                  Reindeer_0/PulseRain_RV2T_MCU_i.PulseRain_RV2T_core_i.RV2T_controller_i.current_state[1]:CLK
  To:                    Reindeer_0/PulseRain_RV2T_MCU_i.PulseRain_RV2T_core_i.RV2T_execution_unit_i.Y_ret_4:D
  Delay (ns):            8.825                                                                           
  Slack (ns):            -2.853                                                                          
  Arrival (ns):          12.406                                                                          
  Required (ns):         9.553                                                                           

Path 30
  From:                  Reindeer_0/PulseRain_RV2T_MCU_i.PulseRain_RV2T_core_i.RV2T_controller_i.current_state[1]:CLK
  To:                    Reindeer_0/PulseRain_RV2T_MCU_i.PulseRain_RV2T_core_i.RV2T_execution_unit_i.X_ret_22:D
  Delay (ns):            8.791                                                                           
  Slack (ns):            -2.821                                                                          
  Arrival (ns):          12.372                                                                          
  Required (ns):         9.551                                                                           

Path 31
  From:                  Reindeer_0/PulseRain_RV2T_MCU_i.PulseRain_RV2T_core_i.RV2T_controller_i.current_state[1]:CLK
  To:                    Reindeer_0/PulseRain_RV2T_MCU_i.PulseRain_RV2T_core_i.RV2T_execution_unit_i.Y_ret_7:D
  Delay (ns):            8.782                                                                           
  Slack (ns):            -2.819                                                                          
  Arrival (ns):          12.363                                                                          
  Required (ns):         9.544                                                                           

Path 32
  From:                  Reindeer_0/PulseRain_RV2T_MCU_i.PulseRain_RV2T_core_i.RV2T_controller_i.current_state[1]:CLK
  To:                    Reindeer_0/PulseRain_RV2T_MCU_i.PulseRain_RV2T_core_i.RV2T_execution_unit_i.X_ret_19:D
  Delay (ns):            8.781                                                                           
  Slack (ns):            -2.799                                                                          
  Arrival (ns):          12.362                                                                          
  Required (ns):         9.563                                                                           

Path 33
  From:                  Reindeer_0/PulseRain_RV2T_MCU_i.PulseRain_RV2T_core_i.RV2T_controller_i.current_state[1]:CLK
  To:                    Reindeer_0/PulseRain_RV2T_MCU_i.PulseRain_RV2T_core_i.RV2T_execution_unit_i.Y_ret_12:D
  Delay (ns):            8.774                                                                           
  Slack (ns):            -2.792                                                                          
  Arrival (ns):          12.355                                                                          
  Required (ns):         9.563                                                                           

Path 34
  From:                  Reindeer_0/PulseRain_RV2T_MCU_i.PulseRain_RV2T_core_i.RV2T_controller_i.current_state[1]:CLK
  To:                    Reindeer_0/PulseRain_RV2T_MCU_i.PulseRain_RV2T_core_i.RV2T_execution_unit_i.Y_ret_14:D
  Delay (ns):            8.772                                                                           
  Slack (ns):            -2.790                                                                          
  Arrival (ns):          12.353                                                                          
  Required (ns):         9.563                                                                           

Path 35
  From:                  Reindeer_0/PulseRain_RV2T_MCU_i.PulseRain_RV2T_core_i.RV2T_controller_i.current_state[1]:CLK
  To:                    Reindeer_0/PulseRain_RV2T_MCU_i.PulseRain_RV2T_core_i.RV2T_execution_unit_i.X_ret_14:D
  Delay (ns):            8.756                                                                           
  Slack (ns):            -2.786                                                                          
  Arrival (ns):          12.337                                                                          
  Required (ns):         9.551                                                                           

Path 36
  From:                  Reindeer_0/PulseRain_RV2T_MCU_i.PulseRain_RV2T_core_i.RV2T_controller_i.current_state[1]:CLK
  To:                    Reindeer_0/PulseRain_RV2T_MCU_i.PulseRain_RV2T_core_i.RV2T_execution_unit_i.X_ret:D
  Delay (ns):            8.703                                                                           
  Slack (ns):            -2.772                                                                          
  Arrival (ns):          12.284                                                                          
  Required (ns):         9.512                                                                           

Path 37
  From:                  Reindeer_0/PulseRain_RV2T_MCU_i.PulseRain_RV2T_core_i.RV2T_controller_i.current_state[1]:CLK
  To:                    Reindeer_0/PulseRain_RV2T_MCU_i.PulseRain_RV2T_core_i.RV2T_execution_unit_i.X_ret_17:D
  Delay (ns):            8.750                                                                           
  Slack (ns):            -2.768                                                                          
  Arrival (ns):          12.331                                                                          
  Required (ns):         9.563                                                                           

Path 38
  From:                  Reindeer_0/PulseRain_RV2T_MCU_i.PulseRain_RV2T_core_i.RV2T_controller_i.current_state[1]:CLK
  To:                    Reindeer_0/PulseRain_RV2T_MCU_i.PulseRain_RV2T_core_i.RV2T_execution_unit_i.Y_ret_17:D
  Delay (ns):            8.732                                                                           
  Slack (ns):            -2.761                                                                          
  Arrival (ns):          12.313                                                                          
  Required (ns):         9.552                                                                           

Path 39
  From:                  Reindeer_0/PulseRain_RV2T_MCU_i.PulseRain_RV2T_core_i.RV2T_controller_i.current_state[1]:CLK
  To:                    Reindeer_0/PulseRain_RV2T_MCU_i.PulseRain_RV2T_core_i.RV2T_execution_unit_i.Y_ret_10:D
  Delay (ns):            8.737                                                                           
  Slack (ns):            -2.755                                                                          
  Arrival (ns):          12.318                                                                          
  Required (ns):         9.563                                                                           

Path 40
  From:                  Reindeer_0/PulseRain_RV2T_MCU_i.PulseRain_RV2T_core_i.RV2T_controller_i.current_state[1]:CLK
  To:                    Reindeer_0/PulseRain_RV2T_MCU_i.PulseRain_RV2T_core_i.RV2T_execution_unit_i.Y_ret_15:D
  Delay (ns):            8.715                                                                           
  Slack (ns):            -2.744                                                                          
  Arrival (ns):          12.296                                                                          
  Required (ns):         9.552                                                                           

Path 41
  From:                  Reindeer_0/PulseRain_RV2T_MCU_i.PulseRain_RV2T_core_i.RV2T_controller_i.current_state[1]:CLK
  To:                    Reindeer_0/PulseRain_RV2T_MCU_i.PulseRain_RV2T_core_i.RV2T_execution_unit_i.X_ret_20:D
  Delay (ns):            8.707                                                                           
  Slack (ns):            -2.736                                                                          
  Arrival (ns):          12.288                                                                          
  Required (ns):         9.552                                                                           

Path 42
  From:                  Reindeer_0/PulseRain_RV2T_MCU_i.PulseRain_RV2T_core_i.RV2T_controller_i.current_state[1]:CLK
  To:                    Reindeer_0/PulseRain_RV2T_MCU_i.PulseRain_RV2T_core_i.RV2T_execution_unit_i.Y_ret_66:D
  Delay (ns):            8.694                                                                           
  Slack (ns):            -2.728                                                                          
  Arrival (ns):          12.275                                                                          
  Required (ns):         9.547                                                                           

Path 43
  From:                  Reindeer_0/PulseRain_RV2T_MCU_i.PulseRain_RV2T_core_i.RV2T_controller_i.current_state[1]:CLK
  To:                    Reindeer_0/PulseRain_RV2T_MCU_i.PulseRain_RV2T_core_i.RV2T_execution_unit_i.X_ret_23:D
  Delay (ns):            8.706                                                                           
  Slack (ns):            -2.725                                                                          
  Arrival (ns):          12.287                                                                          
  Required (ns):         9.562                                                                           

Path 44
  From:                  Reindeer_0/PulseRain_RV2T_MCU_i.PulseRain_RV2T_core_i.RV2T_controller_i.current_state[1]:CLK
  To:                    Reindeer_0/PulseRain_RV2T_MCU_i.PulseRain_RV2T_core_i.RV2T_execution_unit_i.Y_ret_20:D
  Delay (ns):            8.697                                                                           
  Slack (ns):            -2.715                                                                          
  Arrival (ns):          12.278                                                                          
  Required (ns):         9.563                                                                           

Path 45
  From:                  Reindeer_0/PulseRain_RV2T_MCU_i.PulseRain_RV2T_core_i.RV2T_controller_i.current_state[1]:CLK
  To:                    Reindeer_0/PulseRain_RV2T_MCU_i.PulseRain_RV2T_core_i.RV2T_execution_unit_i.Y_ret_18:D
  Delay (ns):            8.671                                                                           
  Slack (ns):            -2.689                                                                          
  Arrival (ns):          12.252                                                                          
  Required (ns):         9.563                                                                           

Path 46
  From:                  Reindeer_0/PulseRain_RV2T_MCU_i.PulseRain_RV2T_core_i.RV2T_controller_i.current_state[1]:CLK
  To:                    Reindeer_0/PulseRain_RV2T_MCU_i.PulseRain_RV2T_core_i.RV2T_execution_unit_i.Y_ret_13:D
  Delay (ns):            8.654                                                                           
  Slack (ns):            -2.683                                                                          
  Arrival (ns):          12.235                                                                          
  Required (ns):         9.552                                                                           

Path 47
  From:                  Reindeer_0/PulseRain_RV2T_MCU_i.PulseRain_RV2T_core_i.RV2T_controller_i.current_state[1]:CLK
  To:                    Reindeer_0/PulseRain_RV2T_MCU_i.PulseRain_RV2T_core_i.RV2T_execution_unit_i.Y_ret_23:D
  Delay (ns):            8.651                                                                           
  Slack (ns):            -2.680                                                                          
  Arrival (ns):          12.232                                                                          
  Required (ns):         9.552                                                                           

Path 48
  From:                  Reindeer_0/PulseRain_RV2T_MCU_i.PulseRain_RV2T_core_i.RV2T_controller_i.current_state[1]:CLK
  To:                    Reindeer_0/PulseRain_RV2T_MCU_i.PulseRain_RV2T_core_i.RV2T_execution_unit_i.Y_ret_67:D
  Delay (ns):            8.652                                                                           
  Slack (ns):            -2.676                                                                          
  Arrival (ns):          12.233                                                                          
  Required (ns):         9.557                                                                           

Path 49
  From:                  Reindeer_0/PulseRain_RV2T_MCU_i.PulseRain_RV2T_core_i.RV2T_controller_i.current_state[1]:CLK
  To:                    Reindeer_0/PulseRain_RV2T_MCU_i.PulseRain_RV2T_core_i.RV2T_execution_unit_i.Y_ret_21:D
  Delay (ns):            8.638                                                                           
  Slack (ns):            -2.667                                                                          
  Arrival (ns):          12.219                                                                          
  Required (ns):         9.552                                                                           

Path 50
  From:                  Reindeer_0/PulseRain_RV2T_MCU_i.PulseRain_RV2T_core_i.RV2T_controller_i.current_state[1]:CLK
  To:                    Reindeer_0/PulseRain_RV2T_MCU_i.PulseRain_RV2T_core_i.RV2T_execution_unit_i.Y_ret_16:D
  Delay (ns):            8.640                                                                           
  Slack (ns):            -2.658                                                                          
  Arrival (ns):          12.221                                                                          
  Required (ns):         9.563                                                                           

Path 51
  From:                  Reindeer_0/PulseRain_RV2T_MCU_i.PulseRain_RV2T_core_i.RV2T_controller_i.current_state[1]:CLK
  To:                    Reindeer_0/PulseRain_RV2T_MCU_i.PulseRain_RV2T_core_i.RV2T_execution_unit_i.Y_ret_19:D
  Delay (ns):            8.597                                                                           
  Slack (ns):            -2.626                                                                          
  Arrival (ns):          12.178                                                                          
  Required (ns):         9.552                                                                           

Path 52
  From:                  Reindeer_0/PulseRain_RV2T_MCU_i.PulseRain_RV2T_core_i.RV2T_controller_i.current_state[1]:CLK
  To:                    Reindeer_0/PulseRain_RV2T_MCU_i.PulseRain_RV2T_core_i.RV2T_execution_unit_i.Y_ret_24:D
  Delay (ns):            8.588                                                                           
  Slack (ns):            -2.606                                                                          
  Arrival (ns):          12.169                                                                          
  Required (ns):         9.563                                                                           

Path 53
  From:                  Reindeer_0/PulseRain_RV2T_MCU_i.PulseRain_RV2T_core_i.RV2T_reg_file_i.write_enable_d1:CLK
  To:                    Reindeer_0/PulseRain_RV2T_MCU_i.PulseRain_RV2T_core_i.RV2T_execution_unit_i.X_ret_0:D
  Delay (ns):            8.369                                                                           
  Slack (ns):            -2.415                                                                          
  Arrival (ns):          11.935                                                                          
  Required (ns):         9.520                                                                           

Path 54
  From:                  Reindeer_0/PulseRain_RV2T_MCU_i.PulseRain_RV2T_core_i.RV2T_controller_i.current_state[1]:CLK
  To:                    Reindeer_0/PulseRain_RV2T_MCU_i.PulseRain_RV2T_core_i.RV2T_execution_unit_i.Y_ret_127:D
  Delay (ns):            8.349                                                                           
  Slack (ns):            -2.383                                                                          
  Arrival (ns):          11.930                                                                          
  Required (ns):         9.547                                                                           

Path 55
  From:                  Reindeer_0/PulseRain_RV2T_MCU_i.PulseRain_RV2T_core_i.RV2T_controller_i.current_state[1]:CLK
  To:                    Reindeer_0/PulseRain_RV2T_MCU_i.PulseRain_RV2T_core_i.RV2T_execution_unit_i.Y_ret_88:D
  Delay (ns):            8.349                                                                           
  Slack (ns):            -2.383                                                                          
  Arrival (ns):          11.930                                                                          
  Required (ns):         9.547                                                                           

Path 56
  From:                  Reindeer_0/PulseRain_RV2T_MCU_i.PulseRain_RV2T_core_i.RV2T_controller_i.current_state[1]:CLK
  To:                    Reindeer_0/PulseRain_RV2T_MCU_i.PulseRain_RV2T_core_i.RV2T_execution_unit_i.Y_ret_26:D
  Delay (ns):            8.356                                                                           
  Slack (ns):            -2.374                                                                          
  Arrival (ns):          11.937                                                                          
  Required (ns):         9.563                                                                           

Path 57
  From:                  Reindeer_0/PulseRain_RV2T_MCU_i.PulseRain_RV2T_core_i.RV2T_controller_i.current_state[1]:CLK
  To:                    Reindeer_0/PulseRain_RV2T_MCU_i.PulseRain_RV2T_core_i.RV2T_execution_unit_i.Y_ret_27:D
  Delay (ns):            8.299                                                                           
  Slack (ns):            -2.328                                                                          
  Arrival (ns):          11.880                                                                          
  Required (ns):         9.552                                                                           

Path 58
  From:                  Reindeer_0/PulseRain_RV2T_MCU_i.PulseRain_RV2T_core_i.RV2T_fetch_instruction_i.read_mem_addr_ret_0[2]:CLK
  To:                    Reindeer_0/PulseRain_RV2T_MCU_i.ram_low_i.gen_if_proc.gen_for_proc[1].ram_8bit_1st.mem_mem_0_3/INST_RAM1K18_IP:A_ADDR[12]
  Delay (ns):            8.505                                                                           
  Slack (ns):            -2.278                                                                          
  Arrival (ns):          12.102                                                                          
  Required (ns):         9.824                                                                           

Path 59
  From:                  Reindeer_0/PulseRain_RV2T_MCU_i.PulseRain_RV2T_core_i.RV2T_fetch_instruction_i.read_mem_addr_ret_0[2]:CLK
  To:                    Reindeer_0/PulseRain_RV2T_MCU_i.ram_low_i.gen_if_proc.gen_for_proc[1].ram_8bit_1st.mem_mem_0_3/INST_RAM1K18_IP:A_WEN[0]
  Delay (ns):            8.157                                                                           
  Slack (ns):            -2.252                                                                          
  Arrival (ns):          11.754                                                                          
  Required (ns):         9.502                                                                           

Path 60
  From:                  Reindeer_0/PulseRain_RV2T_MCU_i.PulseRain_RV2T_core_i.RV2T_controller_i.current_state[1]:CLK
  To:                    Reindeer_0/PulseRain_RV2T_MCU_i.PulseRain_RV2T_core_i.RV2T_execution_unit_i.Y_ret_28:D
  Delay (ns):            8.225                                                                           
  Slack (ns):            -2.243                                                                          
  Arrival (ns):          11.806                                                                          
  Required (ns):         9.563                                                                           

Path 61
  From:                  Reindeer_0/PulseRain_RV2T_MCU_i.PulseRain_RV2T_core_i.RV2T_controller_i.current_state[1]:CLK
  To:                    Reindeer_0/PulseRain_RV2T_MCU_i.PulseRain_RV2T_core_i.RV2T_execution_unit_i.Y_ret_25:D
  Delay (ns):            8.207                                                                           
  Slack (ns):            -2.236                                                                          
  Arrival (ns):          11.788                                                                          
  Required (ns):         9.552                                                                           

Path 62
  From:                  Reindeer_0/PulseRain_RV2T_MCU_i.PulseRain_RV2T_core_i.RV2T_controller_i.current_state[1]:CLK
  To:                    Reindeer_0/PulseRain_RV2T_MCU_i.PulseRain_RV2T_core_i.RV2T_execution_unit_i.Y_ret_128:D
  Delay (ns):            8.166                                                                           
  Slack (ns):            -2.190                                                                          
  Arrival (ns):          11.747                                                                          
  Required (ns):         9.557                                                                           

Path 63
  From:                  Reindeer_0/PulseRain_RV2T_MCU_i.PulseRain_RV2T_core_i.RV2T_controller_i.current_state[1]:CLK
  To:                    Reindeer_0/PulseRain_RV2T_MCU_i.PulseRain_RV2T_core_i.RV2T_execution_unit_i.X_ret_24:D
  Delay (ns):            8.156                                                                           
  Slack (ns):            -2.186                                                                          
  Arrival (ns):          11.737                                                                          
  Required (ns):         9.551                                                                           

Path 64
  From:                  Reindeer_0/PulseRain_RV2T_MCU_i.PulseRain_RV2T_core_i.RV2T_reg_file_i.write_enable_d1:CLK
  To:                    Reindeer_0/PulseRain_RV2T_MCU_i.PulseRain_RV2T_core_i.RV2T_execution_unit_i.Y_ret_0:D
  Delay (ns):            8.164                                                                           
  Slack (ns):            -2.186                                                                          
  Arrival (ns):          11.730                                                                          
  Required (ns):         9.544                                                                           

Path 65
  From:                  Reindeer_0/PulseRain_RV2T_MCU_i.PulseRain_RV2T_core_i.RV2T_controller_i.current_state[1]:CLK
  To:                    Reindeer_0/PulseRain_RV2T_MCU_i.PulseRain_RV2T_core_i.RV2T_execution_unit_i.Y_ret_83:D
  Delay (ns):            8.151                                                                           
  Slack (ns):            -2.164                                                                          
  Arrival (ns):          11.732                                                                          
  Required (ns):         9.568                                                                           

Path 66
  From:                  Reindeer_0/PulseRain_RV2T_MCU_i.PulseRain_RV2T_core_i.RV2T_controller_i.current_state[1]:CLK
  To:                    Reindeer_0/PulseRain_RV2T_MCU_i.PulseRain_RV2T_core_i.RV2T_execution_unit_i.Y_ret_84:D
  Delay (ns):            8.111                                                                           
  Slack (ns):            -2.148                                                                          
  Arrival (ns):          11.692                                                                          
  Required (ns):         9.544                                                                           

Path 67
  From:                  Reindeer_0/PulseRain_RV2T_MCU_i.PulseRain_RV2T_core_i.RV2T_fetch_instruction_i.read_mem_addr_ret_0[1]:CLK
  To:                    Reindeer_0/PulseRain_RV2T_MCU_i.ram_low_i.gen_if_proc.gen_for_proc[1].ram_8bit_1st.mem_mem_0_3/INST_RAM1K18_IP:A_ADDR[12]
  Delay (ns):            8.375                                                                           
  Slack (ns):            -2.135                                                                          
  Arrival (ns):          11.959                                                                          
  Required (ns):         9.824                                                                           

Path 68
  From:                  Reindeer_0/PulseRain_RV2T_MCU_i.PulseRain_RV2T_core_i.RV2T_controller_i.current_state[1]:CLK
  To:                    Reindeer_0/PulseRain_RV2T_MCU_i.PulseRain_RV2T_core_i.RV2T_execution_unit_i.Y_ret_75:D
  Delay (ns):            8.055                                                                           
  Slack (ns):            -2.103                                                                          
  Arrival (ns):          11.636                                                                          
  Required (ns):         9.533                                                                           

Path 69
  From:                  Reindeer_0/PulseRain_RV2T_MCU_i.PulseRain_RV2T_core_i.RV2T_fetch_instruction_i.read_mem_addr_ret_0[1]:CLK
  To:                    Reindeer_0/PulseRain_RV2T_MCU_i.ram_low_i.gen_if_proc.gen_for_proc[1].ram_8bit_1st.mem_mem_0_3/INST_RAM1K18_IP:A_WEN[0]
  Delay (ns):            8.017                                                                           
  Slack (ns):            -2.099                                                                          
  Arrival (ns):          11.601                                                                          
  Required (ns):         9.502                                                                           

Path 70
  From:                  Reindeer_0/PulseRain_RV2T_MCU_i.PulseRain_RV2T_core_i.RV2T_execution_unit_i.IR_out[8]:CLK
  To:                    Reindeer_0/PulseRain_RV2T_MCU_i.PulseRain_RV2T_core_i.RV2T_reg_file_i.write_data_in_d1[23]:D
  Delay (ns):            8.055                                                                           
  Slack (ns):            -2.084                                                                          
  Arrival (ns):          11.647                                                                          
  Required (ns):         9.563                                                                           

Path 71
  From:                  Reindeer_0/PulseRain_RV2T_MCU_i.PulseRain_RV2T_core_i.RV2T_controller_i.current_state[1]:CLK
  To:                    Reindeer_0/PulseRain_RV2T_MCU_i.PulseRain_RV2T_core_i.RV2T_execution_unit_i.Y_ret_124:D
  Delay (ns):            8.039                                                                           
  Slack (ns):            -2.083                                                                          
  Arrival (ns):          11.620                                                                          
  Required (ns):         9.537                                                                           

Path 72
  From:                  Reindeer_0/PulseRain_RV2T_MCU_i.PulseRain_RV2T_core_i.RV2T_controller_i.current_state[1]:CLK
  To:                    Reindeer_0/PulseRain_RV2T_MCU_i.PulseRain_RV2T_core_i.RV2T_execution_unit_i.Y_ret_118:D
  Delay (ns):            8.058                                                                           
  Slack (ns):            -2.081                                                                          
  Arrival (ns):          11.639                                                                          
  Required (ns):         9.558                                                                           

Path 73
  From:                  Reindeer_0/PulseRain_RV2T_MCU_i.PulseRain_RV2T_core_i.RV2T_fetch_instruction_i.read_mem_addr_ret_0[2]:CLK
  To:                    Reindeer_0/PulseRain_RV2T_MCU_i.ram_low_i.gen_if_proc.gen_for_proc[1].ram_8bit_1st.mem_mem_0_1/INST_RAM1K18_IP:A_ADDR[12]
  Delay (ns):            8.299                                                                           
  Slack (ns):            -2.072                                                                          
  Arrival (ns):          11.896                                                                          
  Required (ns):         9.824                                                                           

Path 74
  From:                  Reindeer_0/PulseRain_RV2T_MCU_i.PulseRain_RV2T_core_i.RV2T_controller_i.current_state[1]:CLK
  To:                    Reindeer_0/PulseRain_RV2T_MCU_i.PulseRain_RV2T_core_i.RV2T_execution_unit_i.Y_ret_29:D
  Delay (ns):            8.038                                                                           
  Slack (ns):            -2.067                                                                          
  Arrival (ns):          11.619                                                                          
  Required (ns):         9.552                                                                           

Path 75
  From:                  Reindeer_0/PulseRain_RV2T_MCU_i.PulseRain_RV2T_core_i.RV2T_fetch_instruction_i.read_mem_addr_ret_0[2]:CLK
  To:                    Reindeer_0/PulseRain_RV2T_MCU_i.ram_low_i.gen_if_proc.gen_for_proc[1].ram_8bit_1st.mem_mem_0_2/INST_RAM1K18_IP:A_WEN[0]
  Delay (ns):            7.966                                                                           
  Slack (ns):            -2.062                                                                          
  Arrival (ns):          11.563                                                                          
  Required (ns):         9.501                                                                           

Path 76
  From:                  Reindeer_0/PulseRain_RV2T_MCU_i.PulseRain_RV2T_core_i.RV2T_reg_file_i.single_clk_ram_rs2.mem_mem_0_0/INST_RAM64x18_IP:B_ADDR_CLK
  To:                    Reindeer_0/PulseRain_RV2T_MCU_i.PulseRain_RV2T_core_i.RV2T_execution_unit_i.Y_ret_0:D
  Delay (ns):            7.915                                                                           
  Slack (ns):            -2.053                                                                          
  Arrival (ns):          11.597                                                                          
  Required (ns):         9.544                                                                           

Path 77
  From:                  Reindeer_0/PulseRain_RV2T_MCU_i.PulseRain_RV2T_core_i.RV2T_execution_unit_i.IR_out[8]:CLK
  To:                    Reindeer_0/PulseRain_RV2T_MCU_i.PulseRain_RV2T_core_i.RV2T_reg_file_i.single_clk_ram_rs2.mem_mem_0_1/INST_RAM64x18_IP:C_DIN[7]
  Delay (ns):            8.359                                                                           
  Slack (ns):            -2.041                                                                          
  Arrival (ns):          11.951                                                                          
  Required (ns):         9.910                                                                           

Path 78
  From:                  Reindeer_0/PulseRain_RV2T_MCU_i.PulseRain_RV2T_core_i.RV2T_fetch_instruction_i.read_mem_addr_ret_0[2]:CLK
  To:                    Reindeer_0/PulseRain_RV2T_MCU_i.ram_low_i.gen_if_proc.gen_for_proc[1].ram_8bit_1st.mem_mem_0_2/INST_RAM1K18_IP:A_ADDR[12]
  Delay (ns):            8.244                                                                           
  Slack (ns):            -2.018                                                                          
  Arrival (ns):          11.841                                                                          
  Required (ns):         9.823                                                                           

Path 79
  From:                  Reindeer_0/PulseRain_RV2T_MCU_i.PulseRain_RV2T_core_i.RV2T_reg_file_i.write_enable_d1:CLK
  To:                    Reindeer_0/PulseRain_RV2T_MCU_i.PulseRain_RV2T_core_i.RV2T_execution_unit_i.Y_ret_22:D
  Delay (ns):            7.957                                                                           
  Slack (ns):            -1.995                                                                          
  Arrival (ns):          11.523                                                                          
  Required (ns):         9.528                                                                           

Path 80
  From:                  Reindeer_0/PulseRain_RV2T_MCU_i.PulseRain_RV2T_core_i.RV2T_controller_i.current_state[1]:CLK
  To:                    Reindeer_0/PulseRain_RV2T_MCU_i.PulseRain_RV2T_core_i.RV2T_execution_unit_i.Y_ret_57:D
  Delay (ns):            7.956                                                                           
  Slack (ns):            -1.979                                                                          
  Arrival (ns):          11.537                                                                          
  Required (ns):         9.558                                                                           

Path 81
  From:                  Reindeer_0/PulseRain_RV2T_MCU_i.PulseRain_RV2T_core_i.RV2T_execution_unit_i.rd_addr_out[1]:CLK
  To:                    Reindeer_0/PulseRain_RV2T_MCU_i.PulseRain_RV2T_core_i.RV2T_execution_unit_i.X_ret_3:D
  Delay (ns):            7.959                                                                           
  Slack (ns):            -1.973                                                                          
  Arrival (ns):          11.525                                                                          
  Required (ns):         9.552                                                                           

Path 82
  From:                  Reindeer_0/PulseRain_RV2T_MCU_i.PulseRain_RV2T_core_i.RV2T_fetch_instruction_i.read_mem_addr_ret_0[2]:CLK
  To:                    Reindeer_0/PulseRain_RV2T_MCU_i.ram_high_i.gen_if_proc.gen_for_proc[0].ram_8bit_1st.mem_mem_0_1/INST_RAM1K18_IP:A_WEN[0]
  Delay (ns):            7.880                                                                           
  Slack (ns):            -1.963                                                                          
  Arrival (ns):          11.477                                                                          
  Required (ns):         9.514                                                                           

Path 83
  From:                  Reindeer_0/PulseRain_RV2T_MCU_i.PulseRain_RV2T_core_i.RV2T_controller_i.current_state[1]:CLK
  To:                    Reindeer_0/PulseRain_RV2T_MCU_i.PulseRain_RV2T_core_i.RV2T_execution_unit_i.Y_ret_59:D
  Delay (ns):            7.940                                                                           
  Slack (ns):            -1.953                                                                          
  Arrival (ns):          11.521                                                                          
  Required (ns):         9.568                                                                           

Path 84
  From:                  Reindeer_0/PulseRain_RV2T_MCU_i.PulseRain_RV2T_core_i.RV2T_fetch_instruction_i.read_mem_addr_ret_0[1]:CLK
  To:                    Reindeer_0/PulseRain_RV2T_MCU_i.ram_low_i.gen_if_proc.gen_for_proc[1].ram_8bit_1st.mem_mem_0_1/INST_RAM1K18_IP:A_ADDR[12]
  Delay (ns):            8.169                                                                           
  Slack (ns):            -1.929                                                                          
  Arrival (ns):          11.753                                                                          
  Required (ns):         9.824                                                                           

Path 85
  From:                  Reindeer_0/PulseRain_RV2T_MCU_i.PulseRain_RV2T_core_i.RV2T_fetch_instruction_i.read_mem_addr_ret_0[1]:CLK
  To:                    Reindeer_0/PulseRain_RV2T_MCU_i.ram_low_i.gen_if_proc.gen_for_proc[1].ram_8bit_1st.mem_mem_0_2/INST_RAM1K18_IP:A_WEN[0]
  Delay (ns):            7.826                                                                           
  Slack (ns):            -1.909                                                                          
  Arrival (ns):          11.410                                                                          
  Required (ns):         9.501                                                                           

Path 86
  From:                  Reindeer_0/PulseRain_RV2T_MCU_i.PulseRain_RV2T_core_i.RV2T_controller_i.current_state[1]:CLK
  To:                    Reindeer_0/PulseRain_RV2T_MCU_i.PulseRain_RV2T_core_i.RV2T_execution_unit_i.Y_ret_76:D
  Delay (ns):            7.868                                                                           
  Slack (ns):            -1.905                                                                          
  Arrival (ns):          11.449                                                                          
  Required (ns):         9.544                                                                           

Path 87
  From:                  Reindeer_0/PulseRain_RV2T_MCU_i.PulseRain_RV2T_core_i.RV2T_execution_unit_i.X[2]:CLK
  To:                    Reindeer_0/PulseRain_RV2T_MCU_i.PulseRain_RV2T_core_i.RV2T_reg_file_i.write_data_in_d1[30]:D
  Delay (ns):            7.840                                                                           
  Slack (ns):            -1.895                                                                          
  Arrival (ns):          11.407                                                                          
  Required (ns):         9.512                                                                           

Path 88
  From:                  Reindeer_0/PulseRain_RV2T_MCU_i.PulseRain_RV2T_core_i.RV2T_controller_i.current_state[1]:CLK
  To:                    Reindeer_0/PulseRain_RV2T_MCU_i.PulseRain_RV2T_core_i.RV2T_execution_unit_i.Y_ret_33:D
  Delay (ns):            7.830                                                                           
  Slack (ns):            -1.892                                                                          
  Arrival (ns):          11.411                                                                          
  Required (ns):         9.519                                                                           

Path 89
  From:                  Reindeer_0/PulseRain_RV2T_MCU_i.PulseRain_RV2T_core_i.RV2T_controller_i.current_state[1]:CLK
  To:                    Reindeer_0/PulseRain_RV2T_MCU_i.PulseRain_RV2T_core_i.RV2T_execution_unit_i.Y_ret_61:D
  Delay (ns):            7.840                                                                           
  Slack (ns):            -1.884                                                                          
  Arrival (ns):          11.421                                                                          
  Required (ns):         9.537                                                                           

Path 90
  From:                  Reindeer_0/PulseRain_RV2T_MCU_i.PulseRain_RV2T_core_i.RV2T_controller_i.current_state[1]:CLK
  To:                    Reindeer_0/PulseRain_RV2T_MCU_i.PulseRain_RV2T_core_i.RV2T_execution_unit_i.Y_ret_71:D
  Delay (ns):            7.834                                                                           
  Slack (ns):            -1.878                                                                          
  Arrival (ns):          11.415                                                                          
  Required (ns):         9.537                                                                           

Path 91
  From:                  Reindeer_0/PulseRain_RV2T_MCU_i.PulseRain_RV2T_core_i.RV2T_reg_file_i.single_clk_ram_rs2.mem_mem_0_0/INST_RAM64x18_IP:B_ADDR_CLK
  To:                    Reindeer_0/PulseRain_RV2T_MCU_i.PulseRain_RV2T_core_i.RV2T_execution_unit_i.Y_ret_22:D
  Delay (ns):            7.722                                                                           
  Slack (ns):            -1.876                                                                          
  Arrival (ns):          11.404                                                                          
  Required (ns):         9.528                                                                           

Path 92
  From:                  Reindeer_0/PulseRain_RV2T_MCU_i.PulseRain_RV2T_core_i.RV2T_fetch_instruction_i.read_mem_addr_ret_0[1]:CLK
  To:                    Reindeer_0/PulseRain_RV2T_MCU_i.ram_low_i.gen_if_proc.gen_for_proc[1].ram_8bit_1st.mem_mem_0_2/INST_RAM1K18_IP:A_ADDR[12]
  Delay (ns):            8.114                                                                           
  Slack (ns):            -1.875                                                                          
  Arrival (ns):          11.698                                                                          
  Required (ns):         9.823                                                                           

Path 93
  From:                  Reindeer_0/PulseRain_RV2T_MCU_i.PulseRain_RV2T_core_i.RV2T_execution_unit_i.rd_addr_out[1]:CLK
  To:                    Reindeer_0/PulseRain_RV2T_MCU_i.PulseRain_RV2T_core_i.RV2T_execution_unit_i.Y_ret_0:D
  Delay (ns):            7.852                                                                           
  Slack (ns):            -1.874                                                                          
  Arrival (ns):          11.418                                                                          
  Required (ns):         9.544                                                                           

Path 94
  From:                  Reindeer_0/PulseRain_RV2T_MCU_i.PulseRain_RV2T_core_i.RV2T_controller_i.current_state[1]:CLK
  To:                    Reindeer_0/PulseRain_RV2T_MCU_i.PulseRain_RV2T_core_i.RV2T_execution_unit_i.Y_ret_50:D
  Delay (ns):            7.829                                                                           
  Slack (ns):            -1.873                                                                          
  Arrival (ns):          11.410                                                                          
  Required (ns):         9.537                                                                           

Path 95
  From:                  Reindeer_0/PulseRain_RV2T_MCU_i.PulseRain_RV2T_core_i.RV2T_execution_unit_i.rd_addr_out[4]:CLK
  To:                    Reindeer_0/PulseRain_RV2T_MCU_i.PulseRain_RV2T_core_i.RV2T_execution_unit_i.X_ret_3:D
  Delay (ns):            7.856                                                                           
  Slack (ns):            -1.869                                                                          
  Arrival (ns):          11.421                                                                          
  Required (ns):         9.552                                                                           

Path 96
  From:                  Reindeer_0/PulseRain_RV2T_MCU_i.PulseRain_RV2T_core_i.RV2T_controller_i.current_state[1]:CLK
  To:                    Reindeer_0/PulseRain_RV2T_MCU_i.PulseRain_RV2T_core_i.RV2T_execution_unit_i.X_ret_27:D
  Delay (ns):            7.847                                                                           
  Slack (ns):            -1.865                                                                          
  Arrival (ns):          11.428                                                                          
  Required (ns):         9.563                                                                           

Path 97
  From:                  Reindeer_0/PulseRain_RV2T_MCU_i.PulseRain_RV2T_core_i.RV2T_execution_unit_i.IR_out[8]:CLK
  To:                    Reindeer_0/PulseRain_RV2T_MCU_i.PulseRain_RV2T_core_i.RV2T_reg_file_i.write_data_in_d1[25]:D
  Delay (ns):            7.787                                                                           
  Slack (ns):            -1.855                                                                          
  Arrival (ns):          11.379                                                                          
  Required (ns):         9.524                                                                           

Path 98
  From:                  Reindeer_0/PulseRain_RV2T_MCU_i.PulseRain_RV2T_core_i.RV2T_reg_file_i.write_enable_d1:CLK
  To:                    Reindeer_0/PulseRain_RV2T_MCU_i.PulseRain_RV2T_core_i.RV2T_execution_unit_i.X_ret:D
  Delay (ns):            7.793                                                                           
  Slack (ns):            -1.847                                                                          
  Arrival (ns):          11.359                                                                          
  Required (ns):         9.512                                                                           

Path 99
  From:                  Reindeer_0/PulseRain_RV2T_MCU_i.PulseRain_RV2T_core_i.RV2T_execution_unit_i.reg_ctl_AUIPC:CLK
  To:                    Reindeer_0/PulseRain_RV2T_MCU_i.PulseRain_RV2T_core_i.RV2T_reg_file_i.write_data_in_d1[23]:D
  Delay (ns):            7.843                                                                           
  Slack (ns):            -1.840                                                                          
  Arrival (ns):          11.403                                                                          
  Required (ns):         9.563                                                                           

Path 100
  From:                  Reindeer_0/PulseRain_RV2T_MCU_i.PulseRain_RV2T_core_i.RV2T_controller_i.current_state[1]:CLK
  To:                    Reindeer_0/PulseRain_RV2T_MCU_i.PulseRain_RV2T_core_i.RV2T_execution_unit_i.X_ret_25:D
  Delay (ns):            7.813                                                                           
  Slack (ns):            -1.832                                                                          
  Arrival (ns):          11.394                                                                          
  Required (ns):         9.562                                                                           

