Timing Violation Report Max Delay Analysis

SmartTime Version v11.9 SP1
Microsemi Corporation - Microsemi Libero Software Release v11.9 SP1 (Version 11.9.1.0)
Date: Fri Nov 23 23:27:31 2018


Design: creative
Family: SmartFusion2
Die: M2S025
Package: 256 VF
Temperature Range: 0 - 85 C
Voltage Range: 1.14 - 1.26 V
Speed Grade: -1
Design State: Post-Layout
Data source: Production
Min Operating Conditions: BEST - 1.26 V - 0 C
Max Operating Conditions: WORST - 1.14 V - 85 C
Scenario for Timing Analysis: timing_analysis


Path 1
  From:                  Reindeer_0/PulseRain_RV2T_MCU_i.PulseRain_RV2T_core_i.RV2T_controller_i.current_state[1]:CLK
  To:                    Reindeer_0/PulseRain_RV2T_MCU_i.PulseRain_RV2T_core_i.RV2T_execution_unit_i.X_ret_1:D
  Delay (ns):            9.370                                                                           
  Slack (ns):            -3.371                                                                          
  Arrival (ns):          12.928                                                                          
  Required (ns):         9.557                                                                           

Path 2
  From:                  Reindeer_0/PulseRain_RV2T_MCU_i.PulseRain_RV2T_core_i.RV2T_controller_i.current_state[1]:CLK
  To:                    Reindeer_0/PulseRain_RV2T_MCU_i.PulseRain_RV2T_core_i.RV2T_execution_unit_i.Y_ret_0:D
  Delay (ns):            9.186                                                                           
  Slack (ns):            -3.187                                                                          
  Arrival (ns):          12.744                                                                          
  Required (ns):         9.557                                                                           

Path 3
  From:                  Reindeer_0/PulseRain_RV2T_MCU_i.PulseRain_RV2T_core_i.RV2T_controller_i.current_state[1]:CLK
  To:                    Reindeer_0/PulseRain_RV2T_MCU_i.PulseRain_RV2T_core_i.RV2T_execution_unit_i.Y_ret_21:D
  Delay (ns):            9.142                                                                           
  Slack (ns):            -3.160                                                                          
  Arrival (ns):          12.700                                                                          
  Required (ns):         9.540                                                                           

Path 4
  From:                  Reindeer_0/PulseRain_RV2T_MCU_i.PulseRain_RV2T_core_i.RV2T_controller_i.current_state[1]:CLK
  To:                    Reindeer_0/PulseRain_RV2T_MCU_i.PulseRain_RV2T_core_i.RV2T_execution_unit_i.X_ret:D
  Delay (ns):            9.103                                                                           
  Slack (ns):            -3.141                                                                          
  Arrival (ns):          12.661                                                                          
  Required (ns):         9.520                                                                           

Path 5
  From:                  Reindeer_0/PulseRain_RV2T_MCU_i.PulseRain_RV2T_core_i.RV2T_controller_i.current_state[1]:CLK
  To:                    Reindeer_0/PulseRain_RV2T_MCU_i.PulseRain_RV2T_core_i.RV2T_execution_unit_i.X_ret_3:D
  Delay (ns):            8.901                                                                           
  Slack (ns):            -2.886                                                                          
  Arrival (ns):          12.459                                                                          
  Required (ns):         9.573                                                                           

Path 6
  From:                  Reindeer_0/PulseRain_RV2T_MCU_i.PulseRain_RV2T_core_i.RV2T_controller_i.current_state[1]:CLK
  To:                    Reindeer_0/PulseRain_RV2T_MCU_i.PulseRain_RV2T_core_i.RV2T_execution_unit_i.X_ret_6:D
  Delay (ns):            8.861                                                                           
  Slack (ns):            -2.858                                                                          
  Arrival (ns):          12.419                                                                          
  Required (ns):         9.561                                                                           

Path 7
  From:                  Reindeer_0/PulseRain_RV2T_MCU_i.PulseRain_RV2T_core_i.RV2T_controller_i.current_state[1]:CLK
  To:                    Reindeer_0/PulseRain_RV2T_MCU_i.PulseRain_RV2T_core_i.RV2T_execution_unit_i.X_ret_4:D
  Delay (ns):            8.855                                                                           
  Slack (ns):            -2.852                                                                          
  Arrival (ns):          12.413                                                                          
  Required (ns):         9.561                                                                           

Path 8
  From:                  Reindeer_0/PulseRain_RV2T_MCU_i.PulseRain_RV2T_core_i.RV2T_controller_i.current_state[1]:CLK
  To:                    Reindeer_0/PulseRain_RV2T_MCU_i.PulseRain_RV2T_core_i.RV2T_execution_unit_i.X_ret_9:D
  Delay (ns):            8.845                                                                           
  Slack (ns):            -2.826                                                                          
  Arrival (ns):          12.403                                                                          
  Required (ns):         9.577                                                                           

Path 9
  From:                  Reindeer_0/PulseRain_RV2T_MCU_i.PulseRain_RV2T_core_i.RV2T_controller_i.current_state[1]:CLK
  To:                    Reindeer_0/PulseRain_RV2T_MCU_i.PulseRain_RV2T_core_i.RV2T_execution_unit_i.Y_ret_115:D
  Delay (ns):            8.845                                                                           
  Slack (ns):            -2.820                                                                          
  Arrival (ns):          12.403                                                                          
  Required (ns):         9.583                                                                           

Path 10
  From:                  Reindeer_0/PulseRain_RV2T_MCU_i.PulseRain_RV2T_core_i.RV2T_controller_i.current_state[1]:CLK
  To:                    Reindeer_0/PulseRain_RV2T_MCU_i.PulseRain_RV2T_core_i.RV2T_execution_unit_i.X_ret_2:D
  Delay (ns):            8.802                                                                           
  Slack (ns):            -2.799                                                                          
  Arrival (ns):          12.360                                                                          
  Required (ns):         9.561                                                                           

Path 11
  From:                  Reindeer_0/PulseRain_RV2T_MCU_i.PulseRain_RV2T_core_i.RV2T_controller_i.current_state[1]:CLK
  To:                    Reindeer_0/PulseRain_RV2T_MCU_i.PulseRain_RV2T_core_i.RV2T_execution_unit_i.X_ret_12:D
  Delay (ns):            8.799                                                                           
  Slack (ns):            -2.791                                                                          
  Arrival (ns):          12.357                                                                          
  Required (ns):         9.566                                                                           

Path 12
  From:                  Reindeer_0/PulseRain_RV2T_MCU_i.PulseRain_RV2T_core_i.RV2T_controller_i.current_state[1]:CLK
  To:                    Reindeer_0/PulseRain_RV2T_MCU_i.PulseRain_RV2T_core_i.RV2T_execution_unit_i.X_ret_7:D
  Delay (ns):            8.804                                                                           
  Slack (ns):            -2.789                                                                          
  Arrival (ns):          12.362                                                                          
  Required (ns):         9.573                                                                           

Path 13
  From:                  Reindeer_0/PulseRain_RV2T_MCU_i.PulseRain_RV2T_core_i.RV2T_controller_i.current_state[1]:CLK
  To:                    Reindeer_0/PulseRain_RV2T_MCU_i.PulseRain_RV2T_core_i.RV2T_execution_unit_i.X_ret_10:D
  Delay (ns):            8.786                                                                           
  Slack (ns):            -2.778                                                                          
  Arrival (ns):          12.344                                                                          
  Required (ns):         9.566                                                                           

Path 14
  From:                  Reindeer_0/PulseRain_RV2T_MCU_i.PulseRain_RV2T_core_i.RV2T_controller_i.current_state[1]:CLK
  To:                    Reindeer_0/PulseRain_RV2T_MCU_i.PulseRain_RV2T_core_i.RV2T_execution_unit_i.X_ret_5:D
  Delay (ns):            8.787                                                                           
  Slack (ns):            -2.772                                                                          
  Arrival (ns):          12.345                                                                          
  Required (ns):         9.573                                                                           

Path 15
  From:                  Reindeer_0/PulseRain_RV2T_MCU_i.PulseRain_RV2T_core_i.RV2T_controller_i.current_state[1]:CLK
  To:                    Reindeer_0/PulseRain_RV2T_MCU_i.PulseRain_RV2T_core_i.RV2T_execution_unit_i.Y_ret_2:D
  Delay (ns):            8.781                                                                           
  Slack (ns):            -2.772                                                                          
  Arrival (ns):          12.339                                                                          
  Required (ns):         9.567                                                                           

Path 16
  From:                  Reindeer_0/PulseRain_RV2T_MCU_i.PulseRain_RV2T_core_i.RV2T_controller_i.current_state[1]:CLK
  To:                    Reindeer_0/PulseRain_RV2T_MCU_i.PulseRain_RV2T_core_i.RV2T_execution_unit_i.X_ret_0:D
  Delay (ns):            8.705                                                                           
  Slack (ns):            -2.743                                                                          
  Arrival (ns):          12.263                                                                          
  Required (ns):         9.520                                                                           

Path 17
  From:                  Reindeer_0/PulseRain_RV2T_MCU_i.PulseRain_RV2T_core_i.RV2T_controller_i.current_state[1]:CLK
  To:                    Reindeer_0/PulseRain_RV2T_MCU_i.PulseRain_RV2T_core_i.RV2T_execution_unit_i.Y_ret_5:D
  Delay (ns):            8.741                                                                           
  Slack (ns):            -2.742                                                                          
  Arrival (ns):          12.299                                                                          
  Required (ns):         9.557                                                                           

Path 18
  From:                  Reindeer_0/PulseRain_RV2T_MCU_i.PulseRain_RV2T_core_i.RV2T_controller_i.current_state[1]:CLK
  To:                    Reindeer_0/PulseRain_RV2T_MCU_i.PulseRain_RV2T_core_i.RV2T_execution_unit_i.X_ret_8:D
  Delay (ns):            8.738                                                                           
  Slack (ns):            -2.735                                                                          
  Arrival (ns):          12.296                                                                          
  Required (ns):         9.561                                                                           

Path 19
  From:                  Reindeer_0/PulseRain_RV2T_MCU_i.PulseRain_RV2T_core_i.RV2T_controller_i.current_state[1]:CLK
  To:                    Reindeer_0/PulseRain_RV2T_MCU_i.PulseRain_RV2T_core_i.RV2T_execution_unit_i.Y_ret_3:D
  Delay (ns):            8.724                                                                           
  Slack (ns):            -2.725                                                                          
  Arrival (ns):          12.282                                                                          
  Required (ns):         9.557                                                                           

Path 20
  From:                  Reindeer_0/PulseRain_RV2T_MCU_i.PulseRain_RV2T_core_i.RV2T_controller_i.current_state[1]:CLK
  To:                    Reindeer_0/PulseRain_RV2T_MCU_i.PulseRain_RV2T_core_i.RV2T_execution_unit_i.X_ret_13:D
  Delay (ns):            8.736                                                                           
  Slack (ns):            -2.717                                                                          
  Arrival (ns):          12.294                                                                          
  Required (ns):         9.577                                                                           

Path 21
  From:                  Reindeer_0/PulseRain_RV2T_MCU_i.PulseRain_RV2T_core_i.RV2T_controller_i.current_state[1]:CLK
  To:                    Reindeer_0/PulseRain_RV2T_MCU_i.PulseRain_RV2T_core_i.RV2T_execution_unit_i.X_ret_15:D
  Delay (ns):            8.716                                                                           
  Slack (ns):            -2.697                                                                          
  Arrival (ns):          12.274                                                                          
  Required (ns):         9.577                                                                           

Path 22
  From:                  Reindeer_0/PulseRain_RV2T_MCU_i.PulseRain_RV2T_core_i.RV2T_controller_i.current_state[1]:CLK
  To:                    Reindeer_0/PulseRain_RV2T_MCU_i.PulseRain_RV2T_core_i.RV2T_execution_unit_i.X_ret_11:D
  Delay (ns):            8.699                                                                           
  Slack (ns):            -2.680                                                                          
  Arrival (ns):          12.257                                                                          
  Required (ns):         9.577                                                                           

Path 23
  From:                  Reindeer_0/PulseRain_RV2T_MCU_i.PulseRain_RV2T_core_i.RV2T_controller_i.current_state[1]:CLK
  To:                    Reindeer_0/PulseRain_RV2T_MCU_i.PulseRain_RV2T_core_i.RV2T_execution_unit_i.Y_ret_6:D
  Delay (ns):            8.680                                                                           
  Slack (ns):            -2.672                                                                          
  Arrival (ns):          12.238                                                                          
  Required (ns):         9.566                                                                           

Path 24
  From:                  Reindeer_0/PulseRain_RV2T_MCU_i.PulseRain_RV2T_core_i.RV2T_controller_i.current_state[1]:CLK
  To:                    Reindeer_0/PulseRain_RV2T_MCU_i.PulseRain_RV2T_core_i.RV2T_execution_unit_i.Y_ret_8:D
  Delay (ns):            8.688                                                                           
  Slack (ns):            -2.669                                                                          
  Arrival (ns):          12.246                                                                          
  Required (ns):         9.577                                                                           

Path 25
  From:                  Reindeer_0/PulseRain_RV2T_MCU_i.PulseRain_RV2T_core_i.RV2T_controller_i.current_state[1]:CLK
  To:                    Reindeer_0/PulseRain_RV2T_MCU_i.PulseRain_RV2T_core_i.RV2T_execution_unit_i.X_ret_18:D
  Delay (ns):            8.676                                                                           
  Slack (ns):            -2.668                                                                          
  Arrival (ns):          12.234                                                                          
  Required (ns):         9.566                                                                           

Path 26
  From:                  Reindeer_0/PulseRain_RV2T_MCU_i.PulseRain_RV2T_core_i.RV2T_controller_i.current_state[1]:CLK
  To:                    Reindeer_0/PulseRain_RV2T_MCU_i.PulseRain_RV2T_core_i.RV2T_execution_unit_i.X_ret_16:D
  Delay (ns):            8.669                                                                           
  Slack (ns):            -2.661                                                                          
  Arrival (ns):          12.227                                                                          
  Required (ns):         9.566                                                                           

Path 27
  From:                  Reindeer_0/PulseRain_RV2T_MCU_i.PulseRain_RV2T_core_i.RV2T_controller_i.current_state[1]:CLK
  To:                    Reindeer_0/PulseRain_RV2T_MCU_i.PulseRain_RV2T_core_i.RV2T_execution_unit_i.Y_ret_1:D
  Delay (ns):            8.655                                                                           
  Slack (ns):            -2.656                                                                          
  Arrival (ns):          12.213                                                                          
  Required (ns):         9.557                                                                           

Path 28
  From:                  Reindeer_0/PulseRain_RV2T_MCU_i.PulseRain_RV2T_core_i.RV2T_controller_i.current_state[1]:CLK
  To:                    Reindeer_0/PulseRain_RV2T_MCU_i.PulseRain_RV2T_core_i.RV2T_execution_unit_i.Y_ret_4:D
  Delay (ns):            8.649                                                                           
  Slack (ns):            -2.640                                                                          
  Arrival (ns):          12.207                                                                          
  Required (ns):         9.567                                                                           

Path 29
  From:                  Reindeer_0/PulseRain_RV2T_MCU_i.PulseRain_RV2T_core_i.RV2T_controller_i.current_state[1]:CLK
  To:                    Reindeer_0/PulseRain_RV2T_MCU_i.PulseRain_RV2T_core_i.RV2T_execution_unit_i.Y_ret_11:D
  Delay (ns):            8.642                                                                           
  Slack (ns):            -2.635                                                                          
  Arrival (ns):          12.200                                                                          
  Required (ns):         9.565                                                                           

Path 30
  From:                  Reindeer_0/PulseRain_RV2T_MCU_i.PulseRain_RV2T_core_i.RV2T_controller_i.current_state[1]:CLK
  To:                    Reindeer_0/PulseRain_RV2T_MCU_i.PulseRain_RV2T_core_i.RV2T_execution_unit_i.Y_ret_9:D
  Delay (ns):            8.631                                                                           
  Slack (ns):            -2.624                                                                          
  Arrival (ns):          12.189                                                                          
  Required (ns):         9.565                                                                           

Path 31
  From:                  Reindeer_0/PulseRain_RV2T_MCU_i.PulseRain_RV2T_core_i.RV2T_controller_i.current_state[1]:CLK
  To:                    Reindeer_0/PulseRain_RV2T_MCU_i.PulseRain_RV2T_core_i.RV2T_execution_unit_i.X_ret_14:D
  Delay (ns):            8.616                                                                           
  Slack (ns):            -2.608                                                                          
  Arrival (ns):          12.174                                                                          
  Required (ns):         9.566                                                                           

Path 32
  From:                  Reindeer_0/PulseRain_RV2T_MCU_i.PulseRain_RV2T_core_i.RV2T_controller_i.current_state[1]:CLK
  To:                    Reindeer_0/PulseRain_RV2T_MCU_i.PulseRain_RV2T_core_i.RV2T_execution_unit_i.Y_ret_7:D
  Delay (ns):            8.606                                                                           
  Slack (ns):            -2.607                                                                          
  Arrival (ns):          12.164                                                                          
  Required (ns):         9.557                                                                           

Path 33
  From:                  Reindeer_0/PulseRain_RV2T_MCU_i.PulseRain_RV2T_core_i.RV2T_controller_i.current_state[1]:CLK
  To:                    Reindeer_0/PulseRain_RV2T_MCU_i.PulseRain_RV2T_core_i.RV2T_execution_unit_i.X_ret_19:D
  Delay (ns):            8.618                                                                           
  Slack (ns):            -2.599                                                                          
  Arrival (ns):          12.176                                                                          
  Required (ns):         9.577                                                                           

Path 34
  From:                  Reindeer_0/PulseRain_RV2T_MCU_i.PulseRain_RV2T_core_i.RV2T_controller_i.current_state[1]:CLK
  To:                    Reindeer_0/PulseRain_RV2T_MCU_i.PulseRain_RV2T_core_i.RV2T_execution_unit_i.X_ret_17:D
  Delay (ns):            8.601                                                                           
  Slack (ns):            -2.582                                                                          
  Arrival (ns):          12.159                                                                          
  Required (ns):         9.577                                                                           

Path 35
  From:                  Reindeer_0/PulseRain_RV2T_MCU_i.PulseRain_RV2T_core_i.RV2T_controller_i.current_state[1]:CLK
  To:                    Reindeer_0/PulseRain_RV2T_MCU_i.PulseRain_RV2T_core_i.RV2T_execution_unit_i.Y_ret_14:D
  Delay (ns):            8.596                                                                           
  Slack (ns):            -2.577                                                                          
  Arrival (ns):          12.154                                                                          
  Required (ns):         9.577                                                                           

Path 36
  From:                  Reindeer_0/PulseRain_RV2T_MCU_i.PulseRain_RV2T_core_i.RV2T_controller_i.current_state[1]:CLK
  To:                    Reindeer_0/PulseRain_RV2T_MCU_i.PulseRain_RV2T_core_i.RV2T_execution_unit_i.Y_ret_12:D
  Delay (ns):            8.579                                                                           
  Slack (ns):            -2.561                                                                          
  Arrival (ns):          12.137                                                                          
  Required (ns):         9.576                                                                           

Path 37
  From:                  Reindeer_0/PulseRain_RV2T_MCU_i.PulseRain_RV2T_core_i.RV2T_controller_i.current_state[1]:CLK
  To:                    Reindeer_0/PulseRain_RV2T_MCU_i.PulseRain_RV2T_core_i.RV2T_execution_unit_i.Y_ret_17:D
  Delay (ns):            8.556                                                                           
  Slack (ns):            -2.549                                                                          
  Arrival (ns):          12.114                                                                          
  Required (ns):         9.565                                                                           

Path 38
  From:                  Reindeer_0/PulseRain_RV2T_MCU_i.PulseRain_RV2T_core_i.RV2T_controller_i.current_state[1]:CLK
  To:                    Reindeer_0/PulseRain_RV2T_MCU_i.PulseRain_RV2T_core_i.RV2T_execution_unit_i.X_ret_20:D
  Delay (ns):            8.552                                                                           
  Slack (ns):            -2.544                                                                          
  Arrival (ns):          12.110                                                                          
  Required (ns):         9.566                                                                           

Path 39
  From:                  Reindeer_0/PulseRain_RV2T_MCU_i.PulseRain_RV2T_core_i.RV2T_controller_i.current_state[1]:CLK
  To:                    Reindeer_0/PulseRain_RV2T_MCU_i.PulseRain_RV2T_core_i.RV2T_execution_unit_i.Y_ret_15:D
  Delay (ns):            8.539                                                                           
  Slack (ns):            -2.532                                                                          
  Arrival (ns):          12.097                                                                          
  Required (ns):         9.565                                                                           

Path 40
  From:                  Reindeer_0/PulseRain_RV2T_MCU_i.PulseRain_RV2T_core_i.RV2T_controller_i.current_state[1]:CLK
  To:                    Reindeer_0/PulseRain_RV2T_MCU_i.PulseRain_RV2T_core_i.RV2T_execution_unit_i.Y_ret_10:D
  Delay (ns):            8.549                                                                           
  Slack (ns):            -2.531                                                                          
  Arrival (ns):          12.107                                                                          
  Required (ns):         9.576                                                                           

Path 41
  From:                  Reindeer_0/PulseRain_RV2T_MCU_i.PulseRain_RV2T_core_i.RV2T_controller_i.current_state[1]:CLK
  To:                    Reindeer_0/PulseRain_RV2T_MCU_i.PulseRain_RV2T_core_i.RV2T_execution_unit_i.Y_ret_118:D
  Delay (ns):            8.557                                                                           
  Slack (ns):            -2.523                                                                          
  Arrival (ns):          12.115                                                                          
  Required (ns):         9.592                                                                           

Path 42
  From:                  Reindeer_0/PulseRain_RV2T_MCU_i.PulseRain_RV2T_core_i.RV2T_controller_i.current_state[1]:CLK
  To:                    Reindeer_0/PulseRain_RV2T_MCU_i.PulseRain_RV2T_core_i.RV2T_execution_unit_i.Y_ret_20:D
  Delay (ns):            8.501                                                                           
  Slack (ns):            -2.486                                                                          
  Arrival (ns):          12.059                                                                          
  Required (ns):         9.573                                                                           

Path 43
  From:                  Reindeer_0/PulseRain_RV2T_MCU_i.PulseRain_RV2T_core_i.RV2T_controller_i.current_state[1]:CLK
  To:                    Reindeer_0/PulseRain_RV2T_MCU_i.PulseRain_RV2T_core_i.RV2T_execution_unit_i.Y_ret_18:D
  Delay (ns):            8.495                                                                           
  Slack (ns):            -2.477                                                                          
  Arrival (ns):          12.053                                                                          
  Required (ns):         9.576                                                                           

Path 44
  From:                  Reindeer_0/PulseRain_RV2T_MCU_i.PulseRain_RV2T_core_i.RV2T_controller_i.current_state[1]:CLK
  To:                    Reindeer_0/PulseRain_RV2T_MCU_i.PulseRain_RV2T_core_i.RV2T_execution_unit_i.Y_ret_13:D
  Delay (ns):            8.470                                                                           
  Slack (ns):            -2.463                                                                          
  Arrival (ns):          12.028                                                                          
  Required (ns):         9.565                                                                           

Path 45
  From:                  Reindeer_0/PulseRain_RV2T_MCU_i.PulseRain_RV2T_core_i.RV2T_controller_i.current_state[1]:CLK
  To:                    Reindeer_0/PulseRain_RV2T_MCU_i.PulseRain_RV2T_core_i.RV2T_execution_unit_i.Y_ret_26:D
  Delay (ns):            8.473                                                                           
  Slack (ns):            -2.458                                                                          
  Arrival (ns):          12.031                                                                          
  Required (ns):         9.573                                                                           

Path 46
  From:                  Reindeer_0/PulseRain_RV2T_MCU_i.PulseRain_RV2T_core_i.RV2T_controller_i.current_state[1]:CLK
  To:                    Reindeer_0/PulseRain_RV2T_MCU_i.PulseRain_RV2T_core_i.RV2T_execution_unit_i.Y_ret_23:D
  Delay (ns):            8.455                                                                           
  Slack (ns):            -2.452                                                                          
  Arrival (ns):          12.013                                                                          
  Required (ns):         9.561                                                                           

Path 47
  From:                  Reindeer_0/PulseRain_RV2T_MCU_i.PulseRain_RV2T_core_i.RV2T_controller_i.current_state[1]:CLK
  To:                    Reindeer_0/PulseRain_RV2T_MCU_i.PulseRain_RV2T_core_i.RV2T_execution_unit_i.Y_ret_16:D
  Delay (ns):            8.464                                                                           
  Slack (ns):            -2.445                                                                          
  Arrival (ns):          12.022                                                                          
  Required (ns):         9.577                                                                           

Path 48
  From:                  Reindeer_0/PulseRain_RV2T_MCU_i.PulseRain_RV2T_core_i.RV2T_controller_i.current_state[1]:CLK
  To:                    Reindeer_0/PulseRain_RV2T_MCU_i.PulseRain_RV2T_core_i.RV2T_execution_unit_i.Y_ret_112:D
  Delay (ns):            8.454                                                                           
  Slack (ns):            -2.440                                                                          
  Arrival (ns):          12.012                                                                          
  Required (ns):         9.572                                                                           

Path 49
  From:                  Reindeer_0/PulseRain_RV2T_MCU_i.PulseRain_RV2T_core_i.RV2T_controller_i.current_state[1]:CLK
  To:                    Reindeer_0/PulseRain_RV2T_MCU_i.PulseRain_RV2T_core_i.RV2T_execution_unit_i.X_ret_21:D
  Delay (ns):            8.451                                                                           
  Slack (ns):            -2.432                                                                          
  Arrival (ns):          12.009                                                                          
  Required (ns):         9.577                                                                           

Path 50
  From:                  Reindeer_0/PulseRain_RV2T_MCU_i.PulseRain_RV2T_core_i.RV2T_controller_i.current_state[1]:CLK
  To:                    Reindeer_0/PulseRain_RV2T_MCU_i.PulseRain_RV2T_core_i.RV2T_execution_unit_i.Y_ret_19:D
  Delay (ns):            8.421                                                                           
  Slack (ns):            -2.414                                                                          
  Arrival (ns):          11.979                                                                          
  Required (ns):         9.565                                                                           

Path 51
  From:                  Reindeer_0/PulseRain_RV2T_MCU_i.PulseRain_RV2T_core_i.RV2T_controller_i.current_state[1]:CLK
  To:                    Reindeer_0/PulseRain_RV2T_MCU_i.PulseRain_RV2T_core_i.RV2T_execution_unit_i.Y_ret_27:D
  Delay (ns):            8.416                                                                           
  Slack (ns):            -2.413                                                                          
  Arrival (ns):          11.974                                                                          
  Required (ns):         9.561                                                                           

Path 52
  From:                  Reindeer_0/PulseRain_RV2T_MCU_i.PulseRain_RV2T_core_i.RV2T_controller_i.current_state[1]:CLK
  To:                    Reindeer_0/PulseRain_RV2T_MCU_i.PulseRain_RV2T_core_i.RV2T_execution_unit_i.X_ret_22:D
  Delay (ns):            8.405                                                                           
  Slack (ns):            -2.398                                                                          
  Arrival (ns):          11.963                                                                          
  Required (ns):         9.565                                                                           

Path 53
  From:                  Reindeer_0/PulseRain_RV2T_MCU_i.PulseRain_RV2T_core_i.RV2T_controller_i.current_state[1]:CLK
  To:                    Reindeer_0/PulseRain_RV2T_MCU_i.PulseRain_RV2T_core_i.RV2T_execution_unit_i.Y_ret_24:D
  Delay (ns):            8.392                                                                           
  Slack (ns):            -2.377                                                                          
  Arrival (ns):          11.950                                                                          
  Required (ns):         9.573                                                                           

Path 54
  From:                  Reindeer_0/PulseRain_RV2T_MCU_i.PulseRain_RV2T_core_i.RV2T_controller_i.current_state[1]:CLK
  To:                    Reindeer_0/PulseRain_RV2T_MCU_i.PulseRain_RV2T_core_i.RV2T_execution_unit_i.Y_ret_32_rep2:D
  Delay (ns):            8.365                                                                           
  Slack (ns):            -2.357                                                                          
  Arrival (ns):          11.923                                                                          
  Required (ns):         9.566                                                                           

Path 55
  From:                  Reindeer_0/PulseRain_RV2T_MCU_i.PulseRain_RV2T_core_i.RV2T_controller_i.current_state[1]:CLK
  To:                    Reindeer_0/PulseRain_RV2T_MCU_i.PulseRain_RV2T_core_i.RV2T_execution_unit_i.Y_ret_35:D
  Delay (ns):            8.385                                                                           
  Slack (ns):            -2.351                                                                          
  Arrival (ns):          11.943                                                                          
  Required (ns):         9.592                                                                           

Path 56
  From:                  Reindeer_0/PulseRain_RV2T_MCU_i.PulseRain_RV2T_core_i.RV2T_controller_i.current_state[1]:CLK
  To:                    Reindeer_0/PulseRain_RV2T_MCU_i.PulseRain_RV2T_core_i.RV2T_execution_unit_i.Y_ret_22:D
  Delay (ns):            8.364                                                                           
  Slack (ns):            -2.350                                                                          
  Arrival (ns):          11.922                                                                          
  Required (ns):         9.572                                                                           

Path 57
  From:                  Reindeer_0/PulseRain_RV2T_MCU_i.PulseRain_RV2T_core_i.RV2T_controller_i.current_state[1]:CLK
  To:                    Reindeer_0/PulseRain_RV2T_MCU_i.PulseRain_RV2T_core_i.RV2T_execution_unit_i.Y_ret_32:D
  Delay (ns):            8.365                                                                           
  Slack (ns):            -2.348                                                                          
  Arrival (ns):          11.923                                                                          
  Required (ns):         9.575                                                                           

Path 58
  From:                  Reindeer_0/PulseRain_RV2T_MCU_i.PulseRain_RV2T_core_i.RV2T_controller_i.current_state[1]:CLK
  To:                    Reindeer_0/PulseRain_RV2T_MCU_i.PulseRain_RV2T_core_i.RV2T_execution_unit_i.Y_ret_94:D
  Delay (ns):            8.341                                                                           
  Slack (ns):            -2.333                                                                          
  Arrival (ns):          11.899                                                                          
  Required (ns):         9.566                                                                           

Path 59
  From:                  Reindeer_0/PulseRain_RV2T_MCU_i.PulseRain_RV2T_core_i.RV2T_controller_i.current_state[1]:CLK
  To:                    Reindeer_0/PulseRain_RV2T_MCU_i.PulseRain_RV2T_core_i.RV2T_execution_unit_i.Y_ret_28:D
  Delay (ns):            8.342                                                                           
  Slack (ns):            -2.327                                                                          
  Arrival (ns):          11.900                                                                          
  Required (ns):         9.573                                                                           

Path 60
  From:                  Reindeer_0/PulseRain_RV2T_MCU_i.PulseRain_RV2T_core_i.RV2T_controller_i.current_state[1]:CLK
  To:                    Reindeer_0/PulseRain_RV2T_MCU_i.PulseRain_RV2T_core_i.RV2T_execution_unit_i.Y_ret_25:D
  Delay (ns):            8.324                                                                           
  Slack (ns):            -2.321                                                                          
  Arrival (ns):          11.882                                                                          
  Required (ns):         9.561                                                                           

Path 61
  From:                  Reindeer_0/PulseRain_RV2T_MCU_i.PulseRain_RV2T_core_i.RV2T_controller_i.current_state[1]:CLK
  To:                    Reindeer_0/PulseRain_RV2T_MCU_i.PulseRain_RV2T_core_i.RV2T_execution_unit_i.X_ret_24:D
  Delay (ns):            8.318                                                                           
  Slack (ns):            -2.311                                                                          
  Arrival (ns):          11.876                                                                          
  Required (ns):         9.565                                                                           

Path 62
  From:                  Reindeer_0/PulseRain_RV2T_MCU_i.PulseRain_RV2T_core_i.RV2T_controller_i.current_state[1]:CLK
  To:                    Reindeer_0/PulseRain_RV2T_MCU_i.PulseRain_RV2T_core_i.RV2T_execution_unit_i.X_ret_23:D
  Delay (ns):            8.320                                                                           
  Slack (ns):            -2.302                                                                          
  Arrival (ns):          11.878                                                                          
  Required (ns):         9.576                                                                           

Path 63
  From:                  Reindeer_0/PulseRain_RV2T_MCU_i.PulseRain_RV2T_core_i.RV2T_controller_i.current_state[1]:CLK
  To:                    Reindeer_0/PulseRain_RV2T_MCU_i.PulseRain_RV2T_core_i.RV2T_execution_unit_i.Y_ret_110:D
  Delay (ns):            8.322                                                                           
  Slack (ns):            -2.288                                                                          
  Arrival (ns):          11.880                                                                          
  Required (ns):         9.592                                                                           

Path 64
  From:                  Reindeer_0/PulseRain_RV2T_MCU_i.PulseRain_RV2T_core_i.RV2T_reg_file_i.IR_out_ret_2:CLK
  To:                    Reindeer_0/PulseRain_RV2T_MCU_i.PulseRain_RV2T_core_i.RV2T_execution_unit_i.Y_ret_0:D
  Delay (ns):            8.287                                                                           
  Slack (ns):            -2.274                                                                          
  Arrival (ns):          11.831                                                                          
  Required (ns):         9.557                                                                           

Path 65
  From:                  Reindeer_0/PulseRain_RV2T_MCU_i.PulseRain_RV2T_core_i.RV2T_controller_i.current_state[1]:CLK
  To:                    Reindeer_0/PulseRain_RV2T_MCU_i.PulseRain_RV2T_core_i.RV2T_execution_unit_i.X_ret_25:D
  Delay (ns):            8.255                                                                           
  Slack (ns):            -2.236                                                                          
  Arrival (ns):          11.813                                                                          
  Required (ns):         9.577                                                                           

Path 66
  From:                  Reindeer_0/PulseRain_RV2T_MCU_i.PulseRain_RV2T_core_i.RV2T_reg_file_i.single_clk_ram_rs2.mem_mem_0_0/INST_RAM64x18_IP:A_ADDR_CLK
  To:                    Reindeer_0/PulseRain_RV2T_MCU_i.PulseRain_RV2T_core_i.RV2T_execution_unit_i.Y_ret_0:D
  Delay (ns):            8.011                                                                           
  Slack (ns):            -2.159                                                                          
  Arrival (ns):          11.716                                                                          
  Required (ns):         9.557                                                                           

Path 67
  From:                  Reindeer_0/PulseRain_RV2T_MCU_i.PulseRain_RV2T_core_i.RV2T_reg_file_i.single_clk_ram_rs2.mem_mem_0_0/INST_RAM64x18_IP:A_ADDR_CLK
  To:                    Reindeer_0/PulseRain_RV2T_MCU_i.PulseRain_RV2T_core_i.RV2T_execution_unit_i.Y_ret_21:D
  Delay (ns):            7.964                                                                           
  Slack (ns):            -2.129                                                                          
  Arrival (ns):          11.669                                                                          
  Required (ns):         9.540                                                                           

Path 68
  From:                  Reindeer_0/PulseRain_RV2T_MCU_i.PulseRain_RV2T_core_i.RV2T_reg_file_i.IR_out_ret_2:CLK
  To:                    Reindeer_0/PulseRain_RV2T_MCU_i.PulseRain_RV2T_core_i.RV2T_execution_unit_i.Y_ret_115:D
  Delay (ns):            8.168                                                                           
  Slack (ns):            -2.129                                                                          
  Arrival (ns):          11.712                                                                          
  Required (ns):         9.583                                                                           

Path 69
  From:                  Reindeer_0/PulseRain_RV2T_MCU_i.PulseRain_RV2T_core_i.RV2T_execution_unit_i.rd_addr_out[0]:CLK
  To:                    Reindeer_0/PulseRain_RV2T_MCU_i.PulseRain_RV2T_core_i.RV2T_execution_unit_i.X_ret_1:D
  Delay (ns):            8.010                                                                           
  Slack (ns):            -2.031                                                                          
  Arrival (ns):          11.588                                                                          
  Required (ns):         9.557                                                                           

Path 70
  From:                  Reindeer_0/PulseRain_RV2T_MCU_i.PulseRain_RV2T_core_i.RV2T_reg_file_i.IR_out_ret_2:CLK
  To:                    Reindeer_0/PulseRain_RV2T_MCU_i.PulseRain_RV2T_core_i.RV2T_execution_unit_i.Y_ret_21:D
  Delay (ns):            8.020                                                                           
  Slack (ns):            -2.024                                                                          
  Arrival (ns):          11.564                                                                          
  Required (ns):         9.540                                                                           

Path 71
  From:                  Reindeer_0/PulseRain_RV2T_MCU_i.PulseRain_RV2T_core_i.RV2T_controller_i.current_state[1]:CLK
  To:                    Reindeer_0/PulseRain_RV2T_MCU_i.PulseRain_RV2T_core_i.RV2T_execution_unit_i.X_ret_26:D
  Delay (ns):            7.999                                                                           
  Slack (ns):            -1.992                                                                          
  Arrival (ns):          11.557                                                                          
  Required (ns):         9.565                                                                           

Path 72
  From:                  Reindeer_0/PulseRain_RV2T_MCU_i.PulseRain_RV2T_core_i.RV2T_fetch_instruction_i.read_mem_addr_ret_0[2]:CLK
  To:                    Reindeer_0/PulseRain_RV2T_MCU_i.ram_high_i.gen_if_proc.gen_for_proc[1].ram_8bit_1st.mem_mem_0_0/INST_RAM1K18_IP:A_WEN[0]
  Delay (ns):            7.878                                                                           
  Slack (ns):            -1.987                                                                          
  Arrival (ns):          11.460                                                                          
  Required (ns):         9.473                                                                           

Path 73
  From:                  Reindeer_0/PulseRain_RV2T_MCU_i.PulseRain_RV2T_core_i.RV2T_reg_file_i.write_enable_d1:CLK
  To:                    Reindeer_0/PulseRain_RV2T_MCU_i.PulseRain_RV2T_core_i.RV2T_execution_unit_i.Y_ret_0:D
  Delay (ns):            7.932                                                                           
  Slack (ns):            -1.958                                                                          
  Arrival (ns):          11.515                                                                          
  Required (ns):         9.557                                                                           

Path 74
  From:                  Reindeer_0/PulseRain_RV2T_MCU_i.PulseRain_RV2T_core_i.RV2T_execution_unit_i.rd_addr_out[1]:CLK
  To:                    Reindeer_0/PulseRain_RV2T_MCU_i.PulseRain_RV2T_core_i.RV2T_execution_unit_i.X_ret_1:D
  Delay (ns):            7.926                                                                           
  Slack (ns):            -1.947                                                                          
  Arrival (ns):          11.504                                                                          
  Required (ns):         9.557                                                                           

Path 75
  From:                  Reindeer_0/PulseRain_RV2T_MCU_i.PulseRain_RV2T_core_i.RV2T_fetch_instruction_i.read_mem_addr_ret_0[2]:CLK
  To:                    Reindeer_0/PulseRain_RV2T_MCU_i.ram_high_i.gen_if_proc.gen_for_proc[1].ram_8bit_1st.mem_mem_0_1/INST_RAM1K18_IP:A_WEN[0]
  Delay (ns):            7.820                                                                           
  Slack (ns):            -1.930                                                                          
  Arrival (ns):          11.402                                                                          
  Required (ns):         9.472                                                                           

Path 76
  From:                  Reindeer_0/PulseRain_RV2T_MCU_i.PulseRain_RV2T_core_i.RV2T_controller_i.current_state[1]:CLK
  To:                    Reindeer_0/PulseRain_RV2T_MCU_i.PulseRain_RV2T_core_i.RV2T_execution_unit_i.Y_ret_29:D
  Delay (ns):            7.922                                                                           
  Slack (ns):            -1.919                                                                          
  Arrival (ns):          11.480                                                                          
  Required (ns):         9.561                                                                           

Path 77
  From:                  Reindeer_0/PulseRain_RV2T_MCU_i.PulseRain_RV2T_core_i.RV2T_reg_file_i.single_clk_ram_rs2.mem_mem_0_0/INST_RAM64x18_IP:A_ADDR_CLK
  To:                    Reindeer_0/PulseRain_RV2T_MCU_i.PulseRain_RV2T_core_i.RV2T_execution_unit_i.Y_ret_115:D
  Delay (ns):            7.756                                                                           
  Slack (ns):            -1.878                                                                          
  Arrival (ns):          11.461                                                                          
  Required (ns):         9.583                                                                           

Path 78
  From:                  Reindeer_0/PulseRain_RV2T_MCU_i.PulseRain_RV2T_core_i.RV2T_fetch_instruction_i.IR_out[15]:CLK
  To:                    Reindeer_0/PulseRain_RV2T_MCU_i.PulseRain_RV2T_core_i.RV2T_execution_unit_i.X_ret_1:D
  Delay (ns):            7.849                                                                           
  Slack (ns):            -1.872                                                                          
  Arrival (ns):          11.429                                                                          
  Required (ns):         9.557                                                                           

Path 79
  From:                  Reindeer_0/PulseRain_RV2T_MCU_i.PulseRain_RV2T_core_i.RV2T_execution_unit_i.rd_addr_out[0]:CLK
  To:                    Reindeer_0/PulseRain_RV2T_MCU_i.PulseRain_RV2T_core_i.RV2T_execution_unit_i.Y_ret_0:D
  Delay (ns):            7.826                                                                           
  Slack (ns):            -1.847                                                                          
  Arrival (ns):          11.404                                                                          
  Required (ns):         9.557                                                                           

Path 80
  From:                  Reindeer_0/PulseRain_RV2T_MCU_i.PulseRain_RV2T_core_i.RV2T_reg_file_i.IR_out_ret_2:CLK
  To:                    Reindeer_0/PulseRain_RV2T_MCU_i.PulseRain_RV2T_core_i.RV2T_execution_unit_i.Y_ret_2:D
  Delay (ns):            7.863                                                                           
  Slack (ns):            -1.840                                                                          
  Arrival (ns):          11.407                                                                          
  Required (ns):         9.567                                                                           

Path 81
  From:                  Reindeer_0/PulseRain_RV2T_MCU_i.PulseRain_RV2T_core_i.RV2T_reg_file_i.IR_out_ret_2:CLK
  To:                    Reindeer_0/PulseRain_RV2T_MCU_i.PulseRain_RV2T_core_i.RV2T_execution_unit_i.Y_ret_118:D
  Delay (ns):            7.880                                                                           
  Slack (ns):            -1.832                                                                          
  Arrival (ns):          11.424                                                                          
  Required (ns):         9.592                                                                           

Path 82
  From:                  Reindeer_0/PulseRain_RV2T_MCU_i.PulseRain_RV2T_core_i.RV2T_execution_unit_i.rd_addr_out[0]:CLK
  To:                    Reindeer_0/PulseRain_RV2T_MCU_i.PulseRain_RV2T_core_i.RV2T_execution_unit_i.Y_ret_21:D
  Delay (ns):            7.782                                                                           
  Slack (ns):            -1.820                                                                          
  Arrival (ns):          11.360                                                                          
  Required (ns):         9.540                                                                           

Path 83
  From:                  Reindeer_0/PulseRain_RV2T_MCU_i.PulseRain_RV2T_core_i.RV2T_fetch_instruction_i.read_mem_addr_ret_0[1]:CLK
  To:                    Reindeer_0/PulseRain_RV2T_MCU_i.ram_high_i.gen_if_proc.gen_for_proc[1].ram_8bit_1st.mem_mem_0_0/INST_RAM1K18_IP:A_WEN[0]
  Delay (ns):            7.723                                                                           
  Slack (ns):            -1.820                                                                          
  Arrival (ns):          11.293                                                                          
  Required (ns):         9.473                                                                           

Path 84
  From:                  Reindeer_0/PulseRain_RV2T_MCU_i.PulseRain_RV2T_core_i.RV2T_reg_file_i.write_enable_d1:CLK
  To:                    Reindeer_0/PulseRain_RV2T_MCU_i.PulseRain_RV2T_core_i.RV2T_execution_unit_i.Y_ret_115:D
  Delay (ns):            7.813                                                                           
  Slack (ns):            -1.813                                                                          
  Arrival (ns):          11.396                                                                          
  Required (ns):         9.583                                                                           

Path 85
  From:                  Reindeer_0/PulseRain_RV2T_MCU_i.PulseRain_RV2T_core_i.RV2T_reg_file_i.IR_out_ret_2:CLK
  To:                    Reindeer_0/PulseRain_RV2T_MCU_i.PulseRain_RV2T_core_i.RV2T_execution_unit_i.Y_ret_5:D
  Delay (ns):            7.823                                                                           
  Slack (ns):            -1.810                                                                          
  Arrival (ns):          11.367                                                                          
  Required (ns):         9.557                                                                           

Path 86
  From:                  Reindeer_0/PulseRain_RV2T_MCU_i.PulseRain_RV2T_core_i.RV2T_fetch_instruction_i.read_mem_addr_ret_0[2]:CLK
  To:                    Reindeer_0/PulseRain_RV2T_MCU_i.ram_high_i.gen_if_proc.gen_for_proc[1].ram_8bit_1st.mem_mem_0_0/INST_RAM1K18_IP:A_ADDR[13]
  Delay (ns):            8.032                                                                           
  Slack (ns):            -1.806                                                                          
  Arrival (ns):          11.614                                                                          
  Required (ns):         9.808                                                                           

Path 87
  From:                  Reindeer_0/PulseRain_RV2T_MCU_i.PulseRain_RV2T_core_i.RV2T_execution_unit_i.rd_addr_out[0]:CLK
  To:                    Reindeer_0/PulseRain_RV2T_MCU_i.PulseRain_RV2T_core_i.RV2T_execution_unit_i.X_ret:D
  Delay (ns):            7.743                                                                           
  Slack (ns):            -1.801                                                                          
  Arrival (ns):          11.321                                                                          
  Required (ns):         9.520                                                                           

Path 88
  From:                  Reindeer_0/PulseRain_RV2T_MCU_i.PulseRain_RV2T_core_i.RV2T_fetch_instruction_i.read_mem_addr_ret_0[2]:CLK
  To:                    Reindeer_0/PulseRain_RV2T_MCU_i.ram_high_i.gen_if_proc.gen_for_proc[0].ram_8bit_1st.mem_mem_0_2/INST_RAM1K18_IP:A_WEN[0]
  Delay (ns):            7.694                                                                           
  Slack (ns):            -1.795                                                                          
  Arrival (ns):          11.276                                                                          
  Required (ns):         9.481                                                                           

Path 89
  From:                  Reindeer_0/PulseRain_RV2T_MCU_i.PulseRain_RV2T_core_i.RV2T_reg_file_i.IR_out_ret_2:CLK
  To:                    Reindeer_0/PulseRain_RV2T_MCU_i.PulseRain_RV2T_core_i.RV2T_execution_unit_i.Y_ret_3:D
  Delay (ns):            7.806                                                                           
  Slack (ns):            -1.793                                                                          
  Arrival (ns):          11.350                                                                          
  Required (ns):         9.557                                                                           

Path 90
  From:                  Reindeer_0/PulseRain_RV2T_MCU_i.PulseRain_RV2T_core_i.RV2T_fetch_instruction_i.read_mem_addr_ret_0[1]:CLK
  To:                    Reindeer_0/PulseRain_RV2T_MCU_i.ram_high_i.gen_if_proc.gen_for_proc[1].ram_8bit_1st.mem_mem_0_1/INST_RAM1K18_IP:A_WEN[0]
  Delay (ns):            7.665                                                                           
  Slack (ns):            -1.763                                                                          
  Arrival (ns):          11.235                                                                          
  Required (ns):         9.472                                                                           

Path 91
  From:                  Reindeer_0/PulseRain_RV2T_MCU_i.PulseRain_RV2T_core_i.RV2T_reg_file_i.IR_out_ret_2:CLK
  To:                    Reindeer_0/PulseRain_RV2T_MCU_i.PulseRain_RV2T_core_i.RV2T_execution_unit_i.Y_ret_8:D
  Delay (ns):            7.789                                                                           
  Slack (ns):            -1.756                                                                          
  Arrival (ns):          11.333                                                                          
  Required (ns):         9.577                                                                           

Path 92
  From:                  Reindeer_0/PulseRain_RV2T_MCU_i.PulseRain_RV2T_core_i.RV2T_reg_file_i.IR_out_ret_2:CLK
  To:                    Reindeer_0/PulseRain_RV2T_MCU_i.PulseRain_RV2T_core_i.RV2T_execution_unit_i.Y_ret_112:D
  Delay (ns):            7.777                                                                           
  Slack (ns):            -1.749                                                                          
  Arrival (ns):          11.321                                                                          
  Required (ns):         9.572                                                                           

Path 93
  From:                  Reindeer_0/PulseRain_RV2T_MCU_i.PulseRain_RV2T_core_i.RV2T_execution_unit_i.rd_addr_out[1]:CLK
  To:                    Reindeer_0/PulseRain_RV2T_MCU_i.PulseRain_RV2T_core_i.RV2T_execution_unit_i.Y_ret_0:D
  Delay (ns):            7.720                                                                           
  Slack (ns):            -1.741                                                                          
  Arrival (ns):          11.298                                                                          
  Required (ns):         9.557                                                                           

Path 94
  From:                  Reindeer_0/PulseRain_RV2T_MCU_i.PulseRain_RV2T_core_i.RV2T_reg_file_i.IR_out_ret_2:CLK
  To:                    Reindeer_0/PulseRain_RV2T_MCU_i.PulseRain_RV2T_core_i.RV2T_execution_unit_i.Y_ret_6:D
  Delay (ns):            7.762                                                                           
  Slack (ns):            -1.740                                                                          
  Arrival (ns):          11.306                                                                          
  Required (ns):         9.566                                                                           

Path 95
  From:                  Reindeer_0/PulseRain_RV2T_MCU_i.PulseRain_RV2T_core_i.RV2T_fetch_instruction_i.IR_out[18]:CLK
  To:                    Reindeer_0/PulseRain_RV2T_MCU_i.PulseRain_RV2T_core_i.RV2T_execution_unit_i.X_ret_1:D
  Delay (ns):            7.704                                                                           
  Slack (ns):            -1.739                                                                          
  Arrival (ns):          11.296                                                                          
  Required (ns):         9.557                                                                           

Path 96
  From:                  Reindeer_0/PulseRain_RV2T_MCU_i.PulseRain_RV2T_core_i.RV2T_execution_unit_i.rd_addr_out[3]:CLK
  To:                    Reindeer_0/PulseRain_RV2T_MCU_i.PulseRain_RV2T_core_i.RV2T_execution_unit_i.X_ret_1:D
  Delay (ns):            7.713                                                                           
  Slack (ns):            -1.736                                                                          
  Arrival (ns):          11.293                                                                          
  Required (ns):         9.557                                                                           

Path 97
  From:                  Reindeer_0/PulseRain_RV2T_MCU_i.PulseRain_RV2T_core_i.RV2T_reg_file_i.IR_out_ret_2:CLK
  To:                    Reindeer_0/PulseRain_RV2T_MCU_i.PulseRain_RV2T_core_i.RV2T_execution_unit_i.Y_ret_1:D
  Delay (ns):            7.746                                                                           
  Slack (ns):            -1.733                                                                          
  Arrival (ns):          11.290                                                                          
  Required (ns):         9.557                                                                           

Path 98
  From:                  Reindeer_0/PulseRain_RV2T_MCU_i.PulseRain_RV2T_core_i.RV2T_reg_file_i.IR_out_ret_2:CLK
  To:                    Reindeer_0/PulseRain_RV2T_MCU_i.PulseRain_RV2T_core_i.RV2T_execution_unit_i.Y_ret_11:D
  Delay (ns):            7.743                                                                           
  Slack (ns):            -1.722                                                                          
  Arrival (ns):          11.287                                                                          
  Required (ns):         9.565                                                                           

Path 99
  From:                  Reindeer_0/PulseRain_RV2T_MCU_i.PulseRain_RV2T_core_i.RV2T_fetch_instruction_i.read_mem_addr_ret_0[2]:CLK
  To:                    Reindeer_0/PulseRain_RV2T_MCU_i.ram_high_i.gen_if_proc.gen_for_proc[1].ram_8bit_1st.mem_mem_0_2/INST_RAM1K18_IP:A_WEN[0]
  Delay (ns):            7.607                                                                           
  Slack (ns):            -1.720                                                                          
  Arrival (ns):          11.189                                                                          
  Required (ns):         9.469                                                                           

Path 100
  From:                  Reindeer_0/PulseRain_RV2T_MCU_i.PulseRain_RV2T_core_i.RV2T_execution_unit_i.rd_addr_out[4]:CLK
  To:                    Reindeer_0/PulseRain_RV2T_MCU_i.PulseRain_RV2T_core_i.RV2T_execution_unit_i.X_ret_1:D
  Delay (ns):            7.696                                                                           
  Slack (ns):            -1.719                                                                          
  Arrival (ns):          11.276                                                                          
  Required (ns):         9.557                                                                           

