Resource Report
Microsemi Corporation - Microsemi Libero Software Release v11.9 SP1 (Version 11.9.1.0)
Date: Sat Nov 24 02:48:55 2018

Device Selection
+--------------------------------+----------------+
| Family                         | SmartFusion2   |
| Device                         | M2S025         |
| Package                        | 256 VF         |
| Speed Grade                    | -1             |
| Temp                           | 0:25:85        |
| Voltage                        | 1.26:1.20:1.14 |
| Core Voltage                   | 1.2V           |
| Ramp Rate                      | 100ms Minimum  |
| System Controller Suspend Mode | No             |
| PLL Supply Voltage             | 3.3V           |
| Default I/O technology         | LVCMOS 3.3V    |
| Restrict Probe Pins            | Yes            |
| Restrict SPI Pins              | No             |
+--------------------------------+----------------+

Source Files
+---------+------------------------------------------------------------------------+
| Topcell | creative                                                               |
| Format  | EDIF                                                                   |
| Source  | C:\GitHub\Reindeer\build\par\Microsemi\creative\synthesis\creative.edn |
+---------+------------------------------------------------------------------------+

Options
+----------------------------------------------------+-------+
| Enable Single Event Transient mitigation           | false |
| Enable Design Separation Methodology               | false |
| Limit the number of high fanout nets to display to | 10    |
+----------------------------------------------------+-------+

Resource Usage
+---------------------------+------+-------+------------+
| Type                      | Used | Total | Percentage |
+---------------------------+------+-------+------------+
| 4LUT                      | 4669 | 27696 | 16.86      |
| DFF                       | 3346 | 27696 | 12.08      |
| I/O Register              | 0    | 408   | 0.00       |
| User I/O                  | 5    | 136   | 3.68       |
| -- Single-ended I/O       | 5    | 136   | 3.68       |
| -- Differential I/O Pairs | 0    | 64    | 0.00       |
| RAM64x18                  | 2    | 34    | 5.88       |
| RAM1K18                   | 24   | 31    | 77.42      |
| MACC                      | 0    | 34    | 0.00       |
| Chip Globals              | 3    | 16    | 18.75      |
| CCC                       | 1    | 6     | 16.67      |
| RCOSC_25_50MHZ            | 0    | 1     | 0.00       |
| RCOSC_1MHZ                | 0    | 1     | 0.00       |
| XTLOSC                    | 0    | 1     | 0.00       |
| MSS                       | 0    | 1     | 0.00       |
+---------------------------+------+-------+------------+

Detailed Logic Resource Usage
+--------------------------+------+------+
| Type                     | 4LUT | DFF  |
+--------------------------+------+------+
| Fabric Logic             | 3733 | 2410 |
| RAM64x18 Interface Logic | 72   | 72   |
| RAM1K18 Interface Logic  | 864  | 864  |
| MACC Interface Logic     | 0    | 0    |
| Total Used               | 4669 | 3346 |
+--------------------------+------+------+

Detailed Carry Chains Resource Usage
+--------+------+
| Length | Used |
| 2      | 75   |
| 8      | 2    |
| 9      | 1    |
| 11     | 2    |
| 14     | 2    |
| 15     | 1    |
| 17     | 1    |
| 20     | 1    |
| 30     | 2    |
| 31     | 3    |
| 32     | 4    |
| 33     | 2    |
| 64     | 3    |
| 65     | 1    |
| Total  | 100  |
+--------+------+

I/O Function
+-------------------------------+--------------+-------------+-----------------+
| Type                          | w/o register | w/ register | w/ DDR register |
+-------------------------------+--------------+-------------+-----------------+
| Input I/O                     | 2            | 0           | 0               |
| Output I/O                    | 3            | 0           | 0               |
| Bidirectional I/O             | 0            | 0           | 0               |
| Differential Input I/O Pairs  | 0            | 0           | 0               |
| Differential Output I/O Pairs | 0            | 0           | 0               |
+-------------------------------+--------------+-------------+-----------------+

I/O Technology
+--------------+--------+------+-------+--------+---------------+
| I/O Standard | Vddi   | Vref | Input | Output | Bidirectional |
+--------------+--------+------+-------+--------+---------------+
| LVCMOS33     |  3.30v |  N/A |  2    |  3     |  0            |
+--------------+--------+------+-------+--------+---------------+

I/O Placement
+----------+-------+------------+
| Type     | Count | Percentage |
+----------+-------+------------+
| Locked   |  0    | 0.00%      |
| Placed   |  0    | 0.00%      |
| UnPlaced |  5    | 100.00%    |
+----------+-------+------------+

Nets assigned to chip global resources
+--------+---------+--------------------------------------------------------------------------+
| Fanout | Type    | Name                                                                     |
+--------+---------+--------------------------------------------------------------------------+
| 2440   | INT_NET | Net   : FCCC_0_GL0                                                       |
|        |         | Driver: FCCC_0/GL0_INST/U0_RGB1                                          |
|        |         | Source: NETLIST                                                          |
| 1902   | INT_NET | Net   : Reindeer_0/cpu_reset_RNIKJKK_0                                   |
|        |         | Driver: Reindeer_0/ocd_i_debug_coprocessor_i_cpu_reset_RNIKJKK_0/U0_RGB1 |
|        |         | Source: NETLIST                                                          |
| 507    | INT_NET | Net   : Reindeer_0/NN_2                                                  |
|        |         | Driver: Reindeer_0/reset_n_RNIGUS4/U0_RGB1                               |
|        |         | Source: NETLIST                                                          |
+--------+---------+--------------------------------------------------------------------------+

Nets assigned to row global resources
+--------+------+------+
| Fanout | Type | Name |
+--------+------+------+
+--------+------+------+

High fanout nets
+--------+---------+---------------------------------------------------------------------------------------------------------------------+
| Fanout | Type    | Name                                                                                                                |
+--------+---------+---------------------------------------------------------------------------------------------------------------------+
| 216    | INT_NET | Net   : Reindeer_0/exe_enable                                                                                       |
|        |         | Driver: Reindeer_0/PulseRain_RV2T_MCU_i.PulseRain_RV2T_core_i.RV2T_controller_i.current_state[6]                    |
| 151    | INT_NET | Net   : Reindeer_0/rs2[1]                                                                                           |
|        |         | Driver: Reindeer_0/PulseRain_RV2T_MCU_i.PulseRain_RV2T_core_i.RV2T_fetch_instruction_i.IR_out[21]                   |
| 143    | INT_NET | Net   : Reindeer_0/activate_exception                                                                               |
|        |         | Driver: Reindeer_0/PulseRain_RV2T_MCU_i.PulseRain_RV2T_core_i.RV2T_controller_i.current_state[12]                   |
| 132    | INT_NET | Net   : Reindeer_0/reply_enable                                                                                     |
|        |         | Driver: Reindeer_0/ocd_i.debug_coprocessor_i.reply_enable_out                                                       |
| 102    | INT_NET | Net   : Reindeer_0/fetch_init_2_Z                                                                                   |
|        |         | Driver: Reindeer_0/PulseRain_RV2T_MCU_i.PulseRain_RV2T_core_i.RV2T_controller_i.fetch_proc.fetch_init_2             |
| 99     | INT_NET | Net   : Reindeer_0/decode_IR_out[31]                                                                                |
|        |         | Driver: Reindeer_0/PulseRain_RV2T_MCU_i.PulseRain_RV2T_core_i.RV2T_instruction_decode_i.IR_out[31]                  |
| 97     | INT_NET | Net   : Reindeer_0/decode_ctl_load_Y_from_imm_12                                                                    |
|        |         | Driver: Reindeer_0/PulseRain_RV2T_MCU_i.PulseRain_RV2T_core_i.RV2T_instruction_decode_i.ctl_load_Y_from_imm_12_0_a4 |
| 97     | INT_NET | Net   : Reindeer_0/N_610_i                                                                                          |
|        |         | Driver: Reindeer_0/PulseRain_RV2T_MCU_i.PulseRain_RV2T_core_i.RV2T_reg_file_i.N_610_i                               |
| 92     | INT_NET | Net   : LED_RED_c                                                                                                   |
|        |         | Driver: Reindeer_0/PulseRain_RV2T_MCU_i.PulseRain_RV2T_core_i.RV2T_controller_i.current_state[1]                    |
| 86     | INT_NET | Net   : Reindeer_0/exe_data_to_storeoi[0]                                                                           |
|        |         | Driver: Reindeer_0/PulseRain_RV2T_MCU_i.PulseRain_RV2T_core_i.RV2T_execution_unit_i.Y_2[0]                          |
+--------+---------+---------------------------------------------------------------------------------------------------------------------+

High fanout nets (through buffer trees)
+--------+---------+---------------------------------------------------------------------------------------------------------------------+
| Fanout | Type    | Name                                                                                                                |
+--------+---------+---------------------------------------------------------------------------------------------------------------------+
| 216    | INT_NET | Net   : Reindeer_0/exe_enable                                                                                       |
|        |         | Driver: Reindeer_0/PulseRain_RV2T_MCU_i.PulseRain_RV2T_core_i.RV2T_controller_i.current_state[6]                    |
| 151    | INT_NET | Net   : Reindeer_0/rs2[1]                                                                                           |
|        |         | Driver: Reindeer_0/PulseRain_RV2T_MCU_i.PulseRain_RV2T_core_i.RV2T_fetch_instruction_i.IR_out[21]                   |
| 143    | INT_NET | Net   : Reindeer_0/activate_exception                                                                               |
|        |         | Driver: Reindeer_0/PulseRain_RV2T_MCU_i.PulseRain_RV2T_core_i.RV2T_controller_i.current_state[12]                   |
| 132    | INT_NET | Net   : Reindeer_0/reply_enable                                                                                     |
|        |         | Driver: Reindeer_0/ocd_i.debug_coprocessor_i.reply_enable_out                                                       |
| 102    | INT_NET | Net   : Reindeer_0/fetch_init_2_Z                                                                                   |
|        |         | Driver: Reindeer_0/PulseRain_RV2T_MCU_i.PulseRain_RV2T_core_i.RV2T_controller_i.fetch_proc.fetch_init_2             |
| 99     | INT_NET | Net   : Reindeer_0/decode_IR_out[31]                                                                                |
|        |         | Driver: Reindeer_0/PulseRain_RV2T_MCU_i.PulseRain_RV2T_core_i.RV2T_instruction_decode_i.IR_out[31]                  |
| 97     | INT_NET | Net   : Reindeer_0/decode_ctl_load_Y_from_imm_12                                                                    |
|        |         | Driver: Reindeer_0/PulseRain_RV2T_MCU_i.PulseRain_RV2T_core_i.RV2T_instruction_decode_i.ctl_load_Y_from_imm_12_0_a4 |
| 97     | INT_NET | Net   : Reindeer_0/N_610_i                                                                                          |
|        |         | Driver: Reindeer_0/PulseRain_RV2T_MCU_i.PulseRain_RV2T_core_i.RV2T_reg_file_i.N_610_i                               |
| 92     | INT_NET | Net   : LED_RED_c                                                                                                   |
|        |         | Driver: Reindeer_0/PulseRain_RV2T_MCU_i.PulseRain_RV2T_core_i.RV2T_controller_i.current_state[1]                    |
| 86     | INT_NET | Net   : Reindeer_0/exe_data_to_storeoi[0]                                                                           |
|        |         | Driver: Reindeer_0/PulseRain_RV2T_MCU_i.PulseRain_RV2T_core_i.RV2T_execution_unit_i.Y_2[0]                          |
+--------+---------+---------------------------------------------------------------------------------------------------------------------+

