# Synopsys Constraint Checker, version mapact, Build 2172R, built Oct 30 2017
# Copyright (C) 1994-2017 Synopsys, Inc. This Synopsys software and all associated documentation are proprietary to Synopsys, Inc. and may only be used pursuant to the terms and conditions of a written license agreement with Synopsys, Inc. All other use, reproduction, modification, or distribution of the Synopsys software or the associated documentation is strictly prohibited.

# Written on Sat Nov 24 01:07:25 2018


##### DESIGN INFO #######################################################

Top View:                "creative"
Constraint File(s):      "C:\GitHub\Reindeer\build\par\Microsemi\creative\designer\creative\synthesis.fdc"




##### SUMMARY ############################################################

Found 0 issues in 0 out of 2 constraints


##### DETAILS ############################################################



Clock Relationships
*******************

Starting       Ending         |     rise to rise     |     fall to fall     |     rise to fall     |     fall to rise                     
-----------------------------------------------------------------------------------------------------------------------------------------
FCCC_0/GL0     FCCC_0/GL0     |     6.250            |     No paths         |     No paths         |     No paths                         
=========================================================================================================================================
 Note: 'No paths' indicates there are no paths in the design for that pair of clock edges.
       'Diff grp' indicates that paths exist but the starting clock and ending clock are in different clock groups.


Unconstrained Start/End Points
******************************

p:LED_GREEN
p:LED_RED
p:RXD
p:TXD


Inapplicable constraints
************************

(none)


Applicable constraints with issues
**********************************

(none)


Constraints with matching wildcard expressions
**********************************************

(none)


Library Report
**************


# End of Constraint Checker Report
